[2025-03-17 16:40:36,419] 18 root - INFO - Models have been loaded..
[2025-03-17 16:40:38,436] 24 root - INFO - Arduino connected..
[2025-03-17 16:40:40,631] 95 root - INFO - Camera shot 'http://192.168.1.103/cam-hi.jpg' captured..
[2025-03-17 16:40:42,082] 59 root - INFO - Command 'O' received response: \U0001f680 System Ready. Waiting for commands....
[2025-03-17 16:40:42,121] 59 root - INFO - Command 'O' received response: Rotating Opening Plate Clockwise.
[2025-03-17 16:40:42,261] 59 root - INFO - Command 'O' received response: Opening Plate Stopped.
[2025-03-17 16:40:43,288] 59 root - INFO - Command 'O' received response: Rotating Opening Plate Counterclockwise.
[2025-03-17 16:40:43,421] 59 root - INFO - Command 'O' received response: Opening Plate Stopped.
[2025-03-17 16:40:44,417] 59 root - INFO - Command 'O' received response: Plate Rotation Completed.
[2025-03-17 16:40:46,481] 59 root - INFO - Command 'MOVE_SINGLE' received response: MOVE_SINGLE WITH SPEED ....
[2025-03-17 16:40:52,575] 113 root - INFO - Camera shot 'http://192.168.1.104/cam-hi.jpg' captured with bounding box.
[2025-03-17 16:41:04,771] 173 root - INFO - Ignored large bounding box: (8, 3, 341, 505) and class nonbiogasready.
[2025-03-17 16:41:06,777] 59 root - INFO - Command 'MOVE_MULTI' received response: Rotating plate at full speed....
[2025-03-17 16:41:10,937] 113 root - INFO - Camera shot 'http://192.168.1.104/cam-hi.jpg' captured with bounding box.
[2025-03-17 16:41:23,035] 173 root - INFO - Ignored large bounding box: (8, 1, 342, 588) and class nonbiogasready.
[2025-03-17 16:41:25,043] 59 root - INFO - Command 'MOVE_MULTI' received response: MOVE_MULTI WITHOUT SPEED.
[2025-03-17 16:41:29,203] 113 root - INFO - Camera shot 'http://192.168.1.104/cam-hi.jpg' captured with bounding box.
[2025-03-17 16:41:41,352] 173 root - INFO - Ignored large bounding box: (11, 2, 344, 513) and class nonbiogasready.
[2025-03-17 16:41:41,357] 59 root - INFO - Command 'FLAG_5' received response: Rotating plate at 50% speed....
[2025-03-17 16:41:43,362] 59 root - INFO - Command 'MOVE_MULTI' received response: MOVE_MULTI WITHOUT SPEED.
[2025-03-17 16:41:47,522] 113 root - INFO - Camera shot 'http://192.168.1.104/cam-hi.jpg' captured with bounding box.
[2025-03-17 16:41:59,624] 173 root - INFO - Ignored large bounding box: (0, 0, 342, 588) and class nonbiogasready.
[2025-03-17 16:41:59,624] 173 root - INFO - Ignored large bounding box: (266, 0, 678, 593) and class nonbiogasready.
[2025-03-17 16:41:59,629] 173 root - INFO - Ignored large bounding box: (84, 0, 683, 596) and class nonbiogasready.
[2025-03-17 16:41:59,636] 59 root - INFO - Command 'FLAG_5' received response: Rotating plate at 50% speed....
[2025-03-17 16:42:01,638] 59 root - INFO - Command 'MOVE_MULTI' received response: MOVE_MULTI WITHOUT SPEED.
