[2025-03-17 11:57:22,841] 18 root - INFO - Models have been loaded..
[2025-03-17 11:57:24,844] 24 root - INFO - Arduino connected..
[2025-03-17 11:57:27,045] 95 root - INFO - Camera shot 'http://192.168.1.103/cam-hi.jpg' captured..
[2025-03-17 11:57:30,456] 59 root - INFO - Command 'H' received response: \U0001f680 System Ready. Waiting for commands....
[2025-03-17 11:57:30,488] 59 root - INFO - Command 'H' received response: Hand Pressure Activated.
[2025-03-17 11:57:35,008] 59 root - INFO - Command 'C' received response: Cutter Complete.
[2025-03-17 11:57:36,026] 59 root - INFO - Command 'O' received response: Rotating Opening Plate Clockwise.
[2025-03-17 11:57:36,164] 59 root - INFO - Command 'O' received response: Opening Plate Stopped.
[2025-03-17 11:57:37,191] 59 root - INFO - Command 'O' received response: Rotating Opening Plate Counterclockwise.
[2025-03-17 11:57:37,328] 59 root - INFO - Command 'O' received response: Opening Plate Stopped.
[2025-03-17 11:57:38,330] 59 root - INFO - Command 'O' received response: Plate Rotation Completed.
[2025-03-17 11:57:40,390] 59 root - INFO - Command 'MOVE_SINGLE' received response: MOVE_SINGLE WITH SPEED ....
[2025-03-17 11:57:50,717] 113 root - INFO - Camera shot 'http://192.168.1.104/cam-hi.jpg' captured with bounding box.
[2025-03-17 11:58:02,901] 173 root - INFO - Ignored large bounding box: (3, 0, 700, 600).
[2025-03-17 11:58:02,901] 173 root - INFO - Ignored large bounding box: (9, 0, 333, 591).
[2025-03-17 11:58:03,007] 76 root - INFO - Response 'â\x9c\x85 Flag received: 5' sent..
[2025-03-17 11:58:10,170] 113 root - INFO - Camera shot 'http://192.168.1.104/cam-hi.jpg' captured with bounding box.
[2025-03-17 11:58:22,277] 173 root - INFO - Ignored large bounding box: (2, 0, 710, 600).
[2025-03-17 11:58:22,279] 173 root - INFO - Ignored large bounding box: (8, 3, 334, 589).
[2025-03-17 11:58:22,364] 76 root - INFO - Response 'â\x9c\x85 Flag received: 5' sent..
[2025-03-17 11:58:29,547] 113 root - INFO - Camera shot 'http://192.168.1.104/cam-hi.jpg' captured with bounding box.
[2025-03-17 11:58:41,642] 173 root - INFO - Ignored large bounding box: (2, 0, 686, 600).
[2025-03-17 11:58:41,644] 173 root - INFO - Ignored large bounding box: (6, 2, 334, 600).
[2025-03-17 11:58:41,771] 76 root - INFO - Response 'â\x9c\x85 Flag received: 5' sent..
[2025-03-17 11:58:48,879] 113 root - INFO - Camera shot 'http://192.168.1.104/cam-hi.jpg' captured with bounding box.
[2025-03-17 11:59:00,981] 173 root - INFO - Ignored large bounding box: (7, 1, 339, 598).
[2025-03-17 11:59:02,984] 59 root - INFO - Command 'MOVE_MULTI' received response: Rotating plate at full speed....
