[2025-02-20 17:07:10,290] 18 root - INFO - models been read..
[2025-02-20 17:07:12,300] 24 root - INFO - arduino got connected..
[2025-02-20 17:07:14,478] 68 root - INFO - camera shot '{cam_url}' done successfully.
[2025-02-20 17:07:15,842] 80 root - INFO - Class detected: {detected_class}.
[2025-02-20 17:07:15,842] 97 root - INFO - first camera did its work.
[2025-02-20 17:07:16,846] 42 root - INFO - Command '{cmd}' been sent to arduino.
[2025-02-20 17:07:18,849] 42 root - INFO - Command '{cmd}' been sent to arduino.
[2025-02-20 17:07:20,857] 42 root - INFO - Command '{cmd}' been sent to arduino.
[2025-02-20 17:07:23,862] 42 root - INFO - Command '{cmd}' been sent to arduino.
[2025-02-20 17:07:27,051] 68 root - INFO - camera shot '{cam_url}' done successfully.
[2025-02-20 17:07:29,269] 42 root - INFO - Command '{cmd}' been sent to arduino.
[2025-02-20 17:07:33,276] 42 root - INFO - Command '{cmd}' been sent to arduino.
[2025-02-20 17:07:35,322] 42 root - INFO - Command '{cmd}' been sent to arduino.
[2025-02-20 17:07:38,394] 68 root - INFO - camera shot '{cam_url}' done successfully.
[2025-02-20 17:07:38,774] 50 root - INFO - response '{response.text}' been sent..
[2025-02-20 17:07:38,775] 138 root - INFO - {selected_flag} been sent.
[2025-02-20 17:07:39,777] 42 root - INFO - Command '{cmd}' been sent to arduino.
[2025-02-20 17:07:43,797] 42 root - INFO - Command '{cmd}' been sent to arduino.
[2025-02-20 17:07:45,799] 42 root - INFO - Command '{cmd}' been sent to arduino.
[2025-02-20 17:07:49,116] 68 root - INFO - camera shot '{cam_url}' done successfully.
[2025-02-20 17:07:49,290] 50 root - INFO - response '{response.text}' been sent..
[2025-02-20 17:07:49,290] 138 root - INFO - {selected_flag} been sent.
[2025-02-20 17:07:51,296] 42 root - INFO - Command '{cmd}' been sent to arduino.
[2025-02-20 17:07:55,310] 42 root - INFO - Command '{cmd}' been sent to arduino.
[2025-02-20 17:07:58,317] 42 root - INFO - Command '{cmd}' been sent to arduino.
[2025-02-20 17:08:01,433] 68 root - INFO - camera shot '{cam_url}' done successfully.
[2025-02-20 17:08:01,602] 50 root - INFO - response '{response.text}' been sent..
[2025-02-20 17:08:01,602] 138 root - INFO - {selected_flag} been sent.
[2025-02-20 17:08:02,614] 42 root - INFO - Command '{cmd}' been sent to arduino.
[2025-02-20 17:08:06,633] 42 root - INFO - Command '{cmd}' been sent to arduino.
