[2025-03-12 12:54:36,843] 18 root - INFO - Models have been loaded..
[2025-03-12 12:54:38,846] 24 root - INFO - Arduino connected..
[2025-03-12 12:54:41,106] 93 root - INFO - Camera shot 'http://192.168.1.103/cam-hi.jpg' captured with bounding box.
[2025-03-12 12:54:43,755] 59 root - INFO - Command 'O' received response: \U0001f680 System Ready. Waiting for commands....
[2025-03-12 12:54:43,792] 59 root - INFO - Command 'O' received response: Rotating Opening Plate Clockwise.
[2025-03-12 12:54:43,932] 59 root - INFO - Command 'O' received response: Opening Plate Stopped.
[2025-03-12 12:54:44,958] 59 root - INFO - Command 'O' received response: Rotating Opening Plate Counterclockwise.
[2025-03-12 12:54:45,091] 59 root - INFO - Command 'O' received response: Opening Plate Stopped.
[2025-03-12 12:54:46,102] 59 root - INFO - Command 'O' received response: Plate Rotation Completed.
[2025-03-12 12:54:48,153] 59 root - INFO - Command 'MOVE_SINGLE' received response: MOVE_SINGLE WITH SPEED ....
[2025-03-12 12:54:58,360] 110 root - INFO - Camera shot 'http://192.168.1.104/cam-hi.jpg' captured with bounding box.
[2025-03-12 12:55:10,718] 167 root - INFO - Ignored large bounding box: (7, 3, 343, 599).
[2025-03-12 12:55:10,719] 167 root - INFO - Ignored large bounding box: (1, 0, 699, 600).
[2025-03-12 12:55:10,722] 167 root - INFO - Ignored large bounding box: (299, 16, 685, 600).
[2025-03-12 12:55:10,728] 59 root - INFO - Command 'MOVE_MULTI' received response: Rotating plate at full speed....
[2025-03-12 12:55:20,151] 110 root - INFO - Camera shot 'http://192.168.1.104/cam-hi.jpg' captured with bounding box.
[2025-03-12 12:55:32,390] 167 root - INFO - Ignored large bounding box: (2, 0, 691, 599).
[2025-03-12 12:55:32,392] 167 root - INFO - Ignored large bounding box: (314, 5, 686, 597).
[2025-03-12 12:55:32,394] 167 root - INFO - Ignored large bounding box: (5, 0, 388, 598).
[2025-03-12 12:55:32,400] 59 root - INFO - Command 'MOVE_MULTI' received response: MOVE_MULTI WITHOUT SPEED.
[2025-03-12 12:55:42,678] 110 root - INFO - Camera shot 'http://192.168.1.104/cam-hi.jpg' captured with bounding box.
[2025-03-12 12:55:54,907] 167 root - INFO - Ignored large bounding box: (7, 0, 341, 600).
[2025-03-12 12:55:54,909] 167 root - INFO - Ignored large bounding box: (321, 25, 702, 597).
[2025-03-12 12:55:54,911] 167 root - INFO - Ignored large bounding box: (1, 0, 697, 600).
[2025-03-12 12:55:54,916] 59 root - INFO - Command 'MOVE_MULTI' received response: Resuming MULTI_SINGLE....
[2025-03-12 12:56:04,098] 110 root - INFO - Camera shot 'http://192.168.1.104/cam-hi.jpg' captured with bounding box.
[2025-03-12 12:56:16,334] 167 root - INFO - Ignored large bounding box: (7, 5, 342, 594).
[2025-03-12 12:56:16,336] 167 root - INFO - Ignored large bounding box: (5, 0, 691, 600).
[2025-03-12 12:56:16,342] 59 root - INFO - Command 'MOVE_MULTI' received response: Rotating plate at 50% speed....
