[2025-03-12 17:21:52,524] 18 root - INFO - Models have been loaded..
[2025-03-12 17:21:54,528] 24 root - INFO - Arduino connected..
[2025-03-12 17:21:57,210] 95 root - INFO - Camera shot 'http://192.168.1.103/cam-hi.jpg' captured..
[2025-03-12 17:22:02,456] 59 root - INFO - Command 'H' received response: \U0001f680 System Ready. Waiting for commands....
[2025-03-12 17:22:02,484] 59 root - INFO - Command 'H' received response: Hand Pressure Activated.
[2025-03-12 17:22:07,004] 59 root - INFO - Command 'C' received response: Cutter Complete.
[2025-03-12 17:22:08,025] 59 root - INFO - Command 'O' received response: Rotating Opening Plate Clockwise.
[2025-03-12 17:22:08,166] 59 root - INFO - Command 'O' received response: Opening Plate Stopped.
[2025-03-12 17:22:09,191] 59 root - INFO - Command 'O' received response: Rotating Opening Plate Counterclockwise.
[2025-03-12 17:22:09,324] 59 root - INFO - Command 'O' received response: Opening Plate Stopped.
[2025-03-12 17:22:10,334] 59 root - INFO - Command 'O' received response: Plate Rotation Completed.
[2025-03-12 17:22:12,384] 59 root - INFO - Command 'MOVE_SINGLE' received response: MOVE_SINGLE WITH SPEED ....
[2025-03-12 17:22:25,531] 113 root - INFO - Camera shot 'http://192.168.1.104/cam-hi.jpg' captured with bounding box.
[2025-03-12 17:22:37,889] 173 root - INFO - Ignored large bounding box: (0, 4, 706, 600).
[2025-03-12 17:22:38,040] 76 root - INFO - Response 'â\x9c\x85 Flag received: 5' sent..
[2025-03-12 17:22:38,044] 59 root - INFO - Command 'FLAG_RESET' received response: Rotating plate at full speed....
[2025-03-12 17:22:45,976] 113 root - INFO - Camera shot 'http://192.168.1.104/cam-hi.jpg' captured with bounding box.
[2025-03-12 17:22:58,200] 173 root - INFO - Ignored large bounding box: (3, 0, 681, 599).
[2025-03-12 17:22:58,382] 76 root - INFO - Response 'â\x9c\x85 Flag received: 5' sent..
[2025-03-12 17:22:58,385] 59 root - INFO - Command 'FLAG_RESET' received response: Flag reset. Flag action can run again..
[2025-03-12 17:23:05,932] 113 root - INFO - Camera shot 'http://192.168.1.104/cam-hi.jpg' captured with bounding box.
[2025-03-12 17:23:18,113] 173 root - INFO - Ignored large bounding box: (0, 17, 685, 598).
[2025-03-12 17:23:18,114] 173 root - INFO - Ignored large bounding box: (10, 3, 344, 522).
[2025-03-12 17:23:18,115] 173 root - INFO - Ignored large bounding box: (300, 21, 684, 596).
[2025-03-12 17:23:18,234] 76 root - INFO - Response 'â\x9c\x85 Flag received: 5' sent..
[2025-03-12 17:23:18,236] 59 root - INFO - Command 'FLAG_RESET' received response: Flag reset. Flag action can run again..
[2025-03-12 17:23:25,534] 113 root - INFO - Camera shot 'http://192.168.1.104/cam-hi.jpg' captured with bounding box.
[2025-03-12 17:23:37,746] 173 root - INFO - Ignored large bounding box: (9, 2, 343, 517).
[2025-03-12 17:23:37,748] 173 root - INFO - Ignored large bounding box: (304, 27, 690, 600).
[2025-03-12 17:23:37,830] 76 root - INFO - Response 'â\x9c\x85 Flag received: 5' sent..
[2025-03-12 17:23:37,833] 59 root - INFO - Command 'FLAG_RESET' received response: Flag reset. Flag action can run again..
