[2025-03-17 16:42:56,662] 18 root - INFO - Models have been loaded..
[2025-03-17 16:42:58,674] 24 root - INFO - Arduino connected..
[2025-03-17 16:43:00,807] 95 root - INFO - Camera shot 'http://192.168.1.103/cam-hi.jpg' captured..
[2025-03-17 16:43:02,182] 59 root - INFO - Command 'O' received response: \U0001f680 System Ready. Waiting for commands....
[2025-03-17 16:43:02,221] 59 root - INFO - Command 'O' received response: Rotating Opening Plate Clockwise.
[2025-03-17 16:43:02,356] 59 root - INFO - Command 'O' received response: Opening Plate Stopped.
[2025-03-17 16:43:03,383] 59 root - INFO - Command 'O' received response: Rotating Opening Plate Counterclockwise.
[2025-03-17 16:43:03,517] 59 root - INFO - Command 'O' received response: Opening Plate Stopped.
[2025-03-17 16:43:04,524] 59 root - INFO - Command 'O' received response: Plate Rotation Completed.
[2025-03-17 16:43:06,575] 59 root - INFO - Command 'MOVE_SINGLE' received response: MOVE_SINGLE WITH SPEED ....
[2025-03-17 16:43:12,655] 113 root - INFO - Camera shot 'http://192.168.1.104/cam-hi.jpg' captured with bounding box.
[2025-03-17 16:43:24,857] 173 root - INFO - Ignored large bounding box: (8, 0, 341, 584) and class nonbiogasready.
[2025-03-17 16:43:24,859] 173 root - INFO - Ignored large bounding box: (0, 0, 682, 600) and class nonbiogasready.
[2025-03-17 16:43:26,862] 59 root - INFO - Command 'MOVE_MULTI' received response: Rotating plate at full speed....
[2025-03-17 16:43:31,014] 113 root - INFO - Camera shot 'http://192.168.1.104/cam-hi.jpg' captured with bounding box.
[2025-03-17 16:43:43,105] 173 root - INFO - Ignored large bounding box: (7, 0, 339, 598) and class nonbiogasready.
[2025-03-17 16:43:43,108] 173 root - INFO - Ignored large bounding box: (4, 0, 678, 599) and class nonbiogasready.
[2025-03-17 16:43:43,109] 173 root - INFO - Ignored large bounding box: (283, 0, 685, 599) and class nonbiogasready.
[2025-03-17 16:43:45,111] 59 root - INFO - Command 'MOVE_MULTI' received response: MOVE_MULTI WITHOUT SPEED.
[2025-03-17 16:43:49,244] 113 root - INFO - Camera shot 'http://192.168.1.104/cam-hi.jpg' captured with bounding box.
[2025-03-17 16:44:01,340] 173 root - INFO - Ignored large bounding box: (5, 0, 343, 596) and class nonbiogasready.
[2025-03-17 16:44:01,340] 173 root - INFO - Ignored large bounding box: (2, 0, 675, 600) and class nonbiogasready.
[2025-03-17 16:44:01,352] 59 root - INFO - Command 'FLAG_5' received response: Rotating plate at 50% speed....
[2025-03-17 16:44:03,354] 59 root - INFO - Command 'MOVE_MULTI' received response: MOVE_MULTI WITHOUT SPEED.
[2025-03-17 16:44:07,479] 113 root - INFO - Camera shot 'http://192.168.1.104/cam-hi.jpg' captured with bounding box.
[2025-03-17 16:44:19,631] 173 root - INFO - Ignored large bounding box: (0, 0, 676, 600) and class nonbiogasready.
[2025-03-17 16:44:19,631] 173 root - INFO - Ignored large bounding box: (0, 0, 344, 568) and class nonbiogasready.
[2025-03-17 16:44:21,638] 59 root - INFO - Command 'MOVE_MULTI' received response: Rotating plate at 50% speed....
