[2025-03-17 12:10:01,819] 18 root - INFO - Models have been loaded..
[2025-03-17 12:10:03,823] 24 root - INFO - Arduino connected..
[2025-03-17 12:10:05,931] 95 root - INFO - Camera shot 'http://192.168.1.103/cam-hi.jpg' captured..
[2025-03-17 12:10:09,349] 59 root - INFO - Command 'H' received response: \U0001f680 System Ready. Waiting for commands....
[2025-03-17 12:10:09,381] 59 root - INFO - Command 'H' received response: Hand Pressure Activated.
[2025-03-17 12:10:13,893] 59 root - INFO - Command 'C' received response: Cutter Complete.
[2025-03-17 12:10:14,922] 59 root - INFO - Command 'O' received response: Rotating Opening Plate Clockwise.
[2025-03-17 12:10:15,055] 59 root - INFO - Command 'O' received response: Opening Plate Stopped.
[2025-03-17 12:10:16,074] 59 root - INFO - Command 'O' received response: Rotating Opening Plate Counterclockwise.
[2025-03-17 12:10:16,218] 59 root - INFO - Command 'O' received response: Opening Plate Stopped.
[2025-03-17 12:10:17,218] 59 root - INFO - Command 'O' received response: Plate Rotation Completed.
[2025-03-17 12:10:19,271] 59 root - INFO - Command 'MOVE_SINGLE' received response: MOVE_SINGLE WITH SPEED ....
[2025-03-17 12:10:29,664] 113 root - INFO - Camera shot 'http://192.168.1.104/cam-hi.jpg' captured with bounding box.
[2025-03-17 12:10:41,852] 173 root - INFO - Ignored large bounding box: (4, 0, 343, 600).
[2025-03-17 12:10:41,852] 173 root - INFO - Ignored large bounding box: (0, 3, 663, 599).
[2025-03-17 12:10:42,067] 76 root - INFO - Response 'â\x9c\x85 Flag received: 5' sent..
[2025-03-17 12:10:49,179] 113 root - INFO - Camera shot 'http://192.168.1.104/cam-hi.jpg' captured with bounding box.
[2025-03-17 12:11:01,304] 173 root - INFO - Ignored large bounding box: (1, 8, 669, 598).
[2025-03-17 12:11:01,304] 173 root - INFO - Ignored large bounding box: (4, 0, 343, 597).
[2025-03-17 12:11:03,312] 59 root - INFO - Command 'MOVE_MULTI' received response: Rotating plate at full speed....
[2025-03-17 12:11:10,474] 113 root - INFO - Camera shot 'http://192.168.1.104/cam-hi.jpg' captured with bounding box.
[2025-03-17 12:11:22,592] 173 root - INFO - Ignored large bounding box: (1, 0, 343, 599).
[2025-03-17 12:11:22,594] 173 root - INFO - Ignored large bounding box: (0, 0, 693, 599).
[2025-03-17 12:11:24,596] 59 root - INFO - Command 'MOVE_MULTI' received response: MOVE_MULTI WITHOUT SPEED.
[2025-03-17 12:11:31,780] 113 root - INFO - Camera shot 'http://192.168.1.104/cam-hi.jpg' captured with bounding box.
[2025-03-17 12:11:43,884] 173 root - INFO - Ignored large bounding box: (0, 0, 733, 600).
[2025-03-17 12:11:43,884] 173 root - INFO - Ignored large bounding box: (1, 2, 342, 584).
[2025-03-17 12:11:45,888] 59 root - INFO - Command 'MOVE_MULTI' received response: Rotating plate at 50% speed....
