[2025-02-26 16:34:43,052] 18 root - INFO - models been read..
[2025-02-26 16:34:45,054] 24 root - INFO - arduino got connected..
[2025-02-26 16:34:47,847] 68 root - INFO - camera shot '{cam_url}' done successfully.
[2025-02-26 16:34:49,247] 80 root - INFO - Class detected: {detected_class}.
[2025-02-26 16:34:49,248] 97 root - INFO - first camera did its work.
[2025-02-26 16:34:50,251] 42 root - INFO - Command '{cmd}' been sent to arduino.
[2025-02-26 16:34:52,269] 42 root - INFO - Command '{cmd}' been sent to arduino.
[2025-02-26 16:34:53,315] 42 root - INFO - Command '{cmd}' been sent to arduino.
[2025-02-26 16:34:56,321] 42 root - INFO - Command '{cmd}' been sent to arduino.
[2025-02-26 16:34:59,534] 68 root - INFO - camera shot '{cam_url}' done successfully.
[2025-02-26 16:34:59,891] 50 root - INFO - response '{response.text}' been sent..
[2025-02-26 16:34:59,891] 136 root - INFO - {selected_flag} been sent.
[2025-02-26 16:35:00,895] 42 root - INFO - Command '{cmd}' been sent to arduino.
[2025-02-26 16:35:03,901] 42 root - INFO - Command '{cmd}' been sent to arduino.
[2025-02-26 16:35:05,906] 42 root - INFO - Command '{cmd}' been sent to arduino.
[2025-02-26 16:35:09,053] 68 root - INFO - camera shot '{cam_url}' done successfully.
[2025-02-26 16:35:09,228] 50 root - INFO - response '{response.text}' been sent..
[2025-02-26 16:35:09,229] 136 root - INFO - {selected_flag} been sent.
[2025-02-26 16:35:10,233] 42 root - INFO - Command '{cmd}' been sent to arduino.
[2025-02-26 16:35:13,239] 42 root - INFO - Command '{cmd}' been sent to arduino.
[2025-02-26 16:35:16,258] 42 root - INFO - Command '{cmd}' been sent to arduino.
[2025-02-26 16:35:19,402] 68 root - INFO - camera shot '{cam_url}' done successfully.
[2025-02-26 16:35:20,511] 42 root - INFO - Command '{cmd}' been sent to arduino.
[2025-02-26 16:35:24,530] 42 root - INFO - Command '{cmd}' been sent to arduino.
[2025-02-26 16:35:27,551] 42 root - INFO - Command '{cmd}' been sent to arduino.
[2025-02-26 16:35:30,705] 68 root - INFO - camera shot '{cam_url}' done successfully.
[2025-02-26 16:35:30,919] 50 root - INFO - response '{response.text}' been sent..
[2025-02-26 16:35:30,919] 136 root - INFO - {selected_flag} been sent.
[2025-02-26 16:35:32,933] 42 root - INFO - Command '{cmd}' been sent to arduino.
[2025-02-26 16:35:35,940] 42 root - INFO - Command '{cmd}' been sent to arduino.
