[2025-03-17 12:39:32,068] 18 root - INFO - Models have been loaded..
[2025-03-17 12:39:34,079] 24 root - INFO - Arduino connected..
[2025-03-17 12:39:36,266] 95 root - INFO - Camera shot 'http://192.168.1.103/cam-hi.jpg' captured..
[2025-03-17 12:39:40,945] 59 root - INFO - Command 'H' received response: \U0001f680 System Ready. Waiting for commands....
[2025-03-17 12:39:40,978] 59 root - INFO - Command 'H' received response: Hand Pressure Activated.
[2025-03-17 12:39:45,484] 59 root - INFO - Command 'C' received response: Cutter Complete.
[2025-03-17 12:39:46,512] 59 root - INFO - Command 'O' received response: Rotating Opening Plate Clockwise.
[2025-03-17 12:39:46,657] 59 root - INFO - Command 'O' received response: Opening Plate Stopped.
[2025-03-17 12:39:47,680] 59 root - INFO - Command 'O' received response: Rotating Opening Plate Counterclockwise.
[2025-03-17 12:39:47,812] 59 root - INFO - Command 'O' received response: Opening Plate Stopped.
[2025-03-17 12:39:48,822] 59 root - INFO - Command 'O' received response: Plate Rotation Completed.
[2025-03-17 12:39:50,870] 59 root - INFO - Command 'MOVE_SINGLE' received response: MOVE_SINGLE WITH SPEED ....
[2025-03-17 12:40:01,053] 113 root - INFO - Camera shot 'http://192.168.1.104/cam-hi.jpg' captured with bounding box.
[2025-03-17 12:40:13,401] 173 root - INFO - Ignored large bounding box: (8, 0, 339, 599).
[2025-03-17 12:40:13,404] 173 root - INFO - Ignored large bounding box: (0, 1, 656, 596).
[2025-03-17 12:40:14,408] 59 root - INFO - Command 'MOVE_MULTI' received response: Rotating plate at full speed....
[2025-03-17 12:40:21,813] 113 root - INFO - Camera shot 'http://192.168.1.104/cam-hi.jpg' captured with bounding box.
[2025-03-17 12:40:34,055] 173 root - INFO - Ignored large bounding box: (6, 0, 341, 600).
[2025-03-17 12:40:34,055] 173 root - INFO - Ignored large bounding box: (0, 0, 672, 600).
[2025-03-17 12:40:35,061] 59 root - INFO - Command 'MOVE_MULTI' received response: MOVE_MULTI WITHOUT SPEED.
[2025-03-17 12:40:42,191] 113 root - INFO - Camera shot 'http://192.168.1.104/cam-hi.jpg' captured with bounding box.
[2025-03-17 12:40:54,475] 173 root - INFO - Ignored large bounding box: (7, 2, 342, 600).
[2025-03-17 12:40:54,479] 173 root - INFO - Ignored large bounding box: (2, 0, 669, 600).
[2025-03-17 12:40:55,482] 59 root - INFO - Command 'MOVE_MULTI' received response: Rotating plate at 50% speed....
[2025-03-17 12:41:02,731] 113 root - INFO - Camera shot 'http://192.168.1.104/cam-hi.jpg' captured with bounding box.
[2025-03-17 12:41:14,963] 173 root - INFO - Ignored large bounding box: (9, 1, 338, 600).
[2025-03-17 12:41:15,968] 59 root - INFO - Command 'MOVE_MULTI' received response: hello chutiya.
