[2025-02-28 14:21:35,759] 20 root - INFO - models been read..
[2025-02-28 14:21:37,761] 26 root - INFO - arduino got connected..
[2025-02-28 14:21:41,369] 70 root - INFO - camera shot '{cam_url}' done successfully.
[2025-02-28 14:21:43,746] 44 root - INFO - Command 'O' been sent to arduino.
[2025-02-28 14:21:46,754] 44 root - INFO - Command 'MOVE' been sent to arduino.
[2025-02-28 14:21:54,626] 70 root - INFO - camera shot '{cam_url}' done successfully.
[2025-02-28 14:21:55,815] 44 root - INFO - Command 'HAND_MOTOR:[]' been sent to arduino.
[2025-02-28 14:21:58,822] 44 root - INFO - Command 'HAND_MOTOR:RESET' been sent to arduino.
[2025-02-28 14:22:00,827] 44 root - INFO - Command 'MOVE' been sent to arduino.
[2025-02-28 14:22:09,757] 70 root - INFO - camera shot '{cam_url}' done successfully.
[2025-02-28 14:22:10,014] 52 root - INFO - response '{response.text}' been sent..
[2025-02-28 14:22:10,014] 147 root - INFO - 5 been sent.
[2025-02-28 14:22:11,018] 44 root - INFO - Command 'HAND_MOTOR:[5]' been sent to arduino.
[2025-02-28 14:22:14,024] 44 root - INFO - Command 'HAND_MOTOR:RESET' been sent to arduino.
[2025-02-28 14:22:16,463] 44 root - INFO - Command 'MOVE' been sent to arduino.
[2025-02-28 14:22:21,603] 70 root - INFO - camera shot '{cam_url}' done successfully.
[2025-02-28 14:22:23,703] 44 root - INFO - Command 'HAND_MOTOR:[]' been sent to arduino.
[2025-02-28 14:22:27,713] 44 root - INFO - Command 'HAND_MOTOR:RESET' been sent to arduino.
[2025-02-28 14:22:29,720] 44 root - INFO - Command 'MOVE' been sent to arduino.
[2025-02-28 14:22:37,860] 70 root - INFO - camera shot '{cam_url}' done successfully.
[2025-02-28 14:22:39,959] 44 root - INFO - Command 'HAND_MOTOR:[]' been sent to arduino.
[2025-02-28 14:22:43,974] 44 root - INFO - Command 'HAND_MOTOR:RESET' been sent to arduino.
