[2025-03-13 12:37:05,372] 18 root - INFO - Models have been loaded..
[2025-03-13 12:37:07,376] 24 root - INFO - Arduino connected..
[2025-03-13 12:37:09,465] 95 root - INFO - Camera shot 'http://192.168.1.103/cam-hi.jpg' captured..
[2025-03-13 12:37:10,878] 59 root - INFO - Command 'O' received response: \U0001f680 System Ready. Waiting for commands....
[2025-03-13 12:37:10,917] 59 root - INFO - Command 'O' received response: Rotating Opening Plate Clockwise.
[2025-03-13 12:37:11,058] 59 root - INFO - Command 'O' received response: Opening Plate Stopped.
[2025-03-13 12:37:12,083] 59 root - INFO - Command 'O' received response: Rotating Opening Plate Counterclockwise.
[2025-03-13 12:37:12,217] 59 root - INFO - Command 'O' received response: Opening Plate Stopped.
[2025-03-13 12:37:13,226] 59 root - INFO - Command 'O' received response: Plate Rotation Completed.
[2025-03-13 12:37:15,276] 59 root - INFO - Command 'MOVE_SINGLE' received response: MOVE_SINGLE WITH SPEED ....
[2025-03-13 12:37:25,465] 113 root - INFO - Camera shot 'http://192.168.1.104/cam-hi.jpg' captured with bounding box.
[2025-03-13 12:37:37,657] 173 root - INFO - Ignored large bounding box: (4, 0, 699, 600).
[2025-03-13 12:37:37,659] 173 root - INFO - Ignored large bounding box: (9, 3, 342, 600).
[2025-03-13 12:37:37,664] 59 root - INFO - Command 'MOVE_MULTI' received response: Rotating plate at full speed....
[2025-03-13 12:37:46,860] 113 root - INFO - Camera shot 'http://192.168.1.104/cam-hi.jpg' captured with bounding box.
[2025-03-13 12:37:58,971] 173 root - INFO - Ignored large bounding box: (0, 1, 707, 600).
[2025-03-13 12:37:58,973] 173 root - INFO - Ignored large bounding box: (11, 0, 344, 600).
[2025-03-13 12:37:58,978] 59 root - INFO - Command 'MOVE_MULTI' received response: MOVE_MULTI WITHOUT SPEED.
[2025-03-13 12:38:08,203] 113 root - INFO - Camera shot 'http://192.168.1.104/cam-hi.jpg' captured with bounding box.
[2025-03-13 12:38:20,297] 173 root - INFO - Ignored large bounding box: (0, 3, 711, 600).
[2025-03-13 12:38:20,299] 173 root - INFO - Ignored large bounding box: (11, 0, 344, 600).
[2025-03-13 12:38:20,305] 59 root - INFO - Command 'MOVE_MULTI' received response: Resuming MULTI_SINGLE....
