[2025-02-28 14:44:07,850] 20 root - INFO - models been read..
[2025-02-28 14:44:09,853] 26 root - INFO - arduino got connected..
[2025-02-28 14:44:12,338] 70 root - INFO - camera shot '{cam_url}' done successfully.
[2025-02-28 14:44:14,746] 44 root - INFO - Command 'O' been sent to arduino.
[2025-02-28 14:44:17,753] 44 root - INFO - Command 'MOVE' been sent to arduino.
[2025-02-28 14:44:22,002] 70 root - INFO - camera shot '{cam_url}' done successfully.
[2025-02-28 14:44:22,433] 52 root - INFO - response '{response.text}' been sent..
[2025-02-28 14:44:22,434] 147 root - INFO - 4 been sent.
[2025-02-28 14:44:23,438] 44 root - INFO - Command 'HAND_MOTOR:[4, 4, 4, 4]' been sent to arduino.
[2025-02-28 14:44:26,444] 44 root - INFO - Command 'HAND_MOTOR:RESET' been sent to arduino.
[2025-02-28 14:44:28,450] 44 root - INFO - Command 'MOVE' been sent to arduino.
[2025-02-28 14:44:31,538] 70 root - INFO - camera shot '{cam_url}' done successfully.
[2025-02-28 14:44:31,707] 52 root - INFO - response '{response.text}' been sent..
[2025-02-28 14:44:31,708] 147 root - INFO - 4 been sent.
[2025-02-28 14:44:32,711] 44 root - INFO - Command 'HAND_MOTOR:[4, 4]' been sent to arduino.
[2025-02-28 14:44:35,716] 44 root - INFO - Command 'HAND_MOTOR:RESET' been sent to arduino.
[2025-02-28 14:44:37,723] 44 root - INFO - Command 'MOVE' been sent to arduino.
[2025-02-28 14:44:40,897] 70 root - INFO - camera shot '{cam_url}' done successfully.
[2025-02-28 14:44:41,119] 52 root - INFO - response '{response.text}' been sent..
[2025-02-28 14:44:41,120] 147 root - INFO - 4 been sent.
[2025-02-28 14:44:42,123] 44 root - INFO - Command 'HAND_MOTOR:[4, 4, 4]' been sent to arduino.
[2025-02-28 14:44:46,135] 44 root - INFO - Command 'HAND_MOTOR:RESET' been sent to arduino.
[2025-02-28 14:44:49,155] 44 root - INFO - Command 'MOVE' been sent to arduino.
[2025-02-28 14:44:52,249] 70 root - INFO - camera shot '{cam_url}' done successfully.
[2025-02-28 14:44:53,346] 44 root - INFO - Command 'HAND_MOTOR:[]' been sent to arduino.
[2025-02-28 14:44:57,357] 44 root - INFO - Command 'HAND_MOTOR:RESET' been sent to arduino.
