[2025-03-11 12:08:21,774] 18 root - INFO - Models have been loaded..
[2025-03-11 12:08:23,777] 24 root - INFO - Arduino connected..
[2025-03-11 12:08:26,680] 91 root - INFO - Camera shot 'http://192.168.1.103/cam-hi.jpg' captured with bounding box.
[2025-03-11 12:08:30,086] 57 root - INFO - Command 'H' received response: \U0001f680 System Ready. Waiting for commands....
[2025-03-11 12:08:30,115] 57 root - INFO - Command 'H' received response: Hand Pressure Activated.
[2025-03-11 12:08:34,633] 57 root - INFO - Command 'C' received response: Cutter Complete.
[2025-03-11 12:08:35,656] 57 root - INFO - Command 'O' received response: Rotating Opening Plate Clockwise.
[2025-03-11 12:08:35,798] 57 root - INFO - Command 'O' received response: Opening Plate Stopped.
[2025-03-11 12:08:36,823] 57 root - INFO - Command 'O' received response: Rotating Opening Plate Counterclockwise.
[2025-03-11 12:08:36,955] 57 root - INFO - Command 'O' received response: Opening Plate Stopped.
[2025-03-11 12:08:37,965] 57 root - INFO - Command 'O' received response: Plate Rotation Completed.
[2025-03-11 12:08:43,116] 108 root - INFO - Camera shot 'http://192.168.1.104/cam-hi.jpg' captured with bounding box.
[2025-03-11 12:08:43,165] 57 root - INFO - Command 'MOVE_SINGLE' received response: MOVE_SINGLE WITH SPEED ....
[2025-03-11 12:08:55,483] 73 root - INFO - Response 'â\x9c\x85 Flag received: 5' sent..
[2025-03-11 12:08:56,488] 57 root - INFO - Command 'MOVE_SINGLE' received response: Rotating plate at full speed....
[2025-03-11 12:09:02,492] 57 root - INFO - Command 'MOVE_MULTI' received response: MOVE_SINGLE WITH SPEED ....
[2025-03-11 12:09:04,636] 108 root - INFO - Camera shot 'http://192.168.1.104/cam-hi.jpg' captured with bounding box.
[2025-03-11 12:09:04,639] 57 root - INFO - Command 'MOVE_SINGLE' received response: Rotating plate at full speed....
[2025-03-11 12:09:16,933] 73 root - INFO - Response 'â\x9c\x85 Flag received: 5' sent..
[2025-03-11 12:09:17,938] 57 root - INFO - Command 'MOVE_SINGLE' received response: MOVE_MULTI WITHOUT SPEED.
[2025-03-11 12:09:23,942] 57 root - INFO - Command 'MOVE_MULTI' received response: Resuming MULTI_SINGLE....
[2025-03-11 12:09:26,056] 108 root - INFO - Camera shot 'http://192.168.1.104/cam-hi.jpg' captured with bounding box.
[2025-03-11 12:09:26,059] 57 root - INFO - Command 'MOVE_SINGLE' received response: Rotating plate at 50% speed....
[2025-03-11 12:09:38,160] 164 root - INFO - Ignored large bounding box: (66, 25, 784, 600).
[2025-03-11 12:09:38,258] 73 root - INFO - Response 'â\x9c\x85 Flag received: 5' sent..
[2025-03-11 12:09:39,262] 57 root - INFO - Command 'MOVE_SINGLE' received response: Resuming MULTI_SINGLE....
[2025-03-11 12:09:45,267] 57 root - INFO - Command 'MOVE_MULTI' received response: Rotating plate at 50% speed....
