[2025-03-13 11:45:33,666] 18 root - INFO - Models have been loaded..
[2025-03-13 11:45:35,669] 24 root - INFO - Arduino connected..
[2025-03-13 11:45:37,845] 95 root - INFO - Camera shot 'http://192.168.1.103/cam-hi.jpg' captured..
[2025-03-13 11:45:39,416] 59 root - INFO - Command 'O' received response: \U0001f680 System Ready. Waiting for commands....
[2025-03-13 11:45:39,455] 59 root - INFO - Command 'O' received response: Rotating Opening Plate Clockwise.
[2025-03-13 11:45:39,594] 59 root - INFO - Command 'O' received response: Opening Plate Stopped.
[2025-03-13 11:45:40,619] 59 root - INFO - Command 'O' received response: Rotating Opening Plate Counterclockwise.
[2025-03-13 11:45:40,751] 59 root - INFO - Command 'O' received response: Opening Plate Stopped.
[2025-03-13 11:45:41,760] 59 root - INFO - Command 'O' received response: Plate Rotation Completed.
[2025-03-13 11:45:43,808] 59 root - INFO - Command 'MOVE_SINGLE' received response: MOVE_SINGLE WITH SPEED ....
[2025-03-13 11:45:53,937] 113 root - INFO - Camera shot 'http://192.168.1.104/cam-hi.jpg' captured with bounding box.
[2025-03-13 11:46:06,153] 173 root - INFO - Ignored large bounding box: (12, 0, 695, 600).
[2025-03-13 11:46:06,154] 173 root - INFO - Ignored large bounding box: (2, 2, 349, 594).
[2025-03-13 11:46:06,326] 76 root - INFO - Response 'â\x9c\x85 Flag received: 5' sent..
[2025-03-13 11:46:06,327] 59 root - INFO - Command 'MOVE_MULTI' received response: Rotating plate at full speed....
[2025-03-13 11:46:15,410] 113 root - INFO - Camera shot 'http://192.168.1.104/cam-hi.jpg' captured with bounding box.
[2025-03-13 11:46:27,545] 173 root - INFO - Ignored large bounding box: (1, 0, 688, 600).
[2025-03-13 11:46:27,546] 173 root - INFO - Ignored large bounding box: (8, 1, 341, 580).
[2025-03-13 11:46:27,547] 59 root - INFO - Command 'MOVE_MULTI' received response: MOVE_MULTI WITHOUT SPEED.
[2025-03-13 11:46:36,724] 113 root - INFO - Camera shot 'http://192.168.1.104/cam-hi.jpg' captured with bounding box.
[2025-03-13 11:46:48,825] 173 root - INFO - Ignored large bounding box: (0, 0, 690, 600).
[2025-03-13 11:46:48,826] 173 root - INFO - Ignored large bounding box: (4, 1, 343, 576).
[2025-03-13 11:46:48,827] 59 root - INFO - Command 'MOVE_MULTI' received response: Resuming MULTI_SINGLE....
[2025-03-13 11:46:57,951] 113 root - INFO - Camera shot 'http://192.168.1.104/cam-hi.jpg' captured with bounding box.
[2025-03-13 11:47:10,053] 173 root - INFO - Ignored large bounding box: (6, 1, 345, 507).
[2025-03-13 11:47:10,055] 59 root - INFO - Command 'MOVE_MULTI' received response: Rotating plate at 50% speed....
