[2025-02-20 17:10:43,923] 18 root - INFO - models been read..
[2025-02-20 17:10:45,938] 24 root - INFO - arduino got connected..
[2025-02-20 17:10:48,126] 68 root - INFO - camera shot '{cam_url}' done successfully.
[2025-02-20 17:10:49,537] 80 root - INFO - Class detected: {detected_class}.
[2025-02-20 17:10:49,537] 97 root - INFO - first camera did its work.
[2025-02-20 17:10:50,548] 42 root - INFO - Command '{cmd}' been sent to arduino.
[2025-02-20 17:10:52,554] 42 root - INFO - Command '{cmd}' been sent to arduino.
[2025-02-20 17:10:54,559] 42 root - INFO - Command '{cmd}' been sent to arduino.
[2025-02-20 17:10:57,568] 42 root - INFO - Command '{cmd}' been sent to arduino.
[2025-02-20 17:11:00,726] 68 root - INFO - camera shot '{cam_url}' done successfully.
[2025-02-20 17:11:02,923] 42 root - INFO - Command '{cmd}' been sent to arduino.
[2025-02-20 17:11:06,927] 42 root - INFO - Command '{cmd}' been sent to arduino.
[2025-02-20 17:11:08,975] 42 root - INFO - Command '{cmd}' been sent to arduino.
[2025-02-20 17:11:12,171] 68 root - INFO - camera shot '{cam_url}' done successfully.
[2025-02-20 17:11:13,281] 42 root - INFO - Command '{cmd}' been sent to arduino.
[2025-02-20 17:11:17,295] 42 root - INFO - Command '{cmd}' been sent to arduino.
[2025-02-20 17:11:20,302] 42 root - INFO - Command '{cmd}' been sent to arduino.
[2025-02-20 17:11:23,377] 68 root - INFO - camera shot '{cam_url}' done successfully.
[2025-02-20 17:11:25,482] 42 root - INFO - Command '{cmd}' been sent to arduino.
[2025-02-20 17:11:29,491] 42 root - INFO - Command '{cmd}' been sent to arduino.
[2025-02-20 17:11:32,499] 42 root - INFO - Command '{cmd}' been sent to arduino.
[2025-02-20 17:11:35,631] 68 root - INFO - camera shot '{cam_url}' done successfully.
[2025-02-20 17:11:37,755] 42 root - INFO - Command '{cmd}' been sent to arduino.
[2025-02-20 17:11:41,763] 42 root - INFO - Command '{cmd}' been sent to arduino.
