[2025-03-12 12:51:56,276] 18 root - INFO - Models have been loaded..
[2025-03-12 12:51:58,279] 24 root - INFO - Arduino connected..
[2025-03-12 12:52:00,416] 95 root - INFO - Camera shot 'http://192.168.1.103/cam-hi.jpg' captured..
[2025-03-12 12:52:05,357] 59 root - INFO - Command 'H' received response: \U0001f680 System Ready. Waiting for commands....
[2025-03-12 12:52:05,386] 59 root - INFO - Command 'H' received response: Hand Pressure Activated.
[2025-03-12 12:52:09,904] 59 root - INFO - Command 'C' received response: Cutter Complete.
[2025-03-12 12:52:10,928] 59 root - INFO - Command 'O' received response: Rotating Opening Plate Clockwise.
[2025-03-12 12:52:11,068] 59 root - INFO - Command 'O' received response: Opening Plate Stopped.
[2025-03-12 12:52:12,092] 59 root - INFO - Command 'O' received response: Rotating Opening Plate Counterclockwise.
[2025-03-12 12:52:12,228] 59 root - INFO - Command 'O' received response: Opening Plate Stopped.
[2025-03-12 12:52:13,235] 59 root - INFO - Command 'O' received response: Plate Rotation Completed.
[2025-03-12 12:52:15,286] 59 root - INFO - Command 'MOVE_SINGLE' received response: MOVE_SINGLE WITH SPEED ....
[2025-03-12 12:52:27,354] 113 root - INFO - Camera shot 'http://192.168.1.104/cam-hi.jpg' captured with bounding box.
[2025-03-12 12:52:39,732] 173 root - INFO - Ignored large bounding box: (8, 0, 357, 500).
[2025-03-12 12:52:39,737] 59 root - INFO - Command 'MOVE_MULTI' received response: Rotating plate at full speed....
[2025-03-12 12:52:50,077] 113 root - INFO - Camera shot 'http://192.168.1.104/cam-hi.jpg' captured with bounding box.
[2025-03-12 12:53:02,301] 173 root - INFO - Ignored large bounding box: (0, 0, 719, 600).
[2025-03-12 12:53:02,517] 76 root - INFO - Response 'â\x9c\x85 Flag received: 4' sent..
[2025-03-12 12:53:03,521] 59 root - INFO - Command 'MOVE_SINGLE' received response: MOVE_MULTI WITHOUT SPEED.
[2025-03-12 12:53:09,525] 59 root - INFO - Command 'MOVE_MULTI' received response: Resuming MULTI_SINGLE....
[2025-03-12 12:53:16,705] 113 root - INFO - Camera shot 'http://192.168.1.104/cam-hi.jpg' captured with bounding box.
[2025-03-12 12:53:28,941] 173 root - INFO - Ignored large bounding box: (4, 0, 740, 600).
[2025-03-12 12:53:29,068] 76 root - INFO - Response 'â\x9c\x85 Flag received: 4' sent..
[2025-03-12 12:53:30,074] 59 root - INFO - Command 'MOVE_SINGLE' received response: Rotating plate at 50% speed....
[2025-03-12 12:53:36,078] 59 root - INFO - Command 'MOVE_MULTI' received response: Rotating plate at 50% speed....
[2025-03-12 12:53:43,273] 113 root - INFO - Camera shot 'http://192.168.1.104/cam-hi.jpg' captured with bounding box.
[2025-03-12 12:53:55,506] 173 root - INFO - Ignored large bounding box: (1, 2, 340, 600).
[2025-03-12 12:53:55,511] 59 root - INFO - Command 'MOVE_MULTI' received response: Resuming MULTI_SINGLE....
