[2025-03-12 17:10:58,659] 18 root - INFO - Models have been loaded..
[2025-03-12 17:11:00,662] 24 root - INFO - Arduino connected..
[2025-03-12 17:11:03,710] 95 root - INFO - Camera shot 'http://192.168.1.103/cam-hi.jpg' captured..
[2025-03-12 17:11:09,167] 59 root - INFO - Command 'H' received response: \U0001f680 System Ready. Waiting for commands....
[2025-03-12 17:11:09,196] 59 root - INFO - Command 'H' received response: Hand Pressure Activated.
[2025-03-12 17:11:13,715] 59 root - INFO - Command 'C' received response: Cutter Complete.
[2025-03-12 17:11:14,740] 59 root - INFO - Command 'O' received response: Rotating Opening Plate Clockwise.
[2025-03-12 17:11:14,881] 59 root - INFO - Command 'O' received response: Opening Plate Stopped.
[2025-03-12 17:11:15,904] 59 root - INFO - Command 'O' received response: Rotating Opening Plate Counterclockwise.
[2025-03-12 17:11:16,038] 59 root - INFO - Command 'O' received response: Opening Plate Stopped.
[2025-03-12 17:11:17,048] 59 root - INFO - Command 'O' received response: Plate Rotation Completed.
[2025-03-12 17:11:19,098] 59 root - INFO - Command 'MOVE_SINGLE' received response: MOVE_SINGLE WITH SPEED ....
[2025-03-12 17:11:29,804] 113 root - INFO - Camera shot 'http://192.168.1.104/cam-hi.jpg' captured with bounding box.
[2025-03-12 17:11:42,156] 173 root - INFO - Ignored large bounding box: (30, 5, 342, 519).
[2025-03-12 17:11:42,162] 59 root - INFO - Command 'MOVE_MULTI' received response: Rotating plate at full speed....
[2025-03-12 17:11:51,937] 113 root - INFO - Camera shot 'http://192.168.1.104/cam-hi.jpg' captured with bounding box.
[2025-03-12 17:12:04,340] 76 root - INFO - Response 'â\x9c\x85 Flag received: 5' sent..
[2025-03-12 17:12:04,343] 59 root - INFO - Command 'FLAG_RESET' received response: MOVE_MULTI WITHOUT SPEED.
[2025-03-12 17:12:11,691] 113 root - INFO - Camera shot 'http://192.168.1.104/cam-hi.jpg' captured with bounding box.
[2025-03-12 17:12:23,920] 173 root - INFO - Ignored large bounding box: (8, 0, 383, 570).
[2025-03-12 17:12:23,922] 173 root - INFO - Ignored large bounding box: (303, 7, 689, 596).
[2025-03-12 17:12:23,928] 59 root - INFO - Command 'MOVE_MULTI' received response: Resuming MULTI_SINGLE....
[2025-03-12 17:12:33,174] 113 root - INFO - Camera shot 'http://192.168.1.104/cam-hi.jpg' captured with bounding box.
[2025-03-12 17:12:45,364] 173 root - INFO - Ignored large bounding box: (316, 2, 685, 600).
[2025-03-12 17:12:45,366] 173 root - INFO - Ignored large bounding box: (11, 0, 342, 570).
[2025-03-12 17:12:45,371] 59 root - INFO - Command 'MOVE_MULTI' received response: Rotating plate at 50% speed....
