[2025-03-03 12:22:58,118] 18 root - INFO - models been read..
[2025-03-03 12:23:00,120] 24 root - INFO - arduino got connected..
[2025-03-03 12:23:03,316] 68 root - INFO - camera shot '{cam_url}' done successfully.
[2025-03-03 12:23:05,892] 42 root - INFO - Command 'O' been sent to arduino.
[2025-03-03 12:23:08,898] 42 root - INFO - Command 'MOVE' been sent to arduino.
[2025-03-03 12:23:12,047] 68 root - INFO - camera shot '{cam_url}' done successfully.
[2025-03-03 12:23:13,282] 42 root - INFO - Command 'HAND_MOTOR:[]' been sent to arduino.
[2025-03-03 12:23:16,290] 42 root - INFO - Command 'HAND_MOTOR:RESET' been sent to arduino.
[2025-03-03 12:23:18,296] 42 root - INFO - Command 'MOVE' been sent to arduino.
[2025-03-03 12:23:21,374] 68 root - INFO - camera shot '{cam_url}' done successfully.
[2025-03-03 12:23:21,712] 50 root - INFO - response '{response.text}' been sent..
[2025-03-03 12:23:21,713] 138 root - INFO - {selected_flag} been sent.
[2025-03-03 12:23:22,717] 42 root - INFO - Command 'HAND_MOTOR:[5]' been sent to arduino.
[2025-03-03 12:23:25,722] 42 root - INFO - Command 'HAND_MOTOR:RESET' been sent to arduino.
[2025-03-03 12:23:28,263] 42 root - INFO - Command 'MOVE' been sent to arduino.
[2025-03-03 12:23:31,389] 68 root - INFO - camera shot '{cam_url}' done successfully.
[2025-03-03 12:23:33,501] 42 root - INFO - Command 'HAND_MOTOR:[]' been sent to arduino.
[2025-03-03 12:23:37,507] 42 root - INFO - Command 'HAND_MOTOR:RESET' been sent to arduino.
[2025-03-03 12:23:40,526] 42 root - INFO - Command 'MOVE' been sent to arduino.
[2025-03-03 12:23:43,625] 68 root - INFO - camera shot '{cam_url}' done successfully.
[2025-03-03 12:23:44,725] 42 root - INFO - Command 'HAND_MOTOR:[]' been sent to arduino.
[2025-03-03 12:23:48,732] 42 root - INFO - Command 'HAND_MOTOR:RESET' been sent to arduino.
