[2025-02-28 14:37:30,378] 20 root - INFO - models been read..
[2025-02-28 14:37:32,380] 26 root - INFO - arduino got connected..
[2025-02-28 14:37:35,561] 70 root - INFO - camera shot '{cam_url}' done successfully.
[2025-02-28 14:37:37,009] 89 root - INFO - Class detected: {detected_class}.
[2025-02-28 14:37:38,014] 44 root - INFO - Command 'H' been sent to arduino.
[2025-02-28 14:37:40,019] 44 root - INFO - Command 'C' been sent to arduino.
[2025-02-28 14:37:42,024] 44 root - INFO - Command 'O' been sent to arduino.
[2025-02-28 14:37:45,030] 44 root - INFO - Command 'MOVE' been sent to arduino.
[2025-02-28 14:37:48,175] 70 root - INFO - camera shot '{cam_url}' done successfully.
[2025-02-28 14:37:48,532] 52 root - INFO - response '{response.text}' been sent..
[2025-02-28 14:37:48,533] 147 root - INFO - 5 been sent.
[2025-02-28 14:37:49,538] 44 root - INFO - Command 'HAND_MOTOR:[5]' been sent to arduino.
[2025-02-28 14:37:52,544] 44 root - INFO - Command 'HAND_MOTOR:RESET' been sent to arduino.
[2025-02-28 14:37:54,551] 44 root - INFO - Command 'MOVE' been sent to arduino.
[2025-02-28 14:37:57,832] 70 root - INFO - camera shot '{cam_url}' done successfully.
[2025-02-28 14:37:58,937] 44 root - INFO - Command 'HAND_MOTOR:[]' been sent to arduino.
[2025-02-28 14:38:01,943] 44 root - INFO - Command 'HAND_MOTOR:RESET' been sent to arduino.
[2025-02-28 14:38:03,949] 44 root - INFO - Command 'MOVE' been sent to arduino.
[2025-02-28 14:38:07,060] 70 root - INFO - camera shot '{cam_url}' done successfully.
[2025-02-28 14:38:08,165] 44 root - INFO - Command 'HAND_MOTOR:[]' been sent to arduino.
[2025-02-28 14:38:11,173] 44 root - INFO - Command 'HAND_MOTOR:RESET' been sent to arduino.
[2025-02-28 14:38:14,190] 44 root - INFO - Command 'MOVE' been sent to arduino.
[2025-02-28 14:38:17,283] 70 root - INFO - camera shot '{cam_url}' done successfully.
[2025-02-28 14:38:17,538] 52 root - INFO - response '{response.text}' been sent..
[2025-02-28 14:38:17,538] 147 root - INFO - 5 been sent.
[2025-02-28 14:38:19,557] 44 root - INFO - Command 'HAND_MOTOR:[5]' been sent to arduino.
[2025-02-28 14:38:23,569] 44 root - INFO - Command 'HAND_MOTOR:RESET' been sent to arduino.
