[2025-03-12 12:02:40,748] 18 root - INFO - Models have been loaded..
[2025-03-12 12:02:42,751] 24 root - INFO - Arduino connected..
[2025-03-12 12:02:45,478] 95 root - INFO - Camera shot 'http://192.168.1.103/cam-hi.jpg' captured..
[2025-03-12 12:02:46,935] 59 root - INFO - Command 'O' received response: \U0001f680 System Ready. Waiting for commands....
[2025-03-12 12:02:46,974] 59 root - INFO - Command 'O' received response: Rotating Opening Plate Clockwise.
[2025-03-12 12:02:47,112] 59 root - INFO - Command 'O' received response: Opening Plate Stopped.
[2025-03-12 12:02:48,140] 59 root - INFO - Command 'O' received response: Rotating Opening Plate Counterclockwise.
[2025-03-12 12:02:48,272] 59 root - INFO - Command 'O' received response: Opening Plate Stopped.
[2025-03-12 12:02:49,280] 59 root - INFO - Command 'O' received response: Plate Rotation Completed.
[2025-03-12 12:02:51,342] 59 root - INFO - Command 'MOVE_SINGLE' received response: MOVE_SINGLE WITH SPEED ....
[2025-03-12 12:03:02,749] 113 root - INFO - Camera shot 'http://192.168.1.104/cam-hi.jpg' captured with bounding box.
[2025-03-12 12:03:14,945] 173 root - INFO - Ignored large bounding box: (0, 2, 339, 512).
[2025-03-12 12:03:15,287] 76 root - INFO - Response 'â\x9c\x85 Flag received: 4' sent..
[2025-03-12 12:03:16,291] 59 root - INFO - Command 'MOVE_SINGLE' received response: Rotating plate at full speed....
[2025-03-12 12:03:22,293] 59 root - INFO - Command 'MOVE_MULTI' received response: MOVE_SINGLE WITH SPEED ....
[2025-03-12 12:03:29,540] 113 root - INFO - Camera shot 'http://192.168.1.104/cam-hi.jpg' captured with bounding box.
[2025-03-12 12:03:41,646] 173 root - INFO - Ignored large bounding box: (10, 4, 343, 582).
[2025-03-12 12:03:41,647] 173 root - INFO - Ignored large bounding box: (0, 0, 693, 600).
[2025-03-12 12:03:41,758] 76 root - INFO - Response 'â\x9c\x85 Flag received: 5' sent..
[2025-03-12 12:03:42,760] 59 root - INFO - Command 'MOVE_SINGLE' received response: Rotating plate at full speed....
[2025-03-12 12:03:48,762] 59 root - INFO - Command 'MOVE_MULTI' received response: MOVE_MULTI WITHOUT SPEED.
[2025-03-12 12:03:56,212] 113 root - INFO - Camera shot 'http://192.168.1.104/cam-hi.jpg' captured with bounding box.
[2025-03-12 12:04:08,326] 173 root - INFO - Ignored large bounding box: (300, 0, 684, 598).
[2025-03-12 12:04:08,328] 59 root - INFO - Command 'MOVE_SINGLE' received response: Resuming MULTI_SINGLE....
[2025-03-12 12:04:17,565] 113 root - INFO - Camera shot 'http://192.168.1.104/cam-hi.jpg' captured with bounding box.
[2025-03-12 12:04:29,722] 173 root - INFO - Ignored large bounding box: (6, 1, 344, 504).
[2025-03-12 12:04:29,723] 59 root - INFO - Command 'MOVE_MULTI' received response: Rotating plate at 50% speed....
