[2025-03-03 13:52:17,987] 18 root - INFO - models been read..
[2025-03-03 13:52:19,989] 24 root - INFO - arduino got connected..
[2025-03-03 13:52:22,827] 68 root - INFO - camera shot '{cam_url}' done successfully.
[2025-03-03 13:52:25,215] 42 root - INFO - Command 'O' been sent to arduino.
[2025-03-03 13:52:28,223] 42 root - INFO - Command 'MOVE' been sent to arduino.
[2025-03-03 13:52:32,590] 68 root - INFO - camera shot '{cam_url}' done successfully.
[2025-03-03 13:52:33,811] 42 root - INFO - Command 'HAND_MOTOR:[]' been sent to arduino.
[2025-03-03 13:52:36,817] 42 root - INFO - Command 'HAND_MOTOR:RESET' been sent to arduino.
[2025-03-03 13:52:38,822] 42 root - INFO - Command 'MOVE' been sent to arduino.
[2025-03-03 13:52:41,910] 68 root - INFO - camera shot '{cam_url}' done successfully.
[2025-03-03 13:52:42,245] 50 root - INFO - response '{response.text}' been sent..
[2025-03-03 13:52:42,246] 138 root - INFO - {selected_flag} been sent.
[2025-03-03 13:52:43,251] 42 root - INFO - Command 'HAND_MOTOR:[4, 4, 4]' been sent to arduino.
[2025-03-03 13:52:46,256] 42 root - INFO - Command 'HAND_MOTOR:RESET' been sent to arduino.
[2025-03-03 13:52:48,263] 42 root - INFO - Command 'MOVE' been sent to arduino.
[2025-03-03 13:52:51,411] 68 root - INFO - camera shot '{cam_url}' done successfully.
[2025-03-03 13:52:51,662] 50 root - INFO - response '{response.text}' been sent..
[2025-03-03 13:52:51,662] 138 root - INFO - {selected_flag} been sent.
[2025-03-03 13:52:53,669] 42 root - INFO - Command 'HAND_MOTOR:[4, 4]' been sent to arduino.
[2025-03-03 13:52:57,686] 42 root - INFO - Command 'HAND_MOTOR:RESET' been sent to arduino.
[2025-03-03 13:52:59,691] 42 root - INFO - Command 'MOVE' been sent to arduino.
[2025-03-03 13:53:02,894] 68 root - INFO - camera shot '{cam_url}' done successfully.
[2025-03-03 13:53:03,055] 50 root - INFO - response '{response.text}' been sent..
[2025-03-03 13:53:03,055] 138 root - INFO - {selected_flag} been sent.
[2025-03-03 13:53:05,074] 42 root - INFO - Command 'HAND_MOTOR:[4, 4]' been sent to arduino.
[2025-03-03 13:53:09,090] 42 root - INFO - Command 'HAND_MOTOR:RESET' been sent to arduino.
