[2025-02-26 16:28:07,428] 18 root - INFO - models been read..
[2025-02-26 16:28:09,431] 24 root - INFO - arduino got connected..
[2025-02-26 16:28:12,276] 68 root - INFO - camera shot '{cam_url}' done successfully.
[2025-02-26 16:28:13,683] 80 root - INFO - Class detected: {detected_class}.
[2025-02-26 16:28:13,683] 97 root - INFO - first camera did its work.
[2025-02-26 16:28:14,689] 42 root - INFO - Command '{cmd}' been sent to arduino.
[2025-02-26 16:28:16,696] 42 root - INFO - Command '{cmd}' been sent to arduino.
[2025-02-26 16:28:17,743] 42 root - INFO - Command '{cmd}' been sent to arduino.
[2025-02-26 16:28:20,749] 42 root - INFO - Command '{cmd}' been sent to arduino.
[2025-02-26 16:28:23,886] 68 root - INFO - camera shot '{cam_url}' done successfully.
[2025-02-26 16:28:25,098] 42 root - INFO - Command '{cmd}' been sent to arduino.
[2025-02-26 16:28:28,104] 42 root - INFO - Command '{cmd}' been sent to arduino.
[2025-02-26 16:28:30,108] 42 root - INFO - Command '{cmd}' been sent to arduino.
[2025-02-26 16:28:33,212] 68 root - INFO - camera shot '{cam_url}' done successfully.
[2025-02-26 16:28:33,436] 50 root - INFO - response '{response.text}' been sent..
[2025-02-26 16:28:33,437] 136 root - INFO - {selected_flag} been sent.
[2025-02-26 16:28:34,441] 42 root - INFO - Command '{cmd}' been sent to arduino.
[2025-02-26 16:28:38,454] 42 root - INFO - Command '{cmd}' been sent to arduino.
[2025-02-26 16:28:41,463] 42 root - INFO - Command '{cmd}' been sent to arduino.
[2025-02-26 16:28:44,555] 68 root - INFO - camera shot '{cam_url}' done successfully.
[2025-02-26 16:28:44,826] 50 root - INFO - response '{response.text}' been sent..
[2025-02-26 16:28:44,826] 136 root - INFO - {selected_flag} been sent.
[2025-02-26 16:28:45,831] 42 root - INFO - Command '{cmd}' been sent to arduino.
[2025-02-26 16:28:49,847] 42 root - INFO - Command '{cmd}' been sent to arduino.
[2025-02-26 16:28:52,862] 42 root - INFO - Command '{cmd}' been sent to arduino.
[2025-02-26 16:28:56,057] 68 root - INFO - camera shot '{cam_url}' done successfully.
[2025-02-26 16:28:57,177] 42 root - INFO - Command '{cmd}' been sent to arduino.
[2025-02-26 16:29:01,189] 42 root - INFO - Command '{cmd}' been sent to arduino.
