[2025-03-04 14:35:53,026] 18 root - INFO - Models have been loaded..
[2025-03-04 14:35:55,029] 24 root - INFO - Arduino connected..
[2025-03-04 14:35:58,089] 67 root - INFO - Camera shot 'http://192.168.1.103/cam-hi.jpg' captured with bounding box.
[2025-03-04 14:36:00,461] 42 root - INFO - Command 'O' sent to Arduino.
[2025-03-04 14:36:03,463] 42 root - INFO - Command 'MOVE' sent to Arduino.
[2025-03-04 14:36:06,749] 88 root - INFO - Camera shot 'http://192.168.1.104/cam-hi.jpg' captured with bounding box.
[2025-03-04 14:36:07,996] 42 root - INFO - Command 'MOVE' sent to Arduino.
[2025-03-04 14:36:10,109] 42 root - INFO - Command 'MOVE' sent to Arduino.
[2025-03-04 14:36:12,220] 42 root - INFO - Command 'MOVE' sent to Arduino.
[2025-03-04 14:36:14,335] 42 root - INFO - Command 'MOVE' sent to Arduino.
[2025-03-04 14:36:16,453] 42 root - INFO - Command 'MOVE' sent to Arduino.
[2025-03-04 14:36:19,462] 42 root - INFO - Command 'MOVE' sent to Arduino.
[2025-03-04 14:36:22,576] 88 root - INFO - Camera shot 'http://192.168.1.104/cam-hi.jpg' captured with bounding box.
[2025-03-04 14:36:22,884] 50 root - INFO - Response 'â\x9c\x85 Flag received: 5' sent..
[2025-03-04 14:36:22,884] 156 root - INFO - 5 been sent.
[2025-03-04 14:36:24,898] 42 root - INFO - Command 'MOVE' sent to Arduino.
[2025-03-04 14:36:26,086] 50 root - INFO - Response 'â\x9c\x85 Flag received: 5' sent..
[2025-03-04 14:36:26,087] 156 root - INFO - 5 been sent.
[2025-03-04 14:36:28,093] 42 root - INFO - Command 'MOVE' sent to Arduino.
[2025-03-04 14:36:29,277] 50 root - INFO - Response 'â\x9c\x85 Flag received: 5' sent..
[2025-03-04 14:36:29,277] 156 root - INFO - 5 been sent.
[2025-03-04 14:36:30,280] 42 root - INFO - Command 'MOVE' sent to Arduino.
[2025-03-04 14:36:31,475] 50 root - INFO - Response 'â\x9c\x85 Flag received: 5' sent..
[2025-03-04 14:36:31,476] 156 root - INFO - 5 been sent.
[2025-03-04 14:36:33,487] 42 root - INFO - Command 'MOVE' sent to Arduino.
[2025-03-04 14:36:34,701] 50 root - INFO - Response 'â\x9c\x85 Flag received: 5' sent..
[2025-03-04 14:36:34,701] 156 root - INFO - 5 been sent.
[2025-03-04 14:36:36,711] 42 root - INFO - Command 'MOVE' sent to Arduino.
[2025-03-04 14:36:39,730] 42 root - INFO - Command 'MOVE' sent to Arduino.
[2025-03-04 14:36:42,867] 88 root - INFO - Camera shot 'http://192.168.1.104/cam-hi.jpg' captured with bounding box.
[2025-03-04 14:36:43,091] 50 root - INFO - Response 'â\x9c\x85 Flag received: 4' sent..
[2025-03-04 14:36:43,092] 156 root - INFO - 4 been sent.
[2025-03-04 14:36:44,095] 42 root - INFO - Command 'MOVE' sent to Arduino.
[2025-03-04 14:36:45,285] 50 root - INFO - Response 'â\x9c\x85 Flag received: 4' sent..
[2025-03-04 14:36:45,285] 156 root - INFO - 4 been sent.
[2025-03-04 14:36:47,304] 42 root - INFO - Command 'MOVE' sent to Arduino.
[2025-03-04 14:36:48,471] 50 root - INFO - Response 'â\x9c\x85 Flag received: 4' sent..
[2025-03-04 14:36:48,472] 156 root - INFO - 4 been sent.
[2025-03-04 14:36:50,478] 42 root - INFO - Command 'MOVE' sent to Arduino.
[2025-03-04 14:36:51,684] 50 root - INFO - Response 'â\x9c\x85 Flag received: 4' sent..
[2025-03-04 14:36:51,684] 156 root - INFO - 4 been sent.
[2025-03-04 14:36:53,700] 42 root - INFO - Command 'MOVE' sent to Arduino.
[2025-03-04 14:36:54,975] 50 root - INFO - Response 'â\x9c\x85 Flag received: 4' sent..
[2025-03-04 14:36:54,975] 156 root - INFO - 4 been sent.
[2025-03-04 14:36:55,980] 42 root - INFO - Command 'MOVE' sent to Arduino.
[2025-03-04 14:36:58,991] 42 root - INFO - Command 'MOVE' sent to Arduino.
[2025-03-04 14:37:02,099] 88 root - INFO - Camera shot 'http://192.168.1.104/cam-hi.jpg' captured with bounding box.
[2025-03-04 14:37:04,245] 42 root - INFO - Command 'MOVE' sent to Arduino.
[2025-03-04 14:37:06,651] 42 root - INFO - Command 'MOVE' sent to Arduino.
[2025-03-04 14:37:09,774] 42 root - INFO - Command 'MOVE' sent to Arduino.
[2025-03-04 14:37:12,889] 42 root - INFO - Command 'MOVE' sent to Arduino.
[2025-03-04 14:37:16,018] 42 root - INFO - Command 'MOVE' sent to Arduino.
