[2025-03-03 12:01:03,827] 18 root - INFO - models been read..
[2025-03-03 12:01:05,831] 24 root - INFO - arduino got connected..
[2025-03-03 12:01:08,680] 68 root - INFO - camera shot '{cam_url}' done successfully.
[2025-03-03 12:01:10,086] 80 root - INFO - Class detected: {detected_class}.
[2025-03-03 12:01:11,088] 42 root - INFO - Command 'H' been sent to arduino.
[2025-03-03 12:01:12,592] 42 root - INFO - Command 'C' been sent to arduino.
[2025-03-03 12:01:14,096] 42 root - INFO - Command 'O' been sent to arduino.
[2025-03-03 12:01:17,102] 42 root - INFO - Command 'MOVE' been sent to arduino.
[2025-03-03 12:01:20,208] 68 root - INFO - camera shot '{cam_url}' done successfully.
[2025-03-03 12:01:21,429] 42 root - INFO - Command 'HAND_MOTOR:[]' been sent to arduino.
[2025-03-03 12:01:24,436] 42 root - INFO - Command 'HAND_MOTOR:RESET' been sent to arduino.
[2025-03-03 12:01:26,444] 42 root - INFO - Command 'MOVE' been sent to arduino.
[2025-03-03 12:01:29,622] 68 root - INFO - camera shot '{cam_url}' done successfully.
[2025-03-03 12:01:30,726] 42 root - INFO - Command 'HAND_MOTOR:[]' been sent to arduino.
[2025-03-03 12:01:33,731] 42 root - INFO - Command 'HAND_MOTOR:RESET' been sent to arduino.
[2025-03-03 12:01:35,736] 42 root - INFO - Command 'MOVE' been sent to arduino.
[2025-03-03 12:01:38,841] 68 root - INFO - camera shot '{cam_url}' done successfully.
[2025-03-03 12:01:39,195] 50 root - INFO - response '{response.text}' been sent..
[2025-03-03 12:01:39,197] 138 root - INFO - {selected_flag} been sent.
[2025-03-03 12:01:41,212] 42 root - INFO - Command 'HAND_MOTOR:[5]' been sent to arduino.
[2025-03-03 12:01:45,221] 42 root - INFO - Command 'HAND_MOTOR:RESET' been sent to arduino.
[2025-03-03 12:01:47,226] 42 root - INFO - Command 'MOVE' been sent to arduino.
[2025-03-03 12:01:50,332] 68 root - INFO - camera shot '{cam_url}' done successfully.
[2025-03-03 12:01:52,449] 42 root - INFO - Command 'HAND_MOTOR:[]' been sent to arduino.
[2025-03-03 12:01:56,457] 42 root - INFO - Command 'HAND_MOTOR:RESET' been sent to arduino.
