[2025-03-17 11:39:16,893] 18 root - INFO - Models have been loaded..
[2025-03-17 11:39:18,897] 24 root - INFO - Arduino connected..
[2025-03-17 11:39:21,140] 95 root - INFO - Camera shot 'http://192.168.1.103/cam-hi.jpg' captured..
[2025-03-17 11:39:23,845] 59 root - INFO - Command 'O' received response: \U0001f680 System Ready. Waiting for commands....
[2025-03-17 11:39:23,879] 59 root - INFO - Command 'O' received response: Rotating Opening Plate Clockwise.
[2025-03-17 11:39:24,015] 59 root - INFO - Command 'O' received response: Opening Plate Stopped.
[2025-03-17 11:39:25,046] 59 root - INFO - Command 'O' received response: Rotating Opening Plate Counterclockwise.
[2025-03-17 11:39:25,181] 59 root - INFO - Command 'O' received response: Opening Plate Stopped.
[2025-03-17 11:39:26,189] 59 root - INFO - Command 'O' received response: Plate Rotation Completed.
[2025-03-17 11:39:28,236] 59 root - INFO - Command 'MOVE_SINGLE' received response: MOVE_SINGLE WITH SPEED ....
[2025-03-17 11:39:38,508] 113 root - INFO - Camera shot 'http://192.168.1.104/cam-hi.jpg' captured with bounding box.
[2025-03-17 11:39:50,831] 173 root - INFO - Ignored large bounding box: (8, 0, 673, 599).
[2025-03-17 11:39:50,834] 173 root - INFO - Ignored large bounding box: (2, 0, 345, 576).
[2025-03-17 11:39:52,838] 59 root - INFO - Command 'MOVE_MULTI' received response: Rotating plate at full speed....
[2025-03-17 11:40:00,039] 113 root - INFO - Camera shot 'http://192.168.1.104/cam-hi.jpg' captured with bounding box.
[2025-03-17 11:40:12,272] 173 root - INFO - Ignored large bounding box: (9, 0, 671, 600).
[2025-03-17 11:40:12,275] 173 root - INFO - Ignored large bounding box: (1, 0, 345, 595).
[2025-03-17 11:40:14,279] 59 root - INFO - Command 'MOVE_MULTI' received response: MOVE_MULTI WITHOUT SPEED.
[2025-03-17 11:40:21,436] 113 root - INFO - Camera shot 'http://192.168.1.104/cam-hi.jpg' captured with bounding box.
[2025-03-17 11:40:33,681] 173 root - INFO - Ignored large bounding box: (0, 0, 666, 600).
[2025-03-17 11:40:33,682] 173 root - INFO - Ignored large bounding box: (5, 2, 341, 533).
[2025-03-17 11:40:33,941] 76 root - INFO - Response 'â\x9c\x85 Flag received: 5' sent..
[2025-03-17 11:40:41,095] 113 root - INFO - Camera shot 'http://192.168.1.104/cam-hi.jpg' captured with bounding box.
[2025-03-17 11:40:53,343] 173 root - INFO - Ignored large bounding box: (0, 0, 680, 600).
[2025-03-17 11:40:53,343] 173 root - INFO - Ignored large bounding box: (5, 0, 342, 572).
[2025-03-17 11:40:55,349] 59 root - INFO - Command 'MOVE_MULTI' received response: Resuming MULTI_SINGLE....
