[2025-03-17 16:53:59,810] 18 root - INFO - Models have been loaded..
[2025-03-17 16:54:01,814] 24 root - INFO - Arduino connected..
[2025-03-17 16:54:03,954] 95 root - INFO - Camera shot 'http://192.168.1.103/cam-hi.jpg' captured..
[2025-03-17 16:54:05,379] 59 root - INFO - Command 'O' received response: \U0001f680 System Ready. Waiting for commands....
[2025-03-17 16:54:05,417] 59 root - INFO - Command 'O' received response: Rotating Opening Plate Clockwise.
[2025-03-17 16:54:05,556] 59 root - INFO - Command 'O' received response: Opening Plate Stopped.
[2025-03-17 16:54:06,578] 59 root - INFO - Command 'O' received response: Rotating Opening Plate Counterclockwise.
[2025-03-17 16:54:06,717] 59 root - INFO - Command 'O' received response: Opening Plate Stopped.
[2025-03-17 16:54:07,725] 59 root - INFO - Command 'O' received response: Plate Rotation Completed.
[2025-03-17 16:54:09,776] 59 root - INFO - Command 'MOVE_SINGLE' received response: MOVE_SINGLE WITH SPEED ....
[2025-03-17 16:54:15,917] 113 root - INFO - Camera shot 'http://192.168.1.104/cam-hi.jpg' captured with bounding box.
[2025-03-17 16:54:28,152] 173 root - INFO - Ignored large bounding box: (0, 0, 342, 592) and class nonbiogasready.
[2025-03-17 16:54:28,160] 59 root - INFO - Command 'FLAG_4' received response: Rotating plate at full speed....
[2025-03-17 16:54:33,025] 59 root - INFO - Command 'MOVE_MULTI' received response: MOVE_MULTI WITHOUT SPEED.
[2025-03-17 16:54:37,238] 113 root - INFO - Camera shot 'http://192.168.1.104/cam-hi.jpg' captured with bounding box.
[2025-03-17 16:54:49,345] 173 root - INFO - Ignored large bounding box: (3, 0, 347, 599) and class nonbiogasready.
[2025-03-17 16:54:49,345] 173 root - INFO - Ignored large bounding box: (0, 3, 684, 600) and class nonbiogasready.
[2025-03-17 16:54:51,351] 59 root - INFO - Command 'MOVE_MULTI' received response: Rotating plate at 50% speed....
[2025-03-17 16:54:55,483] 113 root - INFO - Camera shot 'http://192.168.1.104/cam-hi.jpg' captured with bounding box.
[2025-03-17 16:55:07,581] 173 root - INFO - Ignored large bounding box: (5, 1, 338, 501) and class nonbiogasready.
[2025-03-17 16:55:07,581] 173 root - INFO - Ignored large bounding box: (0, 0, 680, 584) and class nonbiogasready.
[2025-03-17 16:55:09,586] 59 root - INFO - Command 'MOVE_MULTI' received response: MOVE_MULTI WITHOUT SPEED.
[2025-03-17 16:55:13,785] 113 root - INFO - Camera shot 'http://192.168.1.104/cam-hi.jpg' captured with bounding box.
[2025-03-17 16:55:25,890] 173 root - INFO - Ignored large bounding box: (5, 0, 342, 507) and class nonbiogasready.
[2025-03-17 16:55:25,890] 173 root - INFO - Ignored large bounding box: (286, 0, 677, 598) and class nonbiogasready.
[2025-03-17 16:55:27,899] 59 root - INFO - Command 'MOVE_MULTI' received response: Rotating plate at 50% speed....
