[2025-02-28 14:30:00,344] 20 root - INFO - models been read..
[2025-02-28 14:30:02,347] 26 root - INFO - arduino got connected..
[2025-02-28 14:30:04,960] 70 root - INFO - camera shot '{cam_url}' done successfully.
[2025-02-28 14:30:07,353] 44 root - INFO - Command 'O' been sent to arduino.
[2025-02-28 14:30:10,360] 44 root - INFO - Command 'MOVE' been sent to arduino.
[2025-02-28 14:30:15,708] 70 root - INFO - camera shot '{cam_url}' done successfully.
[2025-02-28 14:30:16,891] 44 root - INFO - Command 'HAND_MOTOR:[]' been sent to arduino.
[2025-02-28 14:30:19,897] 44 root - INFO - Command 'HAND_MOTOR:RESET' been sent to arduino.
[2025-02-28 14:30:21,903] 44 root - INFO - Command 'MOVE' been sent to arduino.
[2025-02-28 14:30:25,125] 70 root - INFO - camera shot '{cam_url}' done successfully.
[2025-02-28 14:30:26,225] 44 root - INFO - Command 'HAND_MOTOR:[]' been sent to arduino.
[2025-02-28 14:30:29,231] 44 root - INFO - Command 'HAND_MOTOR:RESET' been sent to arduino.
[2025-02-28 14:30:32,247] 44 root - INFO - Command 'MOVE' been sent to arduino.
[2025-02-28 14:30:35,626] 70 root - INFO - camera shot '{cam_url}' done successfully.
[2025-02-28 14:30:37,735] 44 root - INFO - Command 'HAND_MOTOR:[]' been sent to arduino.
[2025-02-28 14:30:41,753] 44 root - INFO - Command 'HAND_MOTOR:RESET' been sent to arduino.
[2025-02-28 14:30:44,763] 44 root - INFO - Command 'MOVE' been sent to arduino.
[2025-02-28 14:30:48,492] 70 root - INFO - camera shot '{cam_url}' done successfully.
[2025-02-28 14:30:50,600] 44 root - INFO - Command 'HAND_MOTOR:[]' been sent to arduino.
[2025-02-28 14:30:54,608] 44 root - INFO - Command 'HAND_MOTOR:RESET' been sent to arduino.
