[2025-03-04 15:20:19,399] 18 root - INFO - Models have been loaded..
[2025-03-04 15:20:21,402] 24 root - INFO - Arduino connected..
[2025-03-04 15:20:23,564] 67 root - INFO - Camera shot 'http://192.168.1.103/cam-hi.jpg' captured with bounding box.
[2025-03-04 15:20:25,949] 42 root - INFO - Command 'O' sent to Arduino.
[2025-03-04 15:20:28,956] 42 root - INFO - Command 'MOVE' sent to Arduino.
[2025-03-04 15:20:32,059] 67 root - INFO - Camera shot 'http://192.168.1.104/cam-hi.jpg' captured with bounding box.
[2025-03-04 15:20:32,409] 50 root - INFO - Response 'â\x9c\x85 Flag received: 5' sent..
[2025-03-04 15:20:32,410] 155 root - INFO - 5 been sent.
[2025-03-04 15:20:33,412] 42 root - INFO - Command 'HAND_MOTOR:[5]' sent to Arduino.
[2025-03-04 15:20:36,420] 42 root - INFO - Command 'HAND_MOTOR:RESET' sent to Arduino.
[2025-03-04 15:20:38,426] 42 root - INFO - Command 'MOVE' sent to Arduino.
[2025-03-04 15:20:41,602] 67 root - INFO - Camera shot 'http://192.168.1.104/cam-hi.jpg' captured with bounding box.
[2025-03-04 15:20:41,786] 50 root - INFO - Response 'â\x9c\x85 Flag received: 4' sent..
[2025-03-04 15:20:41,787] 155 root - INFO - 4 been sent.
[2025-03-04 15:20:42,790] 42 root - INFO - Command 'HAND_MOTOR:[4]' sent to Arduino.
[2025-03-04 15:20:45,796] 42 root - INFO - Command 'HAND_MOTOR:RESET' sent to Arduino.
[2025-03-04 15:20:47,802] 42 root - INFO - Command 'MOVE' sent to Arduino.
[2025-03-04 15:20:50,950] 67 root - INFO - Camera shot 'http://192.168.1.104/cam-hi.jpg' captured with bounding box.
[2025-03-04 15:20:51,127] 50 root - INFO - Response 'â\x9c\x85 Flag received: 4' sent..
[2025-03-04 15:20:51,128] 155 root - INFO - 4 been sent.
[2025-03-04 15:20:52,132] 42 root - INFO - Command 'HAND_MOTOR:[5, 4]' sent to Arduino.
[2025-03-04 15:20:56,144] 42 root - INFO - Command 'HAND_MOTOR:RESET' sent to Arduino.
[2025-03-04 15:20:59,163] 42 root - INFO - Command 'MOVE' sent to Arduino.
[2025-03-04 15:21:02,289] 67 root - INFO - Camera shot 'http://192.168.1.104/cam-hi.jpg' captured with bounding box.
[2025-03-04 15:21:02,528] 50 root - INFO - Response 'â\x9c\x85 Flag received: 5' sent..
[2025-03-04 15:21:02,528] 155 root - INFO - 5 been sent.
[2025-03-04 15:21:03,531] 42 root - INFO - Command 'HAND_MOTOR:[5]' sent to Arduino.
[2025-03-04 15:21:07,542] 42 root - INFO - Command 'HAND_MOTOR:RESET' sent to Arduino.
