[2025-02-28 15:52:28,751] 20 root - INFO - models been read..
[2025-02-28 15:52:30,754] 26 root - INFO - arduino got connected..
[2025-02-28 15:52:33,600] 70 root - INFO - camera shot '{cam_url}' done successfully.
[2025-02-28 15:52:36,063] 44 root - INFO - Command 'O' been sent to arduino.
[2025-02-28 15:52:39,070] 44 root - INFO - Command 'MOVE' been sent to arduino.
[2025-02-28 15:52:42,173] 70 root - INFO - camera shot '{cam_url}' done successfully.
[2025-02-28 15:52:47,378] 147 root - INFO - 4 been sent.
[2025-02-28 15:52:48,383] 44 root - INFO - Command 'HAND_MOTOR:[4]' been sent to arduino.
[2025-02-28 15:52:51,390] 44 root - INFO - Command 'HAND_MOTOR:RESET' been sent to arduino.
[2025-02-28 15:52:53,398] 44 root - INFO - Command 'MOVE' been sent to arduino.
[2025-02-28 15:52:56,651] 70 root - INFO - camera shot '{cam_url}' done successfully.
[2025-02-28 15:53:01,758] 147 root - INFO - 4 been sent.
[2025-02-28 15:53:02,763] 44 root - INFO - Command 'HAND_MOTOR:[4]' been sent to arduino.
[2025-02-28 15:53:05,769] 44 root - INFO - Command 'HAND_MOTOR:RESET' been sent to arduino.
[2025-02-28 15:53:08,785] 44 root - INFO - Command 'MOVE' been sent to arduino.
[2025-02-28 15:53:13,309] 70 root - INFO - camera shot '{cam_url}' done successfully.
[2025-02-28 15:53:18,411] 147 root - INFO - 4 been sent.
[2025-02-28 15:53:20,425] 44 root - INFO - Command 'HAND_MOTOR:[4]' been sent to arduino.
[2025-02-28 15:53:24,441] 44 root - INFO - Command 'HAND_MOTOR:RESET' been sent to arduino.
[2025-02-28 15:53:27,458] 44 root - INFO - Command 'MOVE' been sent to arduino.
[2025-02-28 15:53:30,602] 70 root - INFO - camera shot '{cam_url}' done successfully.
[2025-02-28 15:53:35,724] 147 root - INFO - 4 been sent.
[2025-02-28 15:53:37,729] 44 root - INFO - Command 'HAND_MOTOR:[4]' been sent to arduino.
[2025-02-28 15:53:41,734] 44 root - INFO - Command 'HAND_MOTOR:RESET' been sent to arduino.
