[2025-03-12 12:34:52,650] 18 root - INFO - Models have been loaded..
[2025-03-12 12:34:54,652] 24 root - INFO - Arduino connected..
[2025-03-12 12:34:56,869] 95 root - INFO - Camera shot 'http://192.168.1.103/cam-hi.jpg' captured..
[2025-03-12 12:34:59,563] 59 root - INFO - Command 'O' received response: \U0001f680 System Ready. Waiting for commands....
[2025-03-12 12:34:59,600] 59 root - INFO - Command 'O' received response: Rotating Opening Plate Clockwise.
[2025-03-12 12:34:59,739] 59 root - INFO - Command 'O' received response: Opening Plate Stopped.
[2025-03-12 12:35:00,765] 59 root - INFO - Command 'O' received response: Rotating Opening Plate Counterclockwise.
[2025-03-12 12:35:00,896] 59 root - INFO - Command 'O' received response: Opening Plate Stopped.
[2025-03-12 12:35:01,905] 59 root - INFO - Command 'O' received response: Plate Rotation Completed.
[2025-03-12 12:35:03,955] 59 root - INFO - Command 'MOVE_SINGLE' received response: MOVE_SINGLE WITH SPEED ....
[2025-03-12 12:35:15,697] 113 root - INFO - Camera shot 'http://192.168.1.104/cam-hi.jpg' captured with bounding box.
[2025-03-12 12:35:28,027] 173 root - INFO - Ignored large bounding box: (6, 3, 343, 507).
[2025-03-12 12:35:28,249] 76 root - INFO - Response 'â\x9c\x85 Flag received: 5' sent..
[2025-03-12 12:35:29,252] 59 root - INFO - Command 'MOVE_SINGLE' received response: Rotating plate at full speed....
[2025-03-12 12:35:35,254] 59 root - INFO - Command 'MOVE_MULTI' received response: MOVE_SINGLE WITH SPEED ....
[2025-03-12 12:35:42,559] 113 root - INFO - Camera shot 'http://192.168.1.104/cam-hi.jpg' captured with bounding box.
[2025-03-12 12:35:54,719] 173 root - INFO - Ignored large bounding box: (8, 0, 342, 515).
[2025-03-12 12:35:55,630] 76 root - INFO - Response 'â\x9c\x85 Flag received: 4' sent..
[2025-03-12 12:35:56,634] 59 root - INFO - Command 'MOVE_SINGLE' received response: Rotating plate at full speed....
[2025-03-12 12:36:02,638] 59 root - INFO - Command 'MOVE_MULTI' received response: MOVE_MULTI WITHOUT SPEED.
[2025-03-12 12:36:11,949] 113 root - INFO - Camera shot 'http://192.168.1.104/cam-hi.jpg' captured with bounding box.
[2025-03-12 12:36:24,096] 173 root - INFO - Ignored large bounding box: (7, 0, 342, 508).
[2025-03-12 12:36:24,097] 173 root - INFO - Ignored large bounding box: (296, 0, 687, 597).
[2025-03-12 12:36:24,101] 59 root - INFO - Command 'MOVE_MULTI' received response: Resuming MULTI_SINGLE....
[2025-03-12 12:36:33,363] 113 root - INFO - Camera shot 'http://192.168.1.104/cam-hi.jpg' captured with bounding box.
[2025-03-12 12:36:45,524] 173 root - INFO - Ignored large bounding box: (9, 0, 345, 502).
[2025-03-12 12:36:45,530] 59 root - INFO - Command 'MOVE_MULTI' received response: Rotating plate at 50% speed....
