[2025-03-03 13:18:31,369] 18 root - INFO - models been read..
[2025-03-03 13:18:33,372] 24 root - INFO - arduino got connected..
[2025-03-03 13:18:36,763] 68 root - INFO - camera shot '{cam_url}' done successfully.
[2025-03-03 13:18:39,272] 42 root - INFO - Command 'O' been sent to arduino.
[2025-03-03 13:18:42,281] 42 root - INFO - Command 'MOVE' been sent to arduino.
[2025-03-03 13:18:45,372] 68 root - INFO - camera shot '{cam_url}' done successfully.
[2025-03-03 13:18:45,816] 50 root - INFO - response '{response.text}' been sent..
[2025-03-03 13:18:45,817] 138 root - INFO - {selected_flag} been sent.
[2025-03-03 13:18:46,820] 42 root - INFO - Command 'HAND_MOTOR:[4]' been sent to arduino.
[2025-03-03 13:18:49,829] 42 root - INFO - Command 'HAND_MOTOR:RESET' been sent to arduino.
[2025-03-03 13:18:51,834] 42 root - INFO - Command 'MOVE' been sent to arduino.
[2025-03-03 13:18:54,905] 68 root - INFO - camera shot '{cam_url}' done successfully.
[2025-03-03 13:18:55,136] 50 root - INFO - response '{response.text}' been sent..
[2025-03-03 13:18:55,137] 138 root - INFO - {selected_flag} been sent.
[2025-03-03 13:18:56,139] 42 root - INFO - Command 'HAND_MOTOR:[4]' been sent to arduino.
[2025-03-03 13:18:59,143] 42 root - INFO - Command 'HAND_MOTOR:RESET' been sent to arduino.
[2025-03-03 13:19:01,150] 42 root - INFO - Command 'MOVE' been sent to arduino.
[2025-03-03 13:19:04,212] 68 root - INFO - camera shot '{cam_url}' done successfully.
[2025-03-03 13:19:04,448] 50 root - INFO - response '{response.text}' been sent..
[2025-03-03 13:19:04,448] 138 root - INFO - {selected_flag} been sent.
[2025-03-03 13:19:05,452] 42 root - INFO - Command 'HAND_MOTOR:[4]' been sent to arduino.
[2025-03-03 13:19:09,459] 42 root - INFO - Command 'HAND_MOTOR:RESET' been sent to arduino.
[2025-03-03 13:19:12,469] 42 root - INFO - Command 'MOVE' been sent to arduino.
[2025-03-03 13:19:15,571] 68 root - INFO - camera shot '{cam_url}' done successfully.
[2025-03-03 13:19:16,674] 42 root - INFO - Command 'HAND_MOTOR:[]' been sent to arduino.
[2025-03-03 13:19:20,691] 42 root - INFO - Command 'HAND_MOTOR:RESET' been sent to arduino.
