[2025-03-04 15:18:37,751] 18 root - INFO - Models have been loaded..
[2025-03-04 15:18:39,754] 24 root - INFO - Arduino connected..
[2025-03-04 15:18:43,312] 67 root - INFO - Camera shot 'http://192.168.1.103/cam-hi.jpg' captured with bounding box.
[2025-03-04 15:18:45,722] 42 root - INFO - Command 'O' sent to Arduino.
[2025-03-04 15:18:48,728] 42 root - INFO - Command 'MOVE' sent to Arduino.
[2025-03-04 15:18:51,824] 67 root - INFO - Camera shot 'http://192.168.1.104/cam-hi.jpg' captured with bounding box.
[2025-03-04 15:18:53,014] 42 root - INFO - Command 'MOVE' sent to Arduino.
[2025-03-04 15:18:55,019] 42 root - INFO - Command 'HAND_MOTOR:[]' sent to Arduino.
[2025-03-04 15:18:58,025] 42 root - INFO - Command 'HAND_MOTOR:RESET' sent to Arduino.
[2025-03-04 15:19:00,031] 42 root - INFO - Command 'MOVE' sent to Arduino.
[2025-03-04 15:19:03,189] 67 root - INFO - Camera shot 'http://192.168.1.104/cam-hi.jpg' captured with bounding box.
[2025-03-04 15:19:04,293] 42 root - INFO - Command 'MOVE' sent to Arduino.
[2025-03-04 15:19:07,302] 42 root - INFO - Command 'HAND_MOTOR:[]' sent to Arduino.
[2025-03-04 15:19:11,319] 42 root - INFO - Command 'HAND_MOTOR:RESET' sent to Arduino.
[2025-03-04 15:19:14,331] 42 root - INFO - Command 'MOVE' sent to Arduino.
[2025-03-04 15:19:17,523] 67 root - INFO - Camera shot 'http://192.168.1.104/cam-hi.jpg' captured with bounding box.
[2025-03-04 15:19:17,756] 50 root - INFO - Response 'â\x9c\x85 Flag received: 4' sent..
[2025-03-04 15:19:17,757] 155 root - INFO - 4 been sent.
[2025-03-04 15:19:19,763] 42 root - INFO - Command 'HAND_MOTOR:[4, 5, 4]' sent to Arduino.
[2025-03-04 15:19:22,769] 42 root - INFO - Command 'HAND_MOTOR:RESET' sent to Arduino.
[2025-03-04 15:19:25,788] 42 root - INFO - Command 'MOVE' sent to Arduino.
[2025-03-04 15:19:28,870] 67 root - INFO - Camera shot 'http://192.168.1.104/cam-hi.jpg' captured with bounding box.
[2025-03-04 15:19:29,155] 50 root - INFO - Response 'â\x9c\x85 Flag received: 4' sent..
[2025-03-04 15:19:29,156] 155 root - INFO - 4 been sent.
[2025-03-04 15:19:31,165] 42 root - INFO - Command 'HAND_MOTOR:[4, 4]' sent to Arduino.
[2025-03-04 15:19:34,171] 42 root - INFO - Command 'HAND_MOTOR:RESET' sent to Arduino.
