[2025-03-12 12:15:32,591] 18 root - INFO - Models have been loaded..
[2025-03-12 12:15:34,593] 24 root - INFO - Arduino connected..
[2025-03-12 12:15:37,425] 95 root - INFO - Camera shot 'http://192.168.1.103/cam-hi.jpg' captured..
[2025-03-12 12:15:39,082] 59 root - INFO - Command 'O' received response: \U0001f680 System Ready. Waiting for commands....
[2025-03-12 12:15:39,120] 59 root - INFO - Command 'O' received response: Rotating Opening Plate Clockwise.
[2025-03-12 12:15:39,260] 59 root - INFO - Command 'O' received response: Opening Plate Stopped.
[2025-03-12 12:15:40,286] 59 root - INFO - Command 'O' received response: Rotating Opening Plate Counterclockwise.
[2025-03-12 12:15:40,419] 59 root - INFO - Command 'O' received response: Opening Plate Stopped.
[2025-03-12 12:15:41,427] 59 root - INFO - Command 'O' received response: Plate Rotation Completed.
[2025-03-12 12:15:43,477] 59 root - INFO - Command 'MOVE_SINGLE' received response: MOVE_SINGLE WITH SPEED ....
[2025-03-12 12:15:59,843] 113 root - INFO - Camera shot 'http://192.168.1.104/cam-hi.jpg' captured with bounding box.
[2025-03-12 12:16:12,038] 173 root - INFO - Ignored large bounding box: (312, 52, 682, 594).
[2025-03-12 12:16:12,041] 173 root - INFO - Ignored large bounding box: (5, 0, 354, 514).
[2025-03-12 12:16:12,318] 76 root - INFO - Response 'â\x9c\x85 Flag received: 4' sent..
[2025-03-12 12:16:13,323] 59 root - INFO - Command 'MOVE_SINGLE' received response: Rotating plate at full speed....
[2025-03-12 12:16:19,326] 59 root - INFO - Command 'MOVE_MULTI' received response: MOVE_SINGLE WITH SPEED ....
[2025-03-12 12:16:26,874] 113 root - INFO - Camera shot 'http://192.168.1.104/cam-hi.jpg' captured with bounding box.
[2025-03-12 12:16:39,048] 76 root - INFO - Response 'â\x9c\x85 Flag received: 5' sent..
[2025-03-12 12:16:40,054] 59 root - INFO - Command 'MOVE_SINGLE' received response: Rotating plate at full speed....
[2025-03-12 12:16:46,057] 59 root - INFO - Command 'MOVE_MULTI' received response: MOVE_MULTI WITHOUT SPEED.
