[2025-03-04 15:50:18,106] 18 root - INFO - Models have been loaded..
[2025-03-04 15:50:20,108] 24 root - INFO - Arduino connected..
[2025-03-04 15:50:22,825] 67 root - INFO - Camera shot 'http://192.168.1.103/cam-hi.jpg' captured with bounding box.
[2025-03-04 15:50:25,225] 42 root - INFO - Command 'O' sent to Arduino.
[2025-03-04 15:50:28,233] 42 root - INFO - Command 'MOVE' sent to Arduino.
[2025-03-04 15:50:31,395] 67 root - INFO - Camera shot 'http://192.168.1.104/cam-hi.jpg' captured with bounding box.
[2025-03-04 15:50:31,795] 50 root - INFO - Response 'â\x9c\x85 Flag received: 4' sent..
[2025-03-04 15:50:31,795] 181 root - INFO - 4 been sent.
[2025-03-04 15:50:32,797] 42 root - INFO - Command 'HAND_MOTOR:[4]' sent to Arduino.
[2025-03-04 15:50:35,801] 42 root - INFO - Command 'HAND_MOTOR:RESET' sent to Arduino.
[2025-03-04 15:50:37,805] 42 root - INFO - Command 'MOVE' sent to Arduino.
[2025-03-04 15:50:40,956] 67 root - INFO - Camera shot 'http://192.168.1.104/cam-hi.jpg' captured with bounding box.
[2025-03-04 15:50:41,302] 50 root - INFO - Response 'â\x9c\x85 Flag received: 5' sent..
[2025-03-04 15:50:41,302] 181 root - INFO - 5 been sent.
[2025-03-04 15:50:42,306] 42 root - INFO - Command 'HAND_MOTOR:[5]' sent to Arduino.
[2025-03-04 15:50:45,311] 42 root - INFO - Command 'HAND_MOTOR:RESET' sent to Arduino.
[2025-03-04 15:50:47,318] 42 root - INFO - Command 'MOVE' sent to Arduino.
[2025-03-04 15:50:50,566] 67 root - INFO - Camera shot 'http://192.168.1.104/cam-hi.jpg' captured with bounding box.
[2025-03-04 15:50:50,832] 50 root - INFO - Response 'â\x9c\x85 Flag received: 5' sent..
[2025-03-04 15:50:50,832] 181 root - INFO - 5 been sent.
[2025-03-04 15:50:51,837] 42 root - INFO - Command 'HAND_MOTOR:[5, 5]' sent to Arduino.
[2025-03-04 15:50:55,851] 42 root - INFO - Command 'HAND_MOTOR:RESET' sent to Arduino.
[2025-03-04 15:50:58,868] 42 root - INFO - Command 'MOVE' sent to Arduino.
[2025-03-04 15:51:01,935] 67 root - INFO - Camera shot 'http://192.168.1.104/cam-hi.jpg' captured with bounding box.
[2025-03-04 15:51:02,216] 50 root - INFO - Response 'â\x9c\x85 Flag received: 5' sent..
[2025-03-04 15:51:02,216] 181 root - INFO - 5 been sent.
[2025-03-04 15:51:03,221] 42 root - INFO - Command 'HAND_MOTOR:[5, 5]' sent to Arduino.
[2025-03-04 15:51:07,233] 42 root - INFO - Command 'HAND_MOTOR:RESET' sent to Arduino.
[2025-03-04 15:51:10,250] 42 root - INFO - Command 'MOVE' sent to Arduino.
[2025-03-04 15:51:13,333] 67 root - INFO - Camera shot 'http://192.168.1.104/cam-hi.jpg' captured with bounding box.
[2025-03-04 15:51:13,617] 50 root - INFO - Response 'â\x9c\x85 Flag received: 5' sent..
[2025-03-04 15:51:13,617] 181 root - INFO - 5 been sent.
[2025-03-04 15:51:14,622] 42 root - INFO - Command 'HAND_MOTOR:[5]' sent to Arduino.
[2025-03-04 15:51:18,633] 42 root - INFO - Command 'HAND_MOTOR:RESET' sent to Arduino.
[2025-03-04 15:51:21,646] 42 root - INFO - Command 'MOVE' sent to Arduino.
[2025-03-04 15:51:24,733] 67 root - INFO - Camera shot 'http://192.168.1.104/cam-hi.jpg' captured with bounding box.
[2025-03-04 15:51:25,066] 50 root - INFO - Response 'â\x9c\x85 Flag received: 5' sent..
[2025-03-04 15:51:25,067] 181 root - INFO - 5 been sent.
[2025-03-04 15:51:27,073] 42 root - INFO - Command 'HAND_MOTOR:[5]' sent to Arduino.
[2025-03-04 15:51:31,087] 42 root - INFO - Command 'HAND_MOTOR:RESET' sent to Arduino.
[2025-03-04 15:51:33,135] 42 root - INFO - Command 'MOVE' sent to Arduino.
[2025-03-04 15:51:36,546] 67 root - INFO - Camera shot 'http://192.168.1.104/cam-hi.jpg' captured with bounding box.
[2025-03-04 15:51:36,842] 50 root - INFO - Response 'â\x9c\x85 Flag received: 5' sent..
[2025-03-04 15:51:36,843] 181 root - INFO - 5 been sent.
[2025-03-04 15:51:37,846] 42 root - INFO - Command 'HAND_MOTOR:[5]' sent to Arduino.
[2025-03-04 15:51:41,688] 42 root - INFO - Command 'HAND_MOTOR:RESET' sent to Arduino.
[2025-03-04 15:51:44,704] 42 root - INFO - Command 'MOVE' sent to Arduino.
[2025-03-04 15:51:48,855] 67 root - INFO - Camera shot 'http://192.168.1.104/cam-hi.jpg' captured with bounding box.
[2025-03-04 15:51:51,090] 42 root - INFO - Command 'MOVE' sent to Arduino.
[2025-03-04 15:51:54,110] 42 root - INFO - Command 'HAND_MOTOR:[]' sent to Arduino.
[2025-03-04 15:51:57,117] 42 root - INFO - Command 'HAND_MOTOR:RESET' sent to Arduino.
