[2025-02-28 16:22:21,722] 18 root - INFO - models been read..
[2025-02-28 16:22:23,725] 24 root - INFO - arduino got connected..
[2025-02-28 16:22:26,527] 68 root - INFO - camera shot '{cam_url}' done successfully.
[2025-02-28 16:22:30,191] 80 root - INFO - Class detected: {detected_class}.
[2025-02-28 16:22:31,197] 42 root - INFO - Command 'H' been sent to arduino.
[2025-02-28 16:22:32,701] 42 root - INFO - Command 'C' been sent to arduino.
[2025-02-28 16:22:34,206] 42 root - INFO - Command 'O' been sent to arduino.
[2025-02-28 16:22:37,212] 42 root - INFO - Command 'MOVE' been sent to arduino.
[2025-02-28 16:22:40,405] 68 root - INFO - camera shot '{cam_url}' done successfully.
[2025-02-28 16:22:40,987] 50 root - INFO - response '{response.text}' been sent..
[2025-02-28 16:22:40,997] 138 root - INFO - {selected_flag} been sent.
[2025-02-28 16:22:42,002] 42 root - INFO - Command 'HAND_MOTOR:[5]' been sent to arduino.
[2025-02-28 16:22:45,008] 42 root - INFO - Command 'HAND_MOTOR:RESET' been sent to arduino.
[2025-02-28 16:22:47,016] 42 root - INFO - Command 'MOVE' been sent to arduino.
[2025-02-28 16:22:50,303] 68 root - INFO - camera shot '{cam_url}' done successfully.
[2025-02-28 16:22:51,504] 42 root - INFO - Command 'HAND_MOTOR:[]' been sent to arduino.
[2025-02-28 16:22:54,509] 42 root - INFO - Command 'HAND_MOTOR:RESET' been sent to arduino.
[2025-02-28 16:22:56,513] 42 root - INFO - Command 'MOVE' been sent to arduino.
[2025-02-28 16:22:59,749] 68 root - INFO - camera shot '{cam_url}' done successfully.
[2025-02-28 16:22:59,970] 50 root - INFO - response '{response.text}' been sent..
[2025-02-28 16:22:59,972] 138 root - INFO - {selected_flag} been sent.
[2025-02-28 16:23:00,975] 42 root - INFO - Command 'HAND_MOTOR:[5]' been sent to arduino.
[2025-02-28 16:23:03,982] 42 root - INFO - Command 'HAND_MOTOR:RESET' been sent to arduino.
[2025-02-28 16:23:06,990] 42 root - INFO - Command 'MOVE' been sent to arduino.
[2025-02-28 16:23:10,448] 68 root - INFO - camera shot '{cam_url}' done successfully.
[2025-02-28 16:23:12,621] 42 root - INFO - Command 'HAND_MOTOR:[]' been sent to arduino.
[2025-02-28 16:23:15,626] 42 root - INFO - Command 'HAND_MOTOR:RESET' been sent to arduino.
