[2025-03-04 15:34:34,169] 18 root - INFO - Models have been loaded..
[2025-03-04 15:34:36,172] 24 root - INFO - Arduino connected..
[2025-03-04 15:34:40,225] 67 root - INFO - Camera shot 'http://192.168.1.103/cam-hi.jpg' captured with bounding box.
[2025-03-04 15:34:42,599] 42 root - INFO - Command 'O' sent to Arduino.
[2025-03-04 15:34:45,605] 42 root - INFO - Command 'MOVE' sent to Arduino.
[2025-03-04 15:34:48,740] 67 root - INFO - Camera shot 'http://192.168.1.104/cam-hi.jpg' captured with bounding box.
[2025-03-04 15:34:49,197] 50 root - INFO - Response 'â\x9c\x85 Flag received: 4' sent..
[2025-03-04 15:34:49,197] 180 root - INFO - 4 been sent.
[2025-03-04 15:34:50,202] 42 root - INFO - Command 'HAND_MOTOR:[4]' sent to Arduino.
[2025-03-04 15:34:53,209] 42 root - INFO - Command 'HAND_MOTOR:RESET' sent to Arduino.
[2025-03-04 15:34:55,214] 42 root - INFO - Command 'MOVE' sent to Arduino.
[2025-03-04 15:34:58,402] 67 root - INFO - Camera shot 'http://192.168.1.104/cam-hi.jpg' captured with bounding box.
[2025-03-04 15:34:58,693] 50 root - INFO - Response 'â\x9c\x85 Flag received: 4' sent..
[2025-03-04 15:34:58,693] 180 root - INFO - 4 been sent.
[2025-03-04 15:34:59,698] 42 root - INFO - Command 'HAND_MOTOR:[4, 5]' sent to Arduino.
[2025-03-04 15:35:02,702] 42 root - INFO - Command 'HAND_MOTOR:RESET' sent to Arduino.
[2025-03-04 15:35:04,709] 42 root - INFO - Command 'MOVE' sent to Arduino.
[2025-03-04 15:35:07,896] 67 root - INFO - Camera shot 'http://192.168.1.104/cam-hi.jpg' captured with bounding box.
[2025-03-04 15:35:09,105] 42 root - INFO - Command 'MOVE' sent to Arduino.
[2025-03-04 15:35:12,125] 42 root - INFO - Command 'HAND_MOTOR:[]' sent to Arduino.
[2025-03-04 15:35:16,138] 42 root - INFO - Command 'HAND_MOTOR:RESET' sent to Arduino.
[2025-03-04 15:35:18,144] 42 root - INFO - Command 'MOVE' sent to Arduino.
[2025-03-04 15:35:21,309] 67 root - INFO - Camera shot 'http://192.168.1.104/cam-hi.jpg' captured with bounding box.
[2025-03-04 15:35:23,530] 42 root - INFO - Command 'MOVE' sent to Arduino.
[2025-03-04 15:35:25,537] 42 root - INFO - Command 'HAND_MOTOR:[]' sent to Arduino.
[2025-03-04 15:35:29,550] 42 root - INFO - Command 'HAND_MOTOR:RESET' sent to Arduino.
[2025-03-04 15:35:32,558] 42 root - INFO - Command 'MOVE' sent to Arduino.
[2025-03-04 15:35:35,740] 67 root - INFO - Camera shot 'http://192.168.1.104/cam-hi.jpg' captured with bounding box.
[2025-03-04 15:35:37,004] 42 root - INFO - Command 'MOVE' sent to Arduino.
[2025-03-04 15:35:39,010] 42 root - INFO - Command 'HAND_MOTOR:[]' sent to Arduino.
[2025-03-04 15:35:43,025] 42 root - INFO - Command 'HAND_MOTOR:RESET' sent to Arduino.
[2025-03-04 15:35:46,032] 42 root - INFO - Command 'MOVE' sent to Arduino.
[2025-03-04 15:35:49,176] 67 root - INFO - Camera shot 'http://192.168.1.104/cam-hi.jpg' captured with bounding box.
[2025-03-04 15:35:49,511] 50 root - INFO - Response 'â\x9c\x85 Flag received: 5' sent..
[2025-03-04 15:35:49,511] 180 root - INFO - 5 been sent.
[2025-03-04 15:35:51,520] 42 root - INFO - Command 'HAND_MOTOR:[5]' sent to Arduino.
[2025-03-04 15:35:55,527] 42 root - INFO - Command 'HAND_MOTOR:RESET' sent to Arduino.
[2025-03-04 15:35:57,534] 42 root - INFO - Command 'MOVE' sent to Arduino.
[2025-03-04 15:36:00,663] 67 root - INFO - Camera shot 'http://192.168.1.104/cam-hi.jpg' captured with bounding box.
[2025-03-04 15:36:02,887] 42 root - INFO - Command 'MOVE' sent to Arduino.
[2025-03-04 15:36:05,902] 42 root - INFO - Command 'HAND_MOTOR:[]' sent to Arduino.
[2025-03-04 15:36:09,029] 42 root - INFO - Command 'HAND_MOTOR:RESET' sent to Arduino.
[2025-03-04 15:36:12,049] 42 root - INFO - Command 'MOVE' sent to Arduino.
[2025-03-04 15:36:16,132] 67 root - INFO - Camera shot 'http://192.168.1.104/cam-hi.jpg' captured with bounding box.
[2025-03-04 15:36:16,445] 50 root - INFO - Response 'â\x9c\x85 Flag received: 5' sent..
[2025-03-04 15:36:16,445] 180 root - INFO - 5 been sent.
[2025-03-04 15:36:18,457] 42 root - INFO - Command 'HAND_MOTOR:[5]' sent to Arduino.
[2025-03-04 15:36:22,471] 42 root - INFO - Command 'HAND_MOTOR:RESET' sent to Arduino.
