[2025-03-03 12:06:41,044] 18 root - INFO - models been read..
[2025-03-03 12:06:43,047] 24 root - INFO - arduino got connected..
[2025-03-03 12:06:45,160] 68 root - INFO - camera shot '{cam_url}' done successfully.
[2025-03-03 12:06:46,621] 80 root - INFO - Class detected: {detected_class}.
[2025-03-03 12:06:47,625] 42 root - INFO - Command 'H' been sent to arduino.
[2025-03-03 12:06:49,129] 42 root - INFO - Command 'C' been sent to arduino.
[2025-03-03 12:06:50,634] 42 root - INFO - Command 'O' been sent to arduino.
[2025-03-03 12:06:53,640] 42 root - INFO - Command 'MOVE' been sent to arduino.
[2025-03-03 12:06:56,843] 68 root - INFO - camera shot '{cam_url}' done successfully.
[2025-03-03 12:06:58,072] 42 root - INFO - Command 'HAND_MOTOR:[]' been sent to arduino.
[2025-03-03 12:07:01,078] 42 root - INFO - Command 'HAND_MOTOR:RESET' been sent to arduino.
[2025-03-03 12:07:03,083] 42 root - INFO - Command 'MOVE' been sent to arduino.
[2025-03-03 12:07:06,403] 68 root - INFO - camera shot '{cam_url}' done successfully.
[2025-03-03 12:07:07,512] 42 root - INFO - Command 'HAND_MOTOR:[]' been sent to arduino.
[2025-03-03 12:07:10,517] 42 root - INFO - Command 'HAND_MOTOR:RESET' been sent to arduino.
[2025-03-03 12:07:12,522] 42 root - INFO - Command 'MOVE' been sent to arduino.
[2025-03-03 12:07:15,746] 68 root - INFO - camera shot '{cam_url}' done successfully.
[2025-03-03 12:07:17,854] 42 root - INFO - Command 'HAND_MOTOR:[]' been sent to arduino.
[2025-03-03 12:07:21,874] 42 root - INFO - Command 'HAND_MOTOR:RESET' been sent to arduino.
[2025-03-03 12:07:24,881] 42 root - INFO - Command 'MOVE' been sent to arduino.
