[2025-03-12 17:19:33,313] 18 root - INFO - Models have been loaded..
[2025-03-12 17:19:35,316] 24 root - INFO - Arduino connected..
[2025-03-12 17:19:38,190] 95 root - INFO - Camera shot 'http://192.168.1.103/cam-hi.jpg' captured..
[2025-03-12 17:19:41,401] 59 root - INFO - Command 'O' received response: \U0001f680 System Ready. Waiting for commands....
[2025-03-12 17:19:41,438] 59 root - INFO - Command 'O' received response: Rotating Opening Plate Clockwise.
[2025-03-12 17:19:41,577] 59 root - INFO - Command 'O' received response: Opening Plate Stopped.
[2025-03-12 17:19:42,603] 59 root - INFO - Command 'O' received response: Rotating Opening Plate Counterclockwise.
[2025-03-12 17:19:42,737] 59 root - INFO - Command 'O' received response: Opening Plate Stopped.
[2025-03-12 17:19:43,747] 59 root - INFO - Command 'O' received response: Plate Rotation Completed.
[2025-03-12 17:19:45,798] 59 root - INFO - Command 'MOVE_SINGLE' received response: MOVE_SINGLE WITH SPEED ....
[2025-03-12 17:19:56,541] 113 root - INFO - Camera shot 'http://192.168.1.104/cam-hi.jpg' captured with bounding box.
[2025-03-12 17:20:08,956] 173 root - INFO - Ignored large bounding box: (0, 0, 684, 600).
[2025-03-12 17:20:09,117] 76 root - INFO - Response 'â\x9c\x85 Flag received: 4' sent..
[2025-03-12 17:20:09,121] 59 root - INFO - Command 'FLAG_RESET' received response: Rotating plate at full speed....
[2025-03-12 17:20:16,324] 113 root - INFO - Camera shot 'http://192.168.1.104/cam-hi.jpg' captured with bounding box.
[2025-03-12 17:20:28,574] 173 root - INFO - Ignored large bounding box: (310, 4, 680, 600).
[2025-03-12 17:20:28,576] 173 root - INFO - Ignored large bounding box: (18, 4, 687, 600).
[2025-03-12 17:20:28,767] 76 root - INFO - Response 'â\x9c\x85 Flag received: 4' sent..
[2025-03-12 17:20:28,771] 59 root - INFO - Command 'FLAG_RESET' received response: Flag reset. Flag action can run again..
[2025-03-12 17:20:36,283] 113 root - INFO - Camera shot 'http://192.168.1.104/cam-hi.jpg' captured with bounding box.
[2025-03-12 17:20:48,601] 76 root - INFO - Response 'â\x9c\x85 Flag received: 4' sent..
[2025-03-12 17:20:48,606] 59 root - INFO - Command 'FLAG_RESET' received response: Flag reset. Flag action can run again..
[2025-03-12 17:20:55,961] 113 root - INFO - Camera shot 'http://192.168.1.104/cam-hi.jpg' captured with bounding box.
[2025-03-12 17:21:08,201] 173 root - INFO - Ignored large bounding box: (1, 0, 686, 599).
[2025-03-12 17:21:08,399] 76 root - INFO - Response 'â\x9c\x85 Flag received: 4' sent..
[2025-03-12 17:21:08,404] 59 root - INFO - Command 'FLAG_RESET' received response: Flag reset. Flag action can run again..
