[2025-02-27 18:40:05,267] 20 root - INFO - models been read..
[2025-02-27 18:40:07,272] 26 root - INFO - arduino got connected..
[2025-02-27 18:40:10,611] 70 root - INFO - camera shot '{cam_url}' done successfully.
[2025-02-27 18:40:12,710] 82 root - INFO - Class detected: {detected_class}.
[2025-02-27 18:40:13,716] 44 root - INFO - Command 'H' been sent to arduino.
[2025-02-27 18:40:15,720] 44 root - INFO - Command 'C' been sent to arduino.
[2025-02-27 18:40:17,726] 44 root - INFO - Command 'O' been sent to arduino.
[2025-02-27 18:40:20,732] 44 root - INFO - Command 'MOVE' been sent to arduino.
[2025-02-27 18:40:23,919] 70 root - INFO - camera shot '{cam_url}' done successfully.
[2025-02-27 18:40:24,411] 52 root - INFO - response '{response.text}' been sent..
[2025-02-27 18:40:24,421] 140 root - INFO - 5 been sent.
[2025-02-27 18:40:25,426] 44 root - INFO - Command 'HAND_MOTOR:[5]' been sent to arduino.
[2025-02-27 18:40:28,432] 44 root - INFO - Command 'HAND_MOTOR:RESET' been sent to arduino.
[2025-02-27 18:40:30,438] 44 root - INFO - Command 'MOVE' been sent to arduino.
[2025-02-27 18:40:34,563] 70 root - INFO - camera shot '{cam_url}' done successfully.
[2025-02-27 18:40:35,730] 44 root - INFO - Command 'HAND_MOTOR:[]' been sent to arduino.
[2025-02-27 18:40:38,736] 44 root - INFO - Command 'HAND_MOTOR:RESET' been sent to arduino.
[2025-02-27 18:40:40,742] 44 root - INFO - Command 'MOVE' been sent to arduino.
[2025-02-27 18:40:43,878] 70 root - INFO - camera shot '{cam_url}' done successfully.
[2025-02-27 18:40:44,116] 52 root - INFO - response '{response.text}' been sent..
[2025-02-27 18:40:44,117] 140 root - INFO - 5 been sent.
[2025-02-27 18:40:45,120] 44 root - INFO - Command 'HAND_MOTOR:[5]' been sent to arduino.
[2025-02-27 18:40:48,124] 44 root - INFO - Command 'HAND_MOTOR:RESET' been sent to arduino.
[2025-02-27 18:40:51,136] 44 root - INFO - Command 'MOVE' been sent to arduino.
[2025-02-27 18:40:54,316] 70 root - INFO - camera shot '{cam_url}' done successfully.
[2025-02-27 18:40:56,489] 44 root - INFO - Command 'HAND_MOTOR:[]' been sent to arduino.
[2025-02-27 18:40:59,495] 44 root - INFO - Command 'HAND_MOTOR:RESET' been sent to arduino.
