[2025-03-04 15:14:29,766] 18 root - INFO - Models have been loaded..
[2025-03-04 15:14:31,770] 24 root - INFO - Arduino connected..
[2025-03-04 15:14:34,625] 67 root - INFO - Camera shot 'http://192.168.1.103/cam-hi.jpg' captured with bounding box.
[2025-03-04 15:14:37,041] 42 root - INFO - Command 'O' sent to Arduino.
[2025-03-04 15:14:40,046] 42 root - INFO - Command 'MOVE' sent to Arduino.
[2025-03-04 15:14:43,204] 88 root - INFO - Camera shot 'http://192.168.1.104/cam-hi.jpg' captured with bounding box.
[2025-03-04 15:14:43,700] 50 root - INFO - Response 'â\x9c\x85 Flag received: 4' sent..
[2025-03-04 15:14:43,702] 155 root - INFO - 4 been sent.
[2025-03-04 15:14:44,706] 42 root - INFO - Command 'MOVE' sent to Arduino.
[2025-03-04 15:14:45,390] 50 root - INFO - Response 'â\x9c\x85 Flag received: 4' sent..
[2025-03-04 15:14:45,390] 155 root - INFO - 4 been sent.
[2025-03-04 15:14:46,395] 42 root - INFO - Command 'MOVE' sent to Arduino.
[2025-03-04 15:14:47,059] 50 root - INFO - Response 'â\x9c\x85 Flag received: 4' sent..
[2025-03-04 15:14:47,059] 155 root - INFO - 4 been sent.
[2025-03-04 15:14:48,062] 42 root - INFO - Command 'MOVE' sent to Arduino.
[2025-03-04 15:14:48,740] 50 root - INFO - Response 'â\x9c\x85 Flag received: 4' sent..
[2025-03-04 15:14:48,741] 155 root - INFO - 4 been sent.
[2025-03-04 15:14:49,744] 42 root - INFO - Command 'MOVE' sent to Arduino.
[2025-03-04 15:14:50,408] 50 root - INFO - Response 'â\x9c\x85 Flag received: 4' sent..
[2025-03-04 15:14:50,409] 155 root - INFO - 4 been sent.
[2025-03-04 15:14:51,412] 42 root - INFO - Command 'MOVE' sent to Arduino.
