[2025-03-03 13:14:53,107] 18 root - INFO - models been read..
[2025-03-03 13:14:55,110] 24 root - INFO - arduino got connected..
[2025-03-03 13:14:57,241] 68 root - INFO - camera shot '{cam_url}' done successfully.
[2025-03-03 13:14:58,615] 80 root - INFO - Class detected: {detected_class}.
[2025-03-03 13:14:59,619] 42 root - INFO - Command 'H' been sent to arduino.
[2025-03-03 13:15:01,125] 42 root - INFO - Command 'C' been sent to arduino.
[2025-03-03 13:15:02,630] 42 root - INFO - Command 'O' been sent to arduino.
[2025-03-03 13:15:05,637] 42 root - INFO - Command 'MOVE' been sent to arduino.
[2025-03-03 13:15:08,802] 68 root - INFO - camera shot '{cam_url}' done successfully.
[2025-03-03 13:15:09,240] 50 root - INFO - response '{response.text}' been sent..
[2025-03-03 13:15:09,242] 138 root - INFO - {selected_flag} been sent.
[2025-03-03 13:15:10,247] 42 root - INFO - Command 'HAND_MOTOR:[4, 4, 4]' been sent to arduino.
[2025-03-03 13:15:13,251] 42 root - INFO - Command 'HAND_MOTOR:RESET' been sent to arduino.
[2025-03-03 13:15:15,257] 42 root - INFO - Command 'MOVE' been sent to arduino.
[2025-03-03 13:15:18,321] 68 root - INFO - camera shot '{cam_url}' done successfully.
[2025-03-03 13:15:19,425] 42 root - INFO - Command 'HAND_MOTOR:[]' been sent to arduino.
[2025-03-03 13:15:22,431] 42 root - INFO - Command 'HAND_MOTOR:RESET' been sent to arduino.
[2025-03-03 13:15:24,437] 42 root - INFO - Command 'MOVE' been sent to arduino.
[2025-03-03 13:15:27,525] 68 root - INFO - camera shot '{cam_url}' done successfully.
[2025-03-03 13:15:28,642] 42 root - INFO - Command 'HAND_MOTOR:[]' been sent to arduino.
[2025-03-03 13:15:31,647] 42 root - INFO - Command 'HAND_MOTOR:RESET' been sent to arduino.
[2025-03-03 13:15:34,654] 42 root - INFO - Command 'MOVE' been sent to arduino.
[2025-03-03 13:15:38,725] 68 root - INFO - camera shot '{cam_url}' done successfully.
[2025-03-03 13:15:40,958] 42 root - INFO - Command 'HAND_MOTOR:[]' been sent to arduino.
[2025-03-03 13:15:44,972] 42 root - INFO - Command 'HAND_MOTOR:RESET' been sent to arduino.
