[2025-03-12 17:30:54,623] 18 root - INFO - Models have been loaded..
[2025-03-12 17:30:56,628] 24 root - INFO - Arduino connected..
[2025-03-12 17:31:03,674] 95 root - INFO - Camera shot 'http://192.168.1.103/cam-hi.jpg' captured..
[2025-03-12 17:31:08,682] 59 root - INFO - Command 'H' received response: \U0001f680 System Ready. Waiting for commands....
[2025-03-12 17:31:08,711] 59 root - INFO - Command 'H' received response: Hand Pressure Activated.
[2025-03-12 17:31:13,230] 59 root - INFO - Command 'C' received response: Cutter Complete.
[2025-03-12 17:31:14,252] 59 root - INFO - Command 'O' received response: Rotating Opening Plate Clockwise.
[2025-03-12 17:31:14,393] 59 root - INFO - Command 'O' received response: Opening Plate Stopped.
[2025-03-12 17:31:15,417] 59 root - INFO - Command 'O' received response: Rotating Opening Plate Counterclockwise.
[2025-03-12 17:31:15,551] 59 root - INFO - Command 'O' received response: Opening Plate Stopped.
[2025-03-12 17:31:16,561] 59 root - INFO - Command 'O' received response: Plate Rotation Completed.
[2025-03-12 17:31:18,611] 59 root - INFO - Command 'MOVE_SINGLE' received response: MOVE_SINGLE WITH SPEED ....
[2025-03-12 17:31:30,329] 113 root - INFO - Camera shot 'http://192.168.1.104/cam-hi.jpg' captured with bounding box.
[2025-03-12 17:31:42,810] 173 root - INFO - Ignored large bounding box: (5, 4, 342, 592).
[2025-03-12 17:31:42,816] 59 root - INFO - Command 'MOVE_MULTI' received response: Rotating plate at full speed....
[2025-03-12 17:31:52,007] 113 root - INFO - Camera shot 'http://192.168.1.104/cam-hi.jpg' captured with bounding box.
[2025-03-12 17:32:04,217] 173 root - INFO - Ignored large bounding box: (6, 0, 343, 600).
[2025-03-12 17:32:04,218] 173 root - INFO - Ignored large bounding box: (0, 0, 699, 600).
[2025-03-12 17:32:04,222] 59 root - INFO - Command 'MOVE_MULTI' received response: MOVE_MULTI WITHOUT SPEED.
[2025-03-12 17:32:13,738] 113 root - INFO - Camera shot 'http://192.168.1.104/cam-hi.jpg' captured with bounding box.
[2025-03-12 17:32:25,950] 173 root - INFO - Ignored large bounding box: (8, 0, 342, 600).
[2025-03-12 17:32:25,952] 173 root - INFO - Ignored large bounding box: (0, 4, 699, 600).
[2025-03-12 17:32:25,958] 59 root - INFO - Command 'MOVE_MULTI' received response: Resuming MULTI_SINGLE....
[2025-03-12 17:32:35,763] 113 root - INFO - Camera shot 'http://192.168.1.104/cam-hi.jpg' captured with bounding box.
[2025-03-12 17:32:47,970] 173 root - INFO - Ignored large bounding box: (8, 0, 344, 600).
[2025-03-12 17:32:47,972] 173 root - INFO - Ignored large bounding box: (0, 0, 694, 600).
[2025-03-12 17:32:47,974] 173 root - INFO - Ignored large bounding box: (307, 1, 683, 599).
[2025-03-12 17:32:47,980] 59 root - INFO - Command 'MOVE_MULTI' received response: Rotating plate at 50% speed....
