[2025-02-28 17:27:53,130] 18 root - INFO - models been read..
[2025-02-28 17:27:55,134] 24 root - INFO - arduino got connected..
[2025-02-28 17:27:58,684] 68 root - INFO - camera shot '{cam_url}' done successfully.
[2025-02-28 17:28:02,232] 42 root - INFO - Command 'O' been sent to arduino.
[2025-02-28 17:28:05,243] 42 root - INFO - Command 'MOVE' been sent to arduino.
[2025-02-28 17:28:08,356] 68 root - INFO - camera shot '{cam_url}' done successfully.
[2025-02-28 17:28:09,757] 42 root - INFO - Command 'HAND_MOTOR:[]' been sent to arduino.
[2025-02-28 17:28:12,764] 42 root - INFO - Command 'HAND_MOTOR:RESET' been sent to arduino.
[2025-02-28 17:28:14,771] 42 root - INFO - Command 'MOVE' been sent to arduino.
[2025-02-28 17:28:17,973] 68 root - INFO - camera shot '{cam_url}' done successfully.
[2025-02-28 17:28:18,249] 50 root - INFO - response '{response.text}' been sent..
[2025-02-28 17:28:18,250] 138 root - INFO - {selected_flag} been sent.
[2025-02-28 17:28:19,255] 42 root - INFO - Command 'HAND_MOTOR:[4]' been sent to arduino.
[2025-02-28 17:28:22,260] 42 root - INFO - Command 'HAND_MOTOR:RESET' been sent to arduino.
[2025-02-28 17:28:24,266] 42 root - INFO - Command 'MOVE' been sent to arduino.
[2025-02-28 17:28:27,414] 68 root - INFO - camera shot '{cam_url}' done successfully.
[2025-02-28 17:28:27,740] 50 root - INFO - response '{response.text}' been sent..
[2025-02-28 17:28:27,741] 138 root - INFO - {selected_flag} been sent.
[2025-02-28 17:28:29,751] 42 root - INFO - Command 'HAND_MOTOR:[4]' been sent to arduino.
[2025-02-28 17:28:33,765] 42 root - INFO - Command 'HAND_MOTOR:RESET' been sent to arduino.
[2025-02-28 17:28:35,772] 42 root - INFO - Command 'MOVE' been sent to arduino.
