[2025-03-11 12:32:56,964] 18 root - INFO - Models have been loaded..
[2025-03-11 12:32:58,968] 24 root - INFO - Arduino connected..
[2025-03-11 12:33:01,225] 91 root - INFO - Camera shot 'http://192.168.1.103/cam-hi.jpg' captured with bounding box.
[2025-03-11 12:33:04,648] 57 root - INFO - Command 'H' received response: \U0001f680 System Ready. Waiting for commands....
[2025-03-11 12:33:04,677] 57 root - INFO - Command 'H' received response: Hand Pressure Activated.
[2025-03-11 12:33:09,195] 57 root - INFO - Command 'C' received response: Cutter Complete.
[2025-03-11 12:33:10,219] 57 root - INFO - Command 'O' received response: Rotating Opening Plate Clockwise.
[2025-03-11 12:33:10,359] 57 root - INFO - Command 'O' received response: Opening Plate Stopped.
[2025-03-11 12:33:11,383] 57 root - INFO - Command 'O' received response: Rotating Opening Plate Counterclockwise.
[2025-03-11 12:33:11,516] 57 root - INFO - Command 'O' received response: Opening Plate Stopped.
[2025-03-11 12:33:12,525] 57 root - INFO - Command 'O' received response: Plate Rotation Completed.
[2025-03-11 12:33:16,848] 108 root - INFO - Camera shot 'http://192.168.1.104/cam-hi.jpg' captured with bounding box.
[2025-03-11 12:33:16,897] 57 root - INFO - Command 'MOVE_SINGLE' received response: MOVE_SINGLE WITH SPEED ....
[2025-03-11 12:33:29,094] 57 root - INFO - Command 'MOVE_MULTI' received response: Rotating plate at full speed....
[2025-03-11 12:33:33,213] 108 root - INFO - Camera shot 'http://192.168.1.104/cam-hi.jpg' captured with bounding box.
[2025-03-11 12:33:33,215] 57 root - INFO - Command 'MOVE_SINGLE' received response: MOVE_MULTI WITHOUT SPEED.
[2025-03-11 12:33:45,322] 57 root - INFO - Command 'MOVE_MULTI' received response: Resuming MULTI_SINGLE....
[2025-03-11 12:33:50,502] 108 root - INFO - Camera shot 'http://192.168.1.104/cam-hi.jpg' captured with bounding box.
[2025-03-11 12:33:50,505] 57 root - INFO - Command 'MOVE_SINGLE' received response: Rotating plate at 50% speed....
[2025-03-11 12:34:02,688] 73 root - INFO - Response 'â\x9c\x85 Flag received: 5' sent..
[2025-03-11 12:34:09,228] 57 root - INFO - Command 'MOVE_MULTI' received response: Rotating plate at 50% speed....
