[2025-02-28 16:41:18,293] 18 root - INFO - models been read..
[2025-02-28 16:41:20,298] 24 root - INFO - arduino got connected..
[2025-02-28 16:41:22,809] 68 root - INFO - camera shot '{cam_url}' done successfully.
[2025-02-28 16:41:25,989] 42 root - INFO - Command 'O' been sent to arduino.
[2025-02-28 16:41:28,996] 42 root - INFO - Command 'MOVE' been sent to arduino.
[2025-02-28 16:41:32,389] 68 root - INFO - camera shot '{cam_url}' done successfully.
[2025-02-28 16:41:32,936] 50 root - INFO - response '{response.text}' been sent..
[2025-02-28 16:41:32,937] 138 root - INFO - {selected_flag} been sent.
[2025-02-28 16:41:33,941] 42 root - INFO - Command 'HAND_MOTOR:[4]' been sent to arduino.
[2025-02-28 16:41:36,958] 42 root - INFO - Command 'HAND_MOTOR:RESET' been sent to arduino.
[2025-02-28 16:41:38,963] 42 root - INFO - Command 'MOVE' been sent to arduino.
[2025-02-28 16:41:42,168] 68 root - INFO - camera shot '{cam_url}' done successfully.
[2025-02-28 16:41:42,396] 50 root - INFO - response '{response.text}' been sent..
[2025-02-28 16:41:42,397] 138 root - INFO - {selected_flag} been sent.
[2025-02-28 16:41:43,401] 42 root - INFO - Command 'HAND_MOTOR:[5]' been sent to arduino.
[2025-02-28 16:41:46,404] 42 root - INFO - Command 'HAND_MOTOR:RESET' been sent to arduino.
[2025-02-28 16:41:48,410] 42 root - INFO - Command 'MOVE' been sent to arduino.
[2025-02-28 16:41:51,601] 68 root - INFO - camera shot '{cam_url}' done successfully.
[2025-02-28 16:41:52,759] 42 root - INFO - Command 'HAND_MOTOR:[]' been sent to arduino.
[2025-02-28 16:41:56,776] 42 root - INFO - Command 'HAND_MOTOR:RESET' been sent to arduino.
[2025-02-28 16:41:59,782] 42 root - INFO - Command 'MOVE' been sent to arduino.
[2025-02-28 16:42:02,905] 68 root - INFO - camera shot '{cam_url}' done successfully.
[2025-02-28 16:42:03,185] 50 root - INFO - response '{response.text}' been sent..
[2025-02-28 16:42:03,186] 138 root - INFO - {selected_flag} been sent.
[2025-02-28 16:42:04,190] 42 root - INFO - Command 'HAND_MOTOR:[5, 5]' been sent to arduino.
[2025-02-28 16:42:08,198] 42 root - INFO - Command 'HAND_MOTOR:RESET' been sent to arduino.
