[2025-02-28 15:48:48,909] 20 root - INFO - models been read..
[2025-02-28 15:48:50,912] 26 root - INFO - arduino got connected..
[2025-02-28 15:48:53,080] 70 root - INFO - camera shot '{cam_url}' done successfully.
[2025-02-28 15:48:55,453] 44 root - INFO - Command 'O' been sent to arduino.
[2025-02-28 15:48:58,459] 44 root - INFO - Command 'MOVE' been sent to arduino.
[2025-02-28 15:49:01,656] 70 root - INFO - camera shot '{cam_url}' done successfully.
[2025-02-28 15:49:06,856] 149 root - INFO - 4 been sent.
[2025-02-28 15:49:11,983] 149 root - INFO - 4 been sent.
[2025-02-28 15:49:17,091] 149 root - INFO - 4 been sent.
[2025-02-28 15:49:22,208] 149 root - INFO - 4 been sent.
[2025-02-28 15:49:27,323] 149 root - INFO - 4 been sent.
[2025-02-28 15:49:32,429] 149 root - INFO - 4 been sent.
[2025-02-28 15:49:37,552] 149 root - INFO - 4 been sent.
[2025-02-28 15:49:42,661] 149 root - INFO - 4 been sent.
[2025-02-28 15:49:47,769] 149 root - INFO - 4 been sent.
[2025-02-28 15:49:52,911] 149 root - INFO - 4 been sent.
[2025-02-28 15:49:53,917] 44 root - INFO - Command 'HAND_MOTOR:[4]' been sent to arduino.
[2025-02-28 15:49:56,922] 44 root - INFO - Command 'HAND_MOTOR:RESET' been sent to arduino.
[2025-02-28 15:49:58,926] 44 root - INFO - Command 'MOVE' been sent to arduino.
[2025-02-28 15:50:02,178] 70 root - INFO - camera shot '{cam_url}' done successfully.
[2025-02-28 15:50:07,306] 149 root - INFO - 4 been sent.
[2025-02-28 15:50:12,463] 149 root - INFO - 4 been sent.
[2025-02-28 15:50:17,607] 149 root - INFO - 4 been sent.
[2025-02-28 15:50:22,732] 149 root - INFO - 4 been sent.
[2025-02-28 15:50:27,848] 149 root - INFO - 4 been sent.
[2025-02-28 15:50:32,972] 149 root - INFO - 4 been sent.
