[2025-02-28 14:48:49,662] 20 root - INFO - models been read..
[2025-02-28 14:48:51,664] 26 root - INFO - arduino got connected..
[2025-02-28 14:48:54,498] 70 root - INFO - camera shot '{cam_url}' done successfully.
[2025-02-28 14:48:56,901] 44 root - INFO - Command 'O' been sent to arduino.
[2025-02-28 14:48:59,906] 44 root - INFO - Command 'MOVE' been sent to arduino.
[2025-02-28 14:49:03,460] 70 root - INFO - camera shot '{cam_url}' done successfully.
[2025-02-28 14:49:04,658] 44 root - INFO - Command 'HAND_MOTOR:[]' been sent to arduino.
[2025-02-28 14:49:07,664] 44 root - INFO - Command 'HAND_MOTOR:RESET' been sent to arduino.
[2025-02-28 14:49:09,670] 44 root - INFO - Command 'MOVE' been sent to arduino.
[2025-02-28 14:49:12,753] 70 root - INFO - camera shot '{cam_url}' done successfully.
[2025-02-28 14:49:12,981] 52 root - INFO - response '{response.text}' been sent..
[2025-02-28 14:49:12,981] 147 root - INFO - 4 been sent.
[2025-02-28 14:49:13,986] 44 root - INFO - Command 'HAND_MOTOR:[4, 4]' been sent to arduino.
[2025-02-28 14:49:16,990] 44 root - INFO - Command 'HAND_MOTOR:RESET' been sent to arduino.
[2025-02-28 14:49:18,996] 44 root - INFO - Command 'MOVE' been sent to arduino.
[2025-02-28 14:49:22,094] 70 root - INFO - camera shot '{cam_url}' done successfully.
[2025-02-28 14:49:22,314] 52 root - INFO - response '{response.text}' been sent..
[2025-02-28 14:49:22,314] 147 root - INFO - 4 been sent.
[2025-02-28 14:49:24,331] 44 root - INFO - Command 'HAND_MOTOR:[4, 4, 5, 5]' been sent to arduino.
[2025-02-28 14:49:28,344] 44 root - INFO - Command 'HAND_MOTOR:RESET' been sent to arduino.
[2025-02-28 14:49:30,349] 44 root - INFO - Command 'MOVE' been sent to arduino.
[2025-02-28 14:49:33,434] 70 root - INFO - camera shot '{cam_url}' done successfully.
[2025-02-28 14:49:33,665] 52 root - INFO - response '{response.text}' been sent..
[2025-02-28 14:49:33,665] 147 root - INFO - 4 been sent.
[2025-02-28 14:49:35,672] 44 root - INFO - Command 'HAND_MOTOR:[4, 4]' been sent to arduino.
[2025-02-28 14:49:39,687] 44 root - INFO - Command 'HAND_MOTOR:RESET' been sent to arduino.
