[2025-03-10 19:45:13,081] 17 root - INFO - Models have been loaded..
[2025-03-10 19:45:15,085] 22 root - INFO - Arduino connected..
[2025-03-10 19:45:19,717] 42 root - INFO - Command 'O' sent to Arduino.
[2025-03-10 19:45:24,168] 49 root - INFO - Response 'â\x9c\x85 Flag received: 5' sent..
[2025-03-10 19:45:26,173] 42 root - INFO - Command 'MOVE_SINGLE' sent to Arduino.
[2025-03-10 19:45:33,178] 42 root - INFO - Command 'MOVE_MULTI' sent to Arduino.
[2025-03-10 19:45:35,581] 49 root - INFO - Response 'â\x9c\x85 Flag received: 4' sent..
[2025-03-10 19:45:37,586] 42 root - INFO - Command 'MOVE_SINGLE' sent to Arduino.
[2025-03-10 19:45:44,590] 42 root - INFO - Command 'MOVE_MULTI' sent to Arduino.
[2025-03-10 19:45:47,114] 49 root - INFO - Response 'â\x9c\x85 Flag received: 5' sent..
[2025-03-10 19:45:49,119] 42 root - INFO - Command 'MOVE_SINGLE' sent to Arduino.
[2025-03-10 19:45:56,122] 42 root - INFO - Command 'MOVE_MULTI' sent to Arduino.
[2025-03-10 19:45:58,480] 49 root - INFO - Response 'â\x9c\x85 Flag received: 4' sent..
[2025-03-10 19:46:00,485] 42 root - INFO - Command 'MOVE_SINGLE' sent to Arduino.
[2025-03-10 19:46:07,490] 42 root - INFO - Command 'MOVE_MULTI' sent to Arduino.
[2025-03-10 19:46:10,719] 42 root - INFO - Command 'MOVE_SINGLE' sent to Arduino.
[2025-03-10 19:46:13,726] 42 root - INFO - Command 'MOVE_MULTI' sent to Arduino.
[2025-03-10 19:46:14,731] 42 root - INFO - Command 'STOP' sent to Arduino.
[2025-03-10 19:46:17,733] 42 root - INFO - Command 'MOVE_MULTI' sent to Arduino.
[2025-03-10 19:46:20,933] 42 root - INFO - Command 'MOVE_SINGLE' sent to Arduino.
[2025-03-10 19:46:23,939] 42 root - INFO - Command 'MOVE_MULTI' sent to Arduino.
[2025-03-10 19:46:24,943] 42 root - INFO - Command 'STOP' sent to Arduino.
[2025-03-10 19:46:27,947] 42 root - INFO - Command 'MOVE_MULTI' sent to Arduino.
[2025-03-10 19:46:30,319] 49 root - INFO - Response 'â\x9c\x85 Flag received: 5' sent..
[2025-03-10 19:46:32,323] 42 root - INFO - Command 'MOVE_SINGLE' sent to Arduino.
[2025-03-10 19:46:39,329] 42 root - INFO - Command 'MOVE_MULTI' sent to Arduino.
[2025-03-10 19:46:41,694] 49 root - INFO - Response 'â\x9c\x85 Flag received: 4' sent..
[2025-03-10 19:46:43,699] 42 root - INFO - Command 'MOVE_SINGLE' sent to Arduino.
[2025-03-10 19:46:50,703] 42 root - INFO - Command 'MOVE_MULTI' sent to Arduino.
