[2025-02-27 18:27:21,917] 20 root - INFO - models been read..
[2025-02-27 18:27:23,921] 26 root - INFO - arduino got connected..
[2025-02-27 18:27:26,044] 70 root - INFO - camera shot '{cam_url}' done successfully.
[2025-02-27 18:27:29,358] 44 root - INFO - Command 'O' been sent to arduino.
[2025-02-27 18:27:32,366] 44 root - INFO - Command 'MOVE' been sent to arduino.
[2025-02-27 18:27:35,479] 70 root - INFO - camera shot '{cam_url}' done successfully.
[2025-02-27 18:27:36,789] 44 root - INFO - Command 'HAND_MOTOR:[]' been sent to arduino.
[2025-02-27 18:27:39,796] 44 root - INFO - Command 'HAND_MOTOR:RESET' been sent to arduino.
[2025-02-27 18:27:41,801] 44 root - INFO - Command 'MOVE' been sent to arduino.
[2025-02-27 18:27:45,917] 70 root - INFO - camera shot '{cam_url}' done successfully.
[2025-02-27 18:27:46,143] 52 root - INFO - response '{response.text}' been sent..
[2025-02-27 18:27:46,144] 140 root - INFO - 4 been sent.
[2025-02-27 18:27:47,146] 44 root - INFO - Command 'HAND_MOTOR:[5, 4, 5]' been sent to arduino.
[2025-02-27 18:27:50,149] 44 root - INFO - Command 'HAND_MOTOR:RESET' been sent to arduino.
[2025-02-27 18:27:52,156] 44 root - INFO - Command 'MOVE' been sent to arduino.
[2025-02-27 18:27:55,983] 70 root - INFO - camera shot '{cam_url}' done successfully.
[2025-02-27 18:27:56,271] 52 root - INFO - response '{response.text}' been sent..
[2025-02-27 18:27:56,271] 140 root - INFO - 5 been sent.
[2025-02-27 18:27:58,282] 44 root - INFO - Command 'HAND_MOTOR:[5]' been sent to arduino.
[2025-02-27 18:28:02,242] 44 root - INFO - Command 'HAND_MOTOR:RESET' been sent to arduino.
[2025-02-27 18:28:05,261] 44 root - INFO - Command 'MOVE' been sent to arduino.
[2025-02-27 18:28:08,765] 70 root - INFO - camera shot '{cam_url}' done successfully.
[2025-02-27 18:28:08,983] 52 root - INFO - response '{response.text}' been sent..
[2025-02-27 18:28:08,984] 140 root - INFO - 4 been sent.
[2025-02-27 18:28:10,994] 44 root - INFO - Command 'HAND_MOTOR:[5, 5, 5, 4]' been sent to arduino.
[2025-02-27 18:28:15,010] 44 root - INFO - Command 'HAND_MOTOR:RESET' been sent to arduino.
