[2025-03-04 11:21:03,844] 22 root - INFO - Models have been loaded..
[2025-03-04 11:21:05,847] 27 root - INFO - Arduino connected..
[2025-03-04 11:21:09,656] 44 root - INFO - Command 'O' sent to Arduino: \U0001f680 System Ready. Waiting for commands....
[2025-03-04 11:21:09,657] 155 root - INFO - Starting Cycle 1....
[2025-03-04 11:21:11,670] 44 root - INFO - Command 'MOVE' sent to Arduino: .
[2025-03-04 11:21:16,063] 44 root - INFO - Command 'FAST_MOVE' sent to Arduino: .
[2025-03-04 11:21:18,072] 44 root - INFO - Command 'HAND_MOTOR:RESET' sent to Arduino: .
[2025-03-04 11:21:19,117] 44 root - INFO - Command 'MOVE' sent to Arduino: Starting sequence....
[2025-03-04 11:21:21,500] 50 root - INFO - Flag '4' sent. ESP8266 Response: â\x9c\x85 Flag received: 4.
[2025-03-04 11:21:22,503] 44 root - INFO - Command 'HAND_MOTOR:RESET' sent to Arduino: Rotating plate at full speed....
[2025-03-04 11:21:24,512] 44 root - INFO - Command 'MOVE' sent to Arduino: .
[2025-03-04 11:21:27,922] 44 root - INFO - Command 'MOVE' sent to Arduino: Rotating plate at 50% speed....
[2025-03-04 11:21:29,929] 44 root - INFO - Command 'HAND_MOTOR:RESET' sent to Arduino: .
[2025-03-04 11:21:31,935] 44 root - INFO - Command 'MOVE' sent to Arduino: .
[2025-03-04 11:21:36,153] 44 root - INFO - Command 'MOVE' sent to Arduino: .
[2025-03-04 11:21:37,606] 44 root - INFO - Command 'HAND_MOTOR:RESET' sent to Arduino: Rotating plate at 50% speed....
[2025-03-04 11:21:39,623] 44 root - INFO - Command 'MOVE' sent to Arduino: .
[2025-03-04 11:21:43,835] 44 root - INFO - Command 'MOVE' sent to Arduino: .
[2025-03-04 11:21:45,838] 44 root - INFO - Command 'HAND_MOTOR:RESET' sent to Arduino: .
[2025-03-04 11:21:47,853] 44 root - INFO - Command 'MOVE' sent to Arduino: .
[2025-03-04 11:21:52,137] 44 root - INFO - Command 'MOVE' sent to Arduino: .
[2025-03-04 11:21:54,142] 44 root - INFO - Command 'HAND_MOTOR:RESET' sent to Arduino: .
[2025-03-04 11:21:56,146] 44 root - INFO - Command 'MOVE' sent to Arduino: .
[2025-03-04 11:22:00,403] 44 root - INFO - Command 'MOVE' sent to Arduino: .
[2025-03-04 11:22:02,422] 44 root - INFO - Command 'HAND_MOTOR:RESET' sent to Arduino: .
[2025-03-04 11:22:04,437] 44 root - INFO - Command 'MOVE' sent to Arduino: .
[2025-03-04 11:22:08,770] 44 root - INFO - Command 'MOVE' sent to Arduino: .
[2025-03-04 11:22:10,785] 44 root - INFO - Command 'HAND_MOTOR:RESET' sent to Arduino: .
[2025-03-04 11:22:12,801] 44 root - INFO - Command 'MOVE' sent to Arduino: .
[2025-03-04 11:22:17,000] 44 root - INFO - Command 'MOVE' sent to Arduino: .
[2025-03-04 11:22:19,010] 44 root - INFO - Command 'HAND_MOTOR:RESET' sent to Arduino: .
[2025-03-04 11:22:21,013] 44 root - INFO - Command 'MOVE' sent to Arduino: .
[2025-03-04 11:22:25,385] 44 root - INFO - Command 'MOVE' sent to Arduino: .
[2025-03-04 11:22:27,389] 44 root - INFO - Command 'HAND_MOTOR:RESET' sent to Arduino: .
[2025-03-04 11:22:29,393] 44 root - INFO - Command 'MOVE' sent to Arduino: .
[2025-03-04 11:22:33,571] 44 root - INFO - Command 'MOVE' sent to Arduino: .
[2025-03-04 11:22:35,583] 44 root - INFO - Command 'HAND_MOTOR:RESET' sent to Arduino: .
[2025-03-04 11:22:37,587] 44 root - INFO - Command 'MOVE' sent to Arduino: .
[2025-03-04 11:22:41,824] 44 root - INFO - Command 'MOVE' sent to Arduino: .
[2025-03-04 11:22:43,839] 44 root - INFO - Command 'HAND_MOTOR:RESET' sent to Arduino: .
[2025-03-04 11:22:45,856] 44 root - INFO - Command 'MOVE' sent to Arduino: .
[2025-03-04 11:22:51,263] 44 root - INFO - Command 'MOVE' sent to Arduino: .
[2025-03-04 11:22:53,272] 44 root - INFO - Command 'HAND_MOTOR:RESET' sent to Arduino: .
[2025-03-04 11:22:55,283] 44 root - INFO - Command 'MOVE' sent to Arduino: .
[2025-03-04 11:22:59,673] 44 root - INFO - Command 'MOVE' sent to Arduino: .
[2025-03-04 11:23:01,677] 44 root - INFO - Command 'HAND_MOTOR:RESET' sent to Arduino: .
[2025-03-04 11:23:03,686] 44 root - INFO - Command 'MOVE' sent to Arduino: .
[2025-03-04 11:23:07,912] 44 root - INFO - Command 'MOVE' sent to Arduino: .
[2025-03-04 11:23:09,925] 44 root - INFO - Command 'HAND_MOTOR:RESET' sent to Arduino: .
[2025-03-04 11:23:11,930] 44 root - INFO - Command 'MOVE' sent to Arduino: .
[2025-03-04 11:23:16,181] 44 root - INFO - Command 'MOVE' sent to Arduino: .
[2025-03-04 11:23:18,185] 44 root - INFO - Command 'HAND_MOTOR:RESET' sent to Arduino: .
[2025-03-04 11:23:20,193] 44 root - INFO - Command 'MOVE' sent to Arduino: .
[2025-03-04 11:23:24,615] 44 root - INFO - Command 'MOVE' sent to Arduino: .
[2025-03-04 11:23:26,633] 44 root - INFO - Command 'HAND_MOTOR:RESET' sent to Arduino: .
[2025-03-04 11:23:28,636] 44 root - INFO - Command 'MOVE' sent to Arduino: .
[2025-03-04 11:23:32,892] 44 root - INFO - Command 'MOVE' sent to Arduino: .
[2025-03-04 11:23:34,901] 44 root - INFO - Command 'HAND_MOTOR:RESET' sent to Arduino: .
[2025-03-04 11:23:36,912] 44 root - INFO - Command 'MOVE' sent to Arduino: .
[2025-03-04 11:23:41,312] 44 root - INFO - Command 'MOVE' sent to Arduino: .
[2025-03-04 11:23:43,316] 44 root - INFO - Command 'HAND_MOTOR:RESET' sent to Arduino: .
[2025-03-04 11:23:45,322] 44 root - INFO - Command 'MOVE' sent to Arduino: .
[2025-03-04 11:23:49,642] 44 root - INFO - Command 'MOVE' sent to Arduino: .
[2025-03-04 11:23:51,659] 44 root - INFO - Command 'HAND_MOTOR:RESET' sent to Arduino: .
[2025-03-04 11:23:53,663] 44 root - INFO - Command 'MOVE' sent to Arduino: .
[2025-03-04 11:23:58,026] 44 root - INFO - Command 'MOVE' sent to Arduino: .
[2025-03-04 11:24:00,041] 44 root - INFO - Command 'HAND_MOTOR:RESET' sent to Arduino: .
[2025-03-04 11:24:02,058] 44 root - INFO - Command 'MOVE' sent to Arduino: .
[2025-03-04 11:24:06,326] 44 root - INFO - Command 'MOVE' sent to Arduino: .
[2025-03-04 11:24:08,344] 44 root - INFO - Command 'HAND_MOTOR:RESET' sent to Arduino: .
[2025-03-04 11:24:10,358] 44 root - INFO - Command 'MOVE' sent to Arduino: .
[2025-03-04 11:24:14,675] 44 root - INFO - Command 'MOVE' sent to Arduino: .
[2025-03-04 11:24:16,680] 44 root - INFO - Command 'HAND_MOTOR:RESET' sent to Arduino: .
[2025-03-04 11:24:18,684] 44 root - INFO - Command 'MOVE' sent to Arduino: .
[2025-03-04 11:24:23,016] 44 root - INFO - Command 'MOVE' sent to Arduino: .
[2025-03-04 11:24:25,024] 44 root - INFO - Command 'HAND_MOTOR:RESET' sent to Arduino: .
[2025-03-04 11:24:27,033] 44 root - INFO - Command 'MOVE' sent to Arduino: .
[2025-03-04 11:24:31,369] 44 root - INFO - Command 'MOVE' sent to Arduino: .
[2025-03-04 11:24:33,385] 44 root - INFO - Command 'HAND_MOTOR:RESET' sent to Arduino: .
[2025-03-04 11:24:35,391] 44 root - INFO - Command 'MOVE' sent to Arduino: .
[2025-03-04 11:24:39,746] 44 root - INFO - Command 'MOVE' sent to Arduino: .
[2025-03-04 11:24:41,764] 44 root - INFO - Command 'HAND_MOTOR:RESET' sent to Arduino: .
[2025-03-04 11:24:43,768] 44 root - INFO - Command 'MOVE' sent to Arduino: .
[2025-03-04 11:24:48,049] 44 root - INFO - Command 'MOVE' sent to Arduino: .
[2025-03-04 11:24:50,066] 44 root - INFO - Command 'HAND_MOTOR:RESET' sent to Arduino: .
[2025-03-04 11:24:52,084] 44 root - INFO - Command 'MOVE' sent to Arduino: .
[2025-03-04 11:24:56,427] 44 root - INFO - Command 'MOVE' sent to Arduino: .
[2025-03-04 11:24:58,444] 44 root - INFO - Command 'HAND_MOTOR:RESET' sent to Arduino: .
[2025-03-04 11:25:00,450] 44 root - INFO - Command 'MOVE' sent to Arduino: .
[2025-03-04 11:25:04,960] 44 root - INFO - Command 'MOVE' sent to Arduino: .
[2025-03-04 11:25:06,971] 44 root - INFO - Command 'HAND_MOTOR:RESET' sent to Arduino: .
[2025-03-04 11:25:08,983] 44 root - INFO - Command 'MOVE' sent to Arduino: .
[2025-03-04 11:25:13,271] 44 root - INFO - Command 'MOVE' sent to Arduino: .
[2025-03-04 11:25:15,282] 44 root - INFO - Command 'HAND_MOTOR:RESET' sent to Arduino: .
[2025-03-04 11:25:17,298] 44 root - INFO - Command 'MOVE' sent to Arduino: .
[2025-03-04 11:25:21,785] 44 root - INFO - Command 'MOVE' sent to Arduino: .
[2025-03-04 11:25:23,793] 44 root - INFO - Command 'HAND_MOTOR:RESET' sent to Arduino: .
[2025-03-04 11:25:25,807] 44 root - INFO - Command 'MOVE' sent to Arduino: .
[2025-03-04 11:25:30,161] 44 root - INFO - Command 'MOVE' sent to Arduino: .
[2025-03-04 11:25:32,165] 44 root - INFO - Command 'HAND_MOTOR:RESET' sent to Arduino: .
[2025-03-04 11:25:34,182] 44 root - INFO - Command 'MOVE' sent to Arduino: .
[2025-03-04 11:25:38,609] 44 root - INFO - Command 'MOVE' sent to Arduino: .
[2025-03-04 11:25:40,612] 44 root - INFO - Command 'HAND_MOTOR:RESET' sent to Arduino: .
[2025-03-04 11:25:42,630] 44 root - INFO - Command 'MOVE' sent to Arduino: .
[2025-03-04 11:25:46,979] 44 root - INFO - Command 'MOVE' sent to Arduino: .
[2025-03-04 11:25:48,987] 44 root - INFO - Command 'HAND_MOTOR:RESET' sent to Arduino: .
[2025-03-04 11:25:50,995] 44 root - INFO - Command 'MOVE' sent to Arduino: .
[2025-03-04 11:25:55,244] 44 root - INFO - Command 'MOVE' sent to Arduino: .
[2025-03-04 11:25:57,253] 44 root - INFO - Command 'HAND_MOTOR:RESET' sent to Arduino: .
[2025-03-04 11:25:59,260] 44 root - INFO - Command 'MOVE' sent to Arduino: .
[2025-03-04 11:26:03,592] 44 root - INFO - Command 'MOVE' sent to Arduino: .
[2025-03-04 11:26:05,597] 44 root - INFO - Command 'HAND_MOTOR:RESET' sent to Arduino: .
[2025-03-04 11:26:07,609] 44 root - INFO - Command 'MOVE' sent to Arduino: .
[2025-03-04 11:26:11,903] 44 root - INFO - Command 'MOVE' sent to Arduino: .
[2025-03-04 11:26:13,908] 44 root - INFO - Command 'HAND_MOTOR:RESET' sent to Arduino: .
[2025-03-04 11:26:15,922] 44 root - INFO - Command 'MOVE' sent to Arduino: .
[2025-03-04 11:26:20,337] 44 root - INFO - Command 'MOVE' sent to Arduino: .
[2025-03-04 11:26:22,353] 44 root - INFO - Command 'HAND_MOTOR:RESET' sent to Arduino: .
[2025-03-04 11:26:24,364] 44 root - INFO - Command 'MOVE' sent to Arduino: .
[2025-03-04 11:26:28,619] 44 root - INFO - Command 'MOVE' sent to Arduino: .
[2025-03-04 11:26:30,624] 44 root - INFO - Command 'HAND_MOTOR:RESET' sent to Arduino: .
[2025-03-04 11:26:32,640] 44 root - INFO - Command 'MOVE' sent to Arduino: .
[2025-03-04 11:26:36,963] 44 root - INFO - Command 'MOVE' sent to Arduino: .
[2025-03-04 11:26:38,974] 44 root - INFO - Command 'HAND_MOTOR:RESET' sent to Arduino: .
[2025-03-04 11:26:40,986] 44 root - INFO - Command 'MOVE' sent to Arduino: .
[2025-03-04 11:26:45,290] 44 root - INFO - Command 'MOVE' sent to Arduino: .
[2025-03-04 11:26:47,295] 44 root - INFO - Command 'HAND_MOTOR:RESET' sent to Arduino: .
[2025-03-04 11:26:49,301] 44 root - INFO - Command 'MOVE' sent to Arduino: .
[2025-03-04 11:26:54,208] 44 root - INFO - Command 'MOVE' sent to Arduino: .
[2025-03-04 11:26:56,217] 44 root - INFO - Command 'HAND_MOTOR:RESET' sent to Arduino: .
[2025-03-04 11:26:58,229] 44 root - INFO - Command 'MOVE' sent to Arduino: .
[2025-03-04 11:27:02,501] 44 root - INFO - Command 'MOVE' sent to Arduino: .
[2025-03-04 11:27:04,511] 44 root - INFO - Command 'HAND_MOTOR:RESET' sent to Arduino: .
[2025-03-04 11:27:06,516] 44 root - INFO - Command 'MOVE' sent to Arduino: .
[2025-03-04 11:27:10,820] 44 root - INFO - Command 'MOVE' sent to Arduino: .
[2025-03-04 11:27:12,827] 44 root - INFO - Command 'HAND_MOTOR:RESET' sent to Arduino: .
[2025-03-04 11:27:14,832] 44 root - INFO - Command 'MOVE' sent to Arduino: .
[2025-03-04 11:27:19,069] 44 root - INFO - Command 'MOVE' sent to Arduino: .
[2025-03-04 11:27:21,073] 44 root - INFO - Command 'HAND_MOTOR:RESET' sent to Arduino: .
[2025-03-04 11:27:23,085] 44 root - INFO - Command 'MOVE' sent to Arduino: .
[2025-03-04 11:27:27,457] 44 root - INFO - Command 'MOVE' sent to Arduino: .
[2025-03-04 11:27:29,467] 44 root - INFO - Command 'HAND_MOTOR:RESET' sent to Arduino: .
[2025-03-04 11:27:31,482] 44 root - INFO - Command 'MOVE' sent to Arduino: .
[2025-03-04 11:27:35,993] 44 root - INFO - Command 'MOVE' sent to Arduino: .
[2025-03-04 11:27:38,000] 44 root - INFO - Command 'HAND_MOTOR:RESET' sent to Arduino: .
[2025-03-04 11:27:40,015] 44 root - INFO - Command 'MOVE' sent to Arduino: .
[2025-03-04 11:27:44,418] 44 root - INFO - Command 'MOVE' sent to Arduino: .
[2025-03-04 11:27:46,426] 44 root - INFO - Command 'HAND_MOTOR:RESET' sent to Arduino: .
[2025-03-04 11:27:48,438] 44 root - INFO - Command 'MOVE' sent to Arduino: .
