[2025-03-12 12:45:56,027] 18 root - INFO - Models have been loaded..
[2025-03-12 12:45:58,031] 24 root - INFO - Arduino connected..
[2025-03-12 12:46:00,251] 95 root - INFO - Camera shot 'http://192.168.1.103/cam-hi.jpg' captured..
[2025-03-12 12:46:04,957] 59 root - INFO - Command 'H' received response: \U0001f680 System Ready. Waiting for commands....
[2025-03-12 12:46:04,985] 59 root - INFO - Command 'H' received response: Hand Pressure Activated.
[2025-03-12 12:46:09,503] 59 root - INFO - Command 'C' received response: Cutter Complete.
[2025-03-12 12:46:10,527] 59 root - INFO - Command 'O' received response: Rotating Opening Plate Clockwise.
[2025-03-12 12:46:10,667] 59 root - INFO - Command 'O' received response: Opening Plate Stopped.
[2025-03-12 12:46:11,691] 59 root - INFO - Command 'O' received response: Rotating Opening Plate Counterclockwise.
[2025-03-12 12:46:11,823] 59 root - INFO - Command 'O' received response: Opening Plate Stopped.
[2025-03-12 12:46:12,833] 59 root - INFO - Command 'O' received response: Plate Rotation Completed.
[2025-03-12 12:46:14,885] 59 root - INFO - Command 'MOVE_SINGLE' received response: MOVE_SINGLE WITH SPEED ....
[2025-03-12 12:46:25,319] 113 root - INFO - Camera shot 'http://192.168.1.104/cam-hi.jpg' captured with bounding box.
[2025-03-12 12:46:37,800] 76 root - INFO - Response 'â\x9c\x85 Flag received: 4' sent..
[2025-03-12 12:46:38,806] 59 root - INFO - Command 'MOVE_SINGLE' received response: Rotating plate at full speed....
[2025-03-12 12:46:44,809] 59 root - INFO - Command 'MOVE_MULTI' received response: MOVE_SINGLE WITH SPEED ....
[2025-03-12 12:46:51,990] 113 root - INFO - Camera shot 'http://192.168.1.104/cam-hi.jpg' captured with bounding box.
[2025-03-12 12:47:04,279] 76 root - INFO - Response 'â\x9c\x85 Flag received: 4' sent..
[2025-03-12 12:47:05,282] 59 root - INFO - Command 'MOVE_SINGLE' received response: Rotating plate at full speed....
[2025-03-12 12:47:11,285] 59 root - INFO - Command 'MOVE_MULTI' received response: MOVE_MULTI WITHOUT SPEED.
[2025-03-12 12:47:18,508] 113 root - INFO - Camera shot 'http://192.168.1.104/cam-hi.jpg' captured with bounding box.
[2025-03-12 12:47:30,681] 173 root - INFO - Ignored large bounding box: (6, 4, 343, 525).
[2025-03-12 12:47:30,684] 59 root - INFO - Command 'MOVE_MULTI' received response: Resuming MULTI_SINGLE....
[2025-03-12 12:47:40,009] 113 root - INFO - Camera shot 'http://192.168.1.104/cam-hi.jpg' captured with bounding box.
[2025-03-12 12:47:52,230] 173 root - INFO - Ignored large bounding box: (11, 2, 339, 507).
[2025-03-12 12:47:52,232] 173 root - INFO - Ignored large bounding box: (310, 16, 707, 566).
[2025-03-12 12:47:52,237] 59 root - INFO - Command 'MOVE_MULTI' received response: Rotating plate at 50% speed....
