[2025-03-12 13:19:12,326] 18 root - INFO - Models have been loaded..
[2025-03-12 13:19:14,329] 24 root - INFO - Arduino connected..
[2025-03-12 13:19:17,441] 95 root - INFO - Camera shot 'http://192.168.1.103/cam-hi.jpg' captured..
[2025-03-12 13:19:22,274] 59 root - INFO - Command 'H' received response: \U0001f680 System Ready. Waiting for commands....
[2025-03-12 13:19:22,303] 59 root - INFO - Command 'H' received response: Hand Pressure Activated.
[2025-03-12 13:19:26,822] 59 root - INFO - Command 'C' received response: Cutter Complete.
[2025-03-12 13:19:27,845] 59 root - INFO - Command 'O' received response: Rotating Opening Plate Clockwise.
[2025-03-12 13:19:27,986] 59 root - INFO - Command 'O' received response: Opening Plate Stopped.
[2025-03-12 13:19:29,011] 59 root - INFO - Command 'O' received response: Rotating Opening Plate Counterclockwise.
[2025-03-12 13:19:29,143] 59 root - INFO - Command 'O' received response: Opening Plate Stopped.
[2025-03-12 13:19:30,154] 59 root - INFO - Command 'O' received response: Plate Rotation Completed.
[2025-03-12 13:19:32,203] 59 root - INFO - Command 'MOVE_SINGLE' received response: MOVE_SINGLE WITH SPEED ....
[2025-03-12 13:19:42,707] 113 root - INFO - Camera shot 'http://192.168.1.104/cam-hi.jpg' captured with bounding box.
[2025-03-12 13:19:55,116] 173 root - INFO - Ignored large bounding box: (2, 0, 686, 600).
[2025-03-12 13:19:55,241] 76 root - INFO - Response 'â\x9c\x85 Flag received: 5' sent..
[2025-03-12 13:19:56,244] 59 root - INFO - Command 'MOVE_SINGLE' received response: Rotating plate at full speed....
[2025-03-12 13:20:02,246] 59 root - INFO - Command 'MOVE_MULTI' received response: MOVE_SINGLE WITH SPEED ....
[2025-03-12 13:20:12,112] 113 root - INFO - Camera shot 'http://192.168.1.104/cam-hi.jpg' captured with bounding box.
[2025-03-12 13:20:24,339] 173 root - INFO - Ignored large bounding box: (5, 3, 341, 552).
[2025-03-12 13:20:24,458] 76 root - INFO - Response 'â\x9c\x85 Flag received: 5' sent..
[2025-03-12 13:20:24,461] 59 root - INFO - Command 'MOVE_MULTI' received response: Rotating plate at full speed....
[2025-03-12 13:20:34,655] 113 root - INFO - Camera shot 'http://192.168.1.104/cam-hi.jpg' captured with bounding box.
[2025-03-12 13:20:46,845] 59 root - INFO - Command 'MOVE_MULTI' received response: MOVE_MULTI WITHOUT SPEED.
[2025-03-12 13:20:59,969] 113 root - INFO - Camera shot 'http://192.168.1.104/cam-hi.jpg' captured with bounding box.
[2025-03-12 13:21:12,203] 173 root - INFO - Ignored large bounding box: (0, 26, 690, 572).
[2025-03-12 13:21:12,204] 173 root - INFO - Ignored large bounding box: (5, 5, 343, 511).
[2025-03-12 13:21:12,321] 76 root - INFO - Response 'â\x9c\x85 Flag received: 5' sent..
[2025-03-12 13:21:13,323] 59 root - INFO - Command 'MOVE_SINGLE' received response: Resuming MULTI_SINGLE....
[2025-03-12 13:21:19,327] 59 root - INFO - Command 'MOVE_MULTI' received response: Rotating plate at 50% speed....
