[2025-03-03 13:28:50,337] 18 root - INFO - models been read..
[2025-03-03 13:28:52,339] 24 root - INFO - arduino got connected..
[2025-03-03 13:28:54,912] 68 root - INFO - camera shot '{cam_url}' done successfully.
[2025-03-03 13:28:57,474] 42 root - INFO - Command 'O' been sent to arduino.
[2025-03-03 13:29:00,481] 42 root - INFO - Command 'MOVE' been sent to arduino.
[2025-03-03 13:29:03,659] 68 root - INFO - camera shot '{cam_url}' done successfully.
[2025-03-03 13:29:04,897] 42 root - INFO - Command 'HAND_MOTOR:[]' been sent to arduino.
[2025-03-03 13:29:07,903] 42 root - INFO - Command 'HAND_MOTOR:RESET' been sent to arduino.
[2025-03-03 13:29:09,909] 42 root - INFO - Command 'MOVE' been sent to arduino.
[2025-03-03 13:29:13,008] 68 root - INFO - camera shot '{cam_url}' done successfully.
[2025-03-03 13:29:13,184] 50 root - INFO - response '{response.text}' been sent..
[2025-03-03 13:29:13,185] 138 root - INFO - {selected_flag} been sent.
[2025-03-03 13:29:14,188] 42 root - INFO - Command 'HAND_MOTOR:[5, 5]' been sent to arduino.
[2025-03-03 13:29:17,194] 42 root - INFO - Command 'HAND_MOTOR:RESET' been sent to arduino.
[2025-03-03 13:29:19,732] 42 root - INFO - Command 'MOVE' been sent to arduino.
[2025-03-03 13:29:22,961] 68 root - INFO - camera shot '{cam_url}' done successfully.
[2025-03-03 13:29:25,076] 42 root - INFO - Command 'HAND_MOTOR:[]' been sent to arduino.
[2025-03-03 13:29:29,093] 42 root - INFO - Command 'HAND_MOTOR:RESET' been sent to arduino.
[2025-03-03 13:29:32,114] 42 root - INFO - Command 'MOVE' been sent to arduino.
[2025-03-03 13:29:35,237] 68 root - INFO - camera shot '{cam_url}' done successfully.
[2025-03-03 13:29:36,349] 42 root - INFO - Command 'HAND_MOTOR:[]' been sent to arduino.
[2025-03-03 13:29:40,356] 42 root - INFO - Command 'HAND_MOTOR:RESET' been sent to arduino.
