[2025-03-17 12:41:29,570] 18 root - INFO - Models have been loaded..
[2025-03-17 12:41:31,583] 24 root - INFO - Arduino connected..
[2025-03-17 12:41:33,703] 95 root - INFO - Camera shot 'http://192.168.1.103/cam-hi.jpg' captured..
[2025-03-17 12:41:38,223] 59 root - INFO - Command 'H' received response: \U0001f680 System Ready. Waiting for commands....
[2025-03-17 12:41:38,254] 59 root - INFO - Command 'H' received response: Hand Pressure Activated.
[2025-03-17 12:41:42,770] 59 root - INFO - Command 'C' received response: Cutter Complete.
[2025-03-17 12:41:43,792] 59 root - INFO - Command 'O' received response: Rotating Opening Plate Clockwise.
[2025-03-17 12:41:43,936] 59 root - INFO - Command 'O' received response: Opening Plate Stopped.
[2025-03-17 12:41:44,957] 59 root - INFO - Command 'O' received response: Rotating Opening Plate Counterclockwise.
[2025-03-17 12:41:45,088] 59 root - INFO - Command 'O' received response: Opening Plate Stopped.
[2025-03-17 12:41:46,100] 59 root - INFO - Command 'O' received response: Plate Rotation Completed.
[2025-03-17 12:41:48,154] 59 root - INFO - Command 'MOVE_SINGLE' received response: MOVE_SINGLE WITH SPEED ....
[2025-03-17 12:41:58,279] 113 root - INFO - Camera shot 'http://192.168.1.104/cam-hi.jpg' captured with bounding box.
[2025-03-17 12:42:10,668] 173 root - INFO - Ignored large bounding box: (7, 2, 341, 545).
[2025-03-17 12:42:10,668] 173 root - INFO - Ignored large bounding box: (298, 0, 681, 596).
[2025-03-17 12:42:10,915] 76 root - INFO - Response 'â\x9c\x85 Flag received: 5' sent..
[2025-03-17 12:42:18,048] 113 root - INFO - Camera shot 'http://192.168.1.104/cam-hi.jpg' captured with bounding box.
[2025-03-17 12:42:30,340] 173 root - INFO - Ignored large bounding box: (8, 0, 333, 600).
[2025-03-17 12:42:30,492] 76 root - INFO - Response 'â\x9c\x85 Flag received: 5' sent..
[2025-03-17 12:42:37,593] 113 root - INFO - Camera shot 'http://192.168.1.104/cam-hi.jpg' captured with bounding box.
[2025-03-17 12:42:49,848] 173 root - INFO - Ignored large bounding box: (9, 0, 332, 600).
[2025-03-17 12:42:49,848] 173 root - INFO - Ignored large bounding box: (2, 0, 670, 600).
[2025-03-17 12:42:49,848] 173 root - INFO - Ignored large bounding box: (298, 0, 678, 595).
[2025-03-17 12:42:50,089] 76 root - INFO - Response 'â\x9c\x85 Flag received: 5' sent..
[2025-03-17 12:42:57,250] 113 root - INFO - Camera shot 'http://192.168.1.104/cam-hi.jpg' captured with bounding box.
[2025-03-17 12:43:09,516] 173 root - INFO - Ignored large bounding box: (5, 1, 339, 597).
[2025-03-17 12:43:10,523] 59 root - INFO - Command 'MOVE_MULTI' received response: Rotating plate at full speed....
