[2025-03-03 12:27:06,222] 18 root - INFO - models been read..
[2025-03-03 12:27:08,225] 24 root - INFO - arduino got connected..
[2025-03-03 12:27:12,147] 68 root - INFO - camera shot '{cam_url}' done successfully.
[2025-03-03 12:27:14,651] 42 root - INFO - Command 'O' been sent to arduino.
[2025-03-03 12:27:17,658] 42 root - INFO - Command 'MOVE' been sent to arduino.
[2025-03-03 12:27:20,769] 68 root - INFO - camera shot '{cam_url}' done successfully.
[2025-03-03 12:27:21,232] 50 root - INFO - response '{response.text}' been sent..
[2025-03-03 12:27:21,233] 138 root - INFO - {selected_flag} been sent.
[2025-03-03 12:27:22,237] 42 root - INFO - Command 'HAND_MOTOR:[4]' been sent to arduino.
[2025-03-03 12:27:25,246] 42 root - INFO - Command 'HAND_MOTOR:RESET' been sent to arduino.
[2025-03-03 12:27:27,253] 42 root - INFO - Command 'MOVE' been sent to arduino.
[2025-03-03 12:27:30,329] 68 root - INFO - camera shot '{cam_url}' done successfully.
[2025-03-03 12:27:31,432] 42 root - INFO - Command 'HAND_MOTOR:[]' been sent to arduino.
[2025-03-03 12:27:34,438] 42 root - INFO - Command 'HAND_MOTOR:RESET' been sent to arduino.
[2025-03-03 12:27:36,444] 42 root - INFO - Command 'MOVE' been sent to arduino.
[2025-03-03 12:27:39,650] 68 root - INFO - camera shot '{cam_url}' done successfully.
[2025-03-03 12:27:39,912] 50 root - INFO - response '{response.text}' been sent..
[2025-03-03 12:27:39,912] 138 root - INFO - {selected_flag} been sent.
[2025-03-03 12:27:40,915] 42 root - INFO - Command 'HAND_MOTOR:[4]' been sent to arduino.
[2025-03-03 12:27:44,934] 42 root - INFO - Command 'HAND_MOTOR:RESET' been sent to arduino.
[2025-03-03 12:27:47,939] 42 root - INFO - Command 'MOVE' been sent to arduino.
[2025-03-03 12:27:51,136] 68 root - INFO - camera shot '{cam_url}' done successfully.
[2025-03-03 12:27:51,306] 50 root - INFO - response '{response.text}' been sent..
[2025-03-03 12:27:51,306] 138 root - INFO - {selected_flag} been sent.
[2025-03-03 12:27:52,309] 42 root - INFO - Command 'HAND_MOTOR:[4]' been sent to arduino.
[2025-03-03 12:27:56,326] 42 root - INFO - Command 'HAND_MOTOR:RESET' been sent to arduino.
