[2025-03-12 14:23:28,929] 18 root - INFO - Models have been loaded..
[2025-03-12 14:23:30,932] 24 root - INFO - Arduino connected..
[2025-03-12 14:23:33,214] 95 root - INFO - Camera shot 'http://192.168.1.103/cam-hi.jpg' captured..
[2025-03-12 14:23:37,548] 59 root - INFO - Command 'H' received response: \U0001f680 System Ready. Waiting for commands....
[2025-03-12 14:23:37,579] 59 root - INFO - Command 'H' received response: Hand Pressure Activated.
[2025-03-12 14:23:42,096] 59 root - INFO - Command 'C' received response: Cutter Complete.
[2025-03-12 14:23:43,121] 59 root - INFO - Command 'O' received response: Rotating Opening Plate Clockwise.
[2025-03-12 14:23:43,261] 59 root - INFO - Command 'O' received response: Opening Plate Stopped.
[2025-03-12 14:23:44,284] 59 root - INFO - Command 'O' received response: Rotating Opening Plate Counterclockwise.
[2025-03-12 14:23:44,417] 59 root - INFO - Command 'O' received response: Opening Plate Stopped.
[2025-03-12 14:23:45,426] 59 root - INFO - Command 'O' received response: Plate Rotation Completed.
[2025-03-12 14:23:47,474] 59 root - INFO - Command 'MOVE_SINGLE' received response: MOVE_SINGLE WITH SPEED ....
[2025-03-12 14:23:57,706] 113 root - INFO - Camera shot 'http://192.168.1.104/cam-hi.jpg' captured with bounding box.
[2025-03-12 14:24:10,180] 76 root - INFO - Response 'â\x9c\x85 Flag received: 4' sent..
[2025-03-12 14:24:11,183] 59 root - INFO - Command 'MOVE_SINGLE' received response: Rotating plate at full speed....
[2025-03-12 14:24:17,184] 59 root - INFO - Command 'MOVE_MULTI' received response: MOVE_SINGLE WITH SPEED ....
[2025-03-12 14:24:27,451] 113 root - INFO - Camera shot 'http://192.168.1.104/cam-hi.jpg' captured with bounding box.
[2025-03-12 14:24:39,645] 76 root - INFO - Response 'â\x9c\x85 Flag received: 4' sent..
[2025-03-12 14:24:40,647] 59 root - INFO - Command 'MOVE_SINGLE' received response: Rotating plate at full speed....
[2025-03-12 14:24:46,651] 59 root - INFO - Command 'MOVE_MULTI' received response: MOVE_MULTI WITHOUT SPEED.
[2025-03-12 14:24:56,839] 113 root - INFO - Camera shot 'http://192.168.1.104/cam-hi.jpg' captured with bounding box.
[2025-03-12 14:25:09,050] 76 root - INFO - Response 'â\x9c\x85 Flag received: 4' sent..
[2025-03-12 14:25:10,052] 59 root - INFO - Command 'MOVE_SINGLE' received response: Resuming MULTI_SINGLE....
[2025-03-12 14:25:16,054] 59 root - INFO - Command 'MOVE_MULTI' received response: Rotating plate at 50% speed....
[2025-03-12 14:25:24,393] 113 root - INFO - Camera shot 'http://192.168.1.104/cam-hi.jpg' captured with bounding box.
[2025-03-12 14:25:36,693] 76 root - INFO - Response 'â\x9c\x85 Flag received: 4' sent..
[2025-03-12 14:26:07,984] 66 root - ERROR - Timeout for command MOVE_SINGLE.
[2025-03-12 14:26:44,261] 66 root - ERROR - Timeout for command MOVE_MULTI.
