[2025-03-17 13:06:23,852] 18 root - INFO - Models have been loaded..
[2025-03-17 13:06:25,864] 24 root - INFO - Arduino connected..
[2025-03-17 13:06:28,065] 95 root - INFO - Camera shot 'http://192.168.1.103/cam-hi.jpg' captured..
[2025-03-17 13:06:30,680] 59 root - INFO - Command 'O' received response: \U0001f680 System Ready. Waiting for commands....
[2025-03-17 13:06:30,718] 59 root - INFO - Command 'O' received response: Rotating Opening Plate Clockwise.
[2025-03-17 13:06:30,858] 59 root - INFO - Command 'O' received response: Opening Plate Stopped.
[2025-03-17 13:06:31,884] 59 root - INFO - Command 'O' received response: Rotating Opening Plate Counterclockwise.
[2025-03-17 13:06:32,006] 59 root - INFO - Command 'O' received response: Opening Plate Stopped.
[2025-03-17 13:06:33,014] 59 root - INFO - Command 'O' received response: Plate Rotation Completed.
[2025-03-17 13:06:35,076] 59 root - INFO - Command 'MOVE_SINGLE' received response: MOVE_SINGLE WITH SPEED ....
[2025-03-17 13:06:45,385] 113 root - INFO - Camera shot 'http://192.168.1.104/cam-hi.jpg' captured with bounding box.
[2025-03-17 13:06:57,773] 173 root - INFO - Ignored large bounding box: (3, 0, 338, 596).
[2025-03-17 13:06:57,773] 173 root - INFO - Ignored large bounding box: (0, 0, 669, 600).
[2025-03-17 13:06:58,780] 59 root - INFO - Command 'MOVE_MULTI' received response: Rotating plate at full speed....
[2025-03-17 13:07:05,925] 113 root - INFO - Camera shot 'http://192.168.1.104/cam-hi.jpg' captured with bounding box.
[2025-03-17 13:07:18,174] 173 root - INFO - Ignored large bounding box: (7, 1, 340, 502).
[2025-03-17 13:07:18,175] 173 root - INFO - Ignored large bounding box: (0, 3, 666, 536).
[2025-03-17 13:07:19,179] 59 root - INFO - Command 'MOVE_MULTI' received response: MOVE_MULTI WITHOUT SPEED.
[2025-03-17 13:07:26,288] 113 root - INFO - Camera shot 'http://192.168.1.104/cam-hi.jpg' captured with bounding box.
[2025-03-17 13:07:38,513] 173 root - INFO - Ignored large bounding box: (8, 0, 670, 600).
[2025-03-17 13:07:38,513] 173 root - INFO - Ignored large bounding box: (0, 2, 345, 600).
[2025-03-17 13:07:39,521] 59 root - INFO - Command 'MOVE_MULTI' received response: Rotating plate at 50% speed....
[2025-03-17 13:07:46,659] 113 root - INFO - Camera shot 'http://192.168.1.104/cam-hi.jpg' captured with bounding box.
[2025-03-17 13:07:58,897] 173 root - INFO - Ignored large bounding box: (5, 2, 342, 593).
[2025-03-17 13:07:58,899] 173 root - INFO - Ignored large bounding box: (3, 0, 675, 599).
[2025-03-17 13:07:59,012] 76 root - INFO - Response 'â\x9c\x85 Flag received: 5' sent..
