[2025-03-17 16:56:36,051] 18 root - INFO - Models have been loaded..
[2025-03-17 16:56:38,062] 24 root - INFO - Arduino connected..
[2025-03-17 16:56:40,372] 95 root - INFO - Camera shot 'http://192.168.1.103/cam-hi.jpg' captured..
[2025-03-17 16:56:41,815] 59 root - INFO - Command 'O' received response: \U0001f680 System Ready. Waiting for commands....
[2025-03-17 16:56:41,858] 59 root - INFO - Command 'O' received response: Rotating Opening Plate Clockwise.
[2025-03-17 16:56:41,997] 59 root - INFO - Command 'O' received response: Opening Plate Stopped.
[2025-03-17 16:56:43,016] 59 root - INFO - Command 'O' received response: Rotating Opening Plate Counterclockwise.
[2025-03-17 16:56:43,154] 59 root - INFO - Command 'O' received response: Opening Plate Stopped.
[2025-03-17 16:56:44,157] 59 root - INFO - Command 'O' received response: Plate Rotation Completed.
[2025-03-17 16:56:46,205] 59 root - INFO - Command 'MOVE_SINGLE' received response: MOVE_SINGLE WITH SPEED ....
[2025-03-17 16:56:52,612] 113 root - INFO - Camera shot 'http://192.168.1.104/cam-hi.jpg' captured with bounding box.
[2025-03-17 16:57:04,804] 173 root - INFO - Ignored large bounding box: (6, 3, 340, 504) and class nonbiogasready.
[2025-03-17 16:57:04,807] 173 root - INFO - Ignored large bounding box: (1, 0, 690, 600) and class nonbiogasready.
[2025-03-17 16:57:06,810] 59 root - INFO - Command 'MOVE_MULTI' received response: Rotating plate at full speed....
[2025-03-17 16:57:10,973] 113 root - INFO - Camera shot 'http://192.168.1.104/cam-hi.jpg' captured with bounding box.
[2025-03-17 16:57:23,081] 173 root - INFO - Ignored large bounding box: (1, 0, 675, 600) and class nonbiogasready.
[2025-03-17 16:57:23,081] 173 root - INFO - Ignored large bounding box: (0, 1, 341, 591) and class nonbiogasready.
[2025-03-17 16:57:23,091] 59 root - INFO - Command 'FLAG_4' received response: MOVE_MULTI WITHOUT SPEED.
[2025-03-17 16:57:25,095] 59 root - INFO - Command 'MOVE_MULTI' received response: Rotating plate at 50% speed....
[2025-03-17 16:57:29,348] 113 root - INFO - Camera shot 'http://192.168.1.104/cam-hi.jpg' captured with bounding box.
[2025-03-17 16:57:41,457] 173 root - INFO - Ignored large bounding box: (0, 0, 686, 600) and class nonbiogasready.
[2025-03-17 16:57:41,460] 59 root - INFO - Command 'FLAG_4' received response: MOVE_MULTI WITHOUT SPEED.
[2025-03-17 16:57:43,467] 59 root - INFO - Command 'MOVE_MULTI' received response: Rotating plate at 50% speed....
[2025-03-17 16:57:47,649] 113 root - INFO - Camera shot 'http://192.168.1.104/cam-hi.jpg' captured with bounding box.
[2025-03-17 16:57:59,765] 173 root - INFO - Ignored large bounding box: (3, 0, 679, 565) and class nonbiogasready.
[2025-03-17 16:57:59,768] 173 root - INFO - Ignored large bounding box: (8, 0, 339, 508) and class nonbiogasready.
[2025-03-17 16:58:01,775] 59 root - INFO - Command 'MOVE_MULTI' received response: MOVE_MULTI WITHOUT SPEED.
