[2025-03-03 14:44:28,729] 18 root - INFO - models been read..
[2025-03-03 14:44:30,731] 24 root - INFO - arduino got connected..
[2025-03-03 14:44:33,396] 68 root - INFO - camera shot '{cam_url}' done successfully.
[2025-03-03 14:44:35,795] 42 root - INFO - Command 'O' been sent to arduino.
[2025-03-03 14:44:38,802] 42 root - INFO - Command 'MOVE' been sent to arduino.
[2025-03-03 14:44:42,182] 68 root - INFO - camera shot '{cam_url}' done successfully.
[2025-03-03 14:44:43,398] 42 root - INFO - Command 'HAND_MOTOR:[]' been sent to arduino.
[2025-03-03 14:44:46,404] 42 root - INFO - Command 'HAND_MOTOR:RESET' been sent to arduino.
[2025-03-03 14:44:48,410] 42 root - INFO - Command 'MOVE' been sent to arduino.
[2025-03-03 14:44:51,495] 68 root - INFO - camera shot '{cam_url}' done successfully.
[2025-03-03 14:44:51,801] 50 root - INFO - response '{response.text}' been sent..
[2025-03-03 14:44:51,802] 138 root - INFO - {selected_flag} been sent.
[2025-03-03 14:44:52,805] 42 root - INFO - Command 'HAND_MOTOR:[4, 5]' been sent to arduino.
[2025-03-03 14:44:55,812] 42 root - INFO - Command 'HAND_MOTOR:RESET' been sent to arduino.
[2025-03-03 14:44:57,816] 42 root - INFO - Command 'MOVE' been sent to arduino.
[2025-03-03 14:45:00,895] 68 root - INFO - camera shot '{cam_url}' done successfully.
[2025-03-03 14:45:01,114] 50 root - INFO - response '{response.text}' been sent..
[2025-03-03 14:45:01,114] 138 root - INFO - {selected_flag} been sent.
[2025-03-03 14:45:03,122] 42 root - INFO - Command 'HAND_MOTOR:[5, 4]' been sent to arduino.
[2025-03-03 14:45:07,126] 42 root - INFO - Command 'HAND_MOTOR:RESET' been sent to arduino.
[2025-03-03 14:45:09,132] 42 root - INFO - Command 'MOVE' been sent to arduino.
[2025-03-03 14:45:12,445] 68 root - INFO - camera shot '{cam_url}' done successfully.
[2025-03-03 14:45:12,604] 50 root - INFO - response '{response.text}' been sent..
[2025-03-03 14:45:12,604] 138 root - INFO - {selected_flag} been sent.
[2025-03-03 14:45:14,621] 42 root - INFO - Command 'HAND_MOTOR:[5]' been sent to arduino.
[2025-03-03 14:45:18,634] 42 root - INFO - Command 'HAND_MOTOR:RESET' been sent to arduino.
