[2025-03-17 12:31:57,314] 18 root - INFO - Models have been loaded..
[2025-03-17 12:31:59,317] 24 root - INFO - Arduino connected..
[2025-03-17 12:32:01,474] 95 root - INFO - Camera shot 'http://192.168.1.103/cam-hi.jpg' captured..
[2025-03-17 12:32:06,198] 59 root - INFO - Command 'H' received response: \U0001f680 System Ready. Waiting for commands....
[2025-03-17 12:32:06,228] 59 root - INFO - Command 'H' received response: Hand Pressure Activated.
[2025-03-17 12:32:10,738] 59 root - INFO - Command 'C' received response: Cutter Complete.
[2025-03-17 12:32:11,763] 59 root - INFO - Command 'O' received response: Rotating Opening Plate Clockwise.
[2025-03-17 12:32:11,905] 59 root - INFO - Command 'O' received response: Opening Plate Stopped.
[2025-03-17 12:32:12,935] 59 root - INFO - Command 'O' received response: Rotating Opening Plate Counterclockwise.
[2025-03-17 12:32:13,067] 59 root - INFO - Command 'O' received response: Opening Plate Stopped.
[2025-03-17 12:32:14,068] 59 root - INFO - Command 'O' received response: Plate Rotation Completed.
[2025-03-17 12:32:16,128] 59 root - INFO - Command 'MOVE_SINGLE' received response: MOVE_SINGLE WITH SPEED ....
[2025-03-17 12:32:26,268] 113 root - INFO - Camera shot 'http://192.168.1.104/cam-hi.jpg' captured with bounding box.
[2025-03-17 12:32:38,654] 173 root - INFO - Ignored large bounding box: (2, 0, 669, 600).
[2025-03-17 12:32:38,654] 173 root - INFO - Ignored large bounding box: (1, 1, 341, 530).
[2025-03-17 12:32:40,663] 59 root - INFO - Command 'MOVE_MULTI' received response: Rotating plate at full speed....
[2025-03-17 12:32:47,767] 113 root - INFO - Camera shot 'http://192.168.1.104/cam-hi.jpg' captured with bounding box.
[2025-03-17 12:33:00,012] 173 root - INFO - Ignored large bounding box: (2, 0, 340, 592).
[2025-03-17 12:33:00,016] 173 root - INFO - Ignored large bounding box: (0, 0, 676, 600).
[2025-03-17 12:33:02,022] 59 root - INFO - Command 'MOVE_MULTI' received response: MOVE_MULTI WITHOUT SPEED.
[2025-03-17 12:33:10,389] 113 root - INFO - Camera shot 'http://192.168.1.104/cam-hi.jpg' captured with bounding box.
[2025-03-17 12:33:22,620] 173 root - INFO - Ignored large bounding box: (5, 0, 341, 578).
[2025-03-17 12:33:22,622] 173 root - INFO - Ignored large bounding box: (290, 0, 674, 596).
[2025-03-17 12:33:24,627] 59 root - INFO - Command 'MOVE_MULTI' received response: Rotating plate at 50% speed....
[2025-03-17 12:33:31,806] 113 root - INFO - Camera shot 'http://192.168.1.104/cam-hi.jpg' captured with bounding box.
[2025-03-17 12:33:44,036] 173 root - INFO - Ignored large bounding box: (4, 0, 344, 584).
[2025-03-17 12:33:46,041] 59 root - INFO - Command 'MOVE_MULTI' received response: hello chutiya.
