[2025-02-28 16:14:49,694] 18 root - INFO - models been read..
[2025-02-28 16:14:51,698] 24 root - INFO - arduino got connected..
[2025-02-28 16:14:53,868] 68 root - INFO - camera shot '{cam_url}' done successfully.
[2025-02-28 16:14:57,178] 42 root - INFO - Command 'O' been sent to arduino.
[2025-02-28 16:15:00,185] 42 root - INFO - Command 'MOVE' been sent to arduino.
[2025-02-28 16:15:03,931] 68 root - INFO - camera shot '{cam_url}' done successfully.
[2025-02-28 16:15:05,273] 42 root - INFO - Command 'HAND_MOTOR:[]' been sent to arduino.
[2025-02-28 16:15:08,279] 42 root - INFO - Command 'HAND_MOTOR:RESET' been sent to arduino.
[2025-02-28 16:15:10,283] 42 root - INFO - Command 'MOVE' been sent to arduino.
[2025-02-28 16:15:13,554] 68 root - INFO - camera shot '{cam_url}' done successfully.
[2025-02-28 16:15:13,866] 50 root - INFO - response '{response.text}' been sent..
[2025-02-28 16:15:13,867] 138 root - INFO - {selected_flag} been sent.
[2025-02-28 16:15:14,870] 42 root - INFO - Command 'HAND_MOTOR:[4]' been sent to arduino.
[2025-02-28 16:15:17,878] 42 root - INFO - Command 'HAND_MOTOR:RESET' been sent to arduino.
[2025-02-28 16:15:19,884] 42 root - INFO - Command 'MOVE' been sent to arduino.
[2025-02-28 16:15:23,694] 68 root - INFO - camera shot '{cam_url}' done successfully.
[2025-02-28 16:15:25,855] 42 root - INFO - Command 'HAND_MOTOR:[]' been sent to arduino.
[2025-02-28 16:15:29,870] 42 root - INFO - Command 'HAND_MOTOR:RESET' been sent to arduino.
[2025-02-28 16:15:31,876] 42 root - INFO - Command 'MOVE' been sent to arduino.
[2025-02-28 16:15:35,049] 68 root - INFO - camera shot '{cam_url}' done successfully.
[2025-02-28 16:15:37,215] 42 root - INFO - Command 'HAND_MOTOR:[]' been sent to arduino.
[2025-02-28 16:15:41,232] 42 root - INFO - Command 'HAND_MOTOR:RESET' been sent to arduino.
