[2025-03-11 12:13:46,733] 18 root - INFO - Models have been loaded..
[2025-03-11 12:13:48,737] 24 root - INFO - Arduino connected..
[2025-03-11 12:13:51,017] 91 root - INFO - Camera shot 'http://192.168.1.103/cam-hi.jpg' captured with bounding box.
[2025-03-11 12:13:55,267] 57 root - INFO - Command 'H' received response: \U0001f680 System Ready. Waiting for commands....
[2025-03-11 12:13:55,294] 57 root - INFO - Command 'H' received response: Hand Pressure Activated.
[2025-03-11 12:13:59,813] 57 root - INFO - Command 'C' received response: Cutter Complete.
[2025-03-11 12:14:00,838] 57 root - INFO - Command 'O' received response: Rotating Opening Plate Clockwise.
[2025-03-11 12:14:00,977] 57 root - INFO - Command 'O' received response: Opening Plate Stopped.
[2025-03-11 12:14:02,003] 57 root - INFO - Command 'O' received response: Rotating Opening Plate Counterclockwise.
[2025-03-11 12:14:02,136] 57 root - INFO - Command 'O' received response: Opening Plate Stopped.
[2025-03-11 12:14:03,146] 57 root - INFO - Command 'O' received response: Plate Rotation Completed.
[2025-03-11 12:14:07,386] 108 root - INFO - Camera shot 'http://192.168.1.104/cam-hi.jpg' captured with bounding box.
[2025-03-11 12:14:07,436] 57 root - INFO - Command 'MOVE_SINGLE' received response: MOVE_SINGLE WITH SPEED ....
[2025-03-11 12:14:19,632] 164 root - INFO - Ignored large bounding box: (96, 0, 789, 592).
[2025-03-11 12:14:19,639] 57 root - INFO - Command 'MOVE_MULTI' received response: Rotating plate at full speed....
[2025-03-11 12:14:23,804] 108 root - INFO - Camera shot 'http://192.168.1.104/cam-hi.jpg' captured with bounding box.
[2025-03-11 12:14:23,806] 57 root - INFO - Command 'MOVE_SINGLE' received response: MOVE_MULTI WITHOUT SPEED.
[2025-03-11 12:14:36,038] 73 root - INFO - Response 'â\x9c\x85 Flag received: 5' sent..
[2025-03-11 12:14:37,041] 57 root - INFO - Command 'MOVE_SINGLE' received response: Resuming MULTI_SINGLE....
[2025-03-11 12:14:43,046] 57 root - INFO - Command 'MOVE_MULTI' received response: Rotating plate at 50% speed....
[2025-03-11 12:14:45,161] 108 root - INFO - Camera shot 'http://192.168.1.104/cam-hi.jpg' captured with bounding box.
[2025-03-11 12:14:45,163] 57 root - INFO - Command 'MOVE_SINGLE' received response: Resuming MULTI_SINGLE....
[2025-03-11 12:14:57,411] 73 root - INFO - Response 'â\x9c\x85 Flag received: 5' sent..
[2025-03-11 12:14:58,415] 57 root - INFO - Command 'MOVE_SINGLE' received response: Rotating plate at 50% speed....
[2025-03-11 12:15:04,419] 57 root - INFO - Command 'MOVE_MULTI' received response: MOVE_SINGLE WITH SPEED ....
