[2025-03-13 12:50:39,269] 18 root - INFO - Models have been loaded..
[2025-03-13 12:50:41,273] 24 root - INFO - Arduino connected..
[2025-03-13 12:50:43,471] 95 root - INFO - Camera shot 'http://192.168.1.103/cam-hi.jpg' captured..
[2025-03-13 12:50:47,050] 59 root - INFO - Command 'H' received response: \U0001f680 System Ready. Waiting for commands....
[2025-03-13 12:50:47,078] 59 root - INFO - Command 'H' received response: Hand Pressure Activated.
[2025-03-13 12:50:51,597] 59 root - INFO - Command 'C' received response: Cutter Complete.
[2025-03-13 12:50:52,621] 59 root - INFO - Command 'O' received response: Rotating Opening Plate Clockwise.
[2025-03-13 12:50:52,760] 59 root - INFO - Command 'O' received response: Opening Plate Stopped.
[2025-03-13 12:50:53,786] 59 root - INFO - Command 'O' received response: Rotating Opening Plate Counterclockwise.
[2025-03-13 12:50:53,918] 59 root - INFO - Command 'O' received response: Opening Plate Stopped.
[2025-03-13 12:50:54,927] 59 root - INFO - Command 'O' received response: Plate Rotation Completed.
[2025-03-13 12:50:56,976] 59 root - INFO - Command 'MOVE_SINGLE' received response: MOVE_SINGLE WITH SPEED ....
[2025-03-13 12:51:07,111] 113 root - INFO - Camera shot 'http://192.168.1.104/cam-hi.jpg' captured with bounding box.
[2025-03-13 12:51:19,329] 173 root - INFO - Ignored large bounding box: (10, 5, 345, 540).
[2025-03-13 12:51:19,329] 173 root - INFO - Ignored large bounding box: (0, 6, 693, 594).
[2025-03-13 12:51:19,330] 173 root - INFO - Ignored large bounding box: (299, 10, 694, 594).
[2025-03-13 12:51:19,331] 59 root - INFO - Command 'MOVE_MULTI' received response: Rotating plate at full speed....
[2025-03-13 12:51:28,532] 113 root - INFO - Camera shot 'http://192.168.1.104/cam-hi.jpg' captured with bounding box.
[2025-03-13 12:51:40,670] 173 root - INFO - Ignored large bounding box: (2, 2, 703, 600).
[2025-03-13 12:51:40,670] 173 root - INFO - Ignored large bounding box: (10, 2, 345, 552).
[2025-03-13 12:51:40,673] 59 root - INFO - Command 'MOVE_MULTI' received response: MOVE_MULTI WITHOUT SPEED.
[2025-03-13 12:51:49,807] 113 root - INFO - Camera shot 'http://192.168.1.104/cam-hi.jpg' captured with bounding box.
[2025-03-13 12:52:01,920] 173 root - INFO - Ignored large bounding box: (2, 4, 702, 600).
[2025-03-13 12:52:01,922] 173 root - INFO - Ignored large bounding box: (9, 0, 346, 598).
