[2025-03-17 12:07:23,400] 18 root - INFO - Models have been loaded..
[2025-03-17 12:07:25,408] 24 root - INFO - Arduino connected..
[2025-03-17 12:07:27,592] 95 root - INFO - Camera shot 'http://192.168.1.103/cam-hi.jpg' captured..
[2025-03-17 12:07:29,173] 59 root - INFO - Command 'O' received response: \U0001f680 System Ready. Waiting for commands....
[2025-03-17 12:07:29,212] 59 root - INFO - Command 'O' received response: Rotating Opening Plate Clockwise.
[2025-03-17 12:07:29,352] 59 root - INFO - Command 'O' received response: Opening Plate Stopped.
[2025-03-17 12:07:30,379] 59 root - INFO - Command 'O' received response: Rotating Opening Plate Counterclockwise.
[2025-03-17 12:07:30,512] 59 root - INFO - Command 'O' received response: Opening Plate Stopped.
[2025-03-17 12:07:31,514] 59 root - INFO - Command 'O' received response: Plate Rotation Completed.
[2025-03-17 12:07:33,573] 59 root - INFO - Command 'MOVE_SINGLE' received response: MOVE_SINGLE WITH SPEED ....
[2025-03-17 12:07:43,776] 113 root - INFO - Camera shot 'http://192.168.1.104/cam-hi.jpg' captured with bounding box.
[2025-03-17 12:07:55,980] 173 root - INFO - Ignored large bounding box: (9, 0, 342, 597).
[2025-03-17 12:07:55,980] 173 root - INFO - Ignored large bounding box: (0, 0, 681, 600).
[2025-03-17 12:07:57,988] 59 root - INFO - Command 'MOVE_MULTI' received response: Rotating plate at full speed....
[2025-03-17 12:08:05,126] 113 root - INFO - Camera shot 'http://192.168.1.104/cam-hi.jpg' captured with bounding box.
[2025-03-17 12:08:17,228] 173 root - INFO - Ignored large bounding box: (4, 0, 336, 599).
[2025-03-17 12:08:17,236] 59 root - INFO - Command 'MOVE_SINGLE' received response: MOVE_MULTI WITHOUT SPEED.
[2025-03-17 12:08:26,663] 113 root - INFO - Camera shot 'http://192.168.1.104/cam-hi.jpg' captured with bounding box.
[2025-03-17 12:08:38,773] 173 root - INFO - Ignored large bounding box: (8, 4, 340, 599).
[2025-03-17 12:08:38,773] 173 root - INFO - Ignored large bounding box: (1, 0, 670, 600).
[2025-03-17 12:08:39,038] 76 root - INFO - Response 'â\x9c\x85 Flag received: 5' sent..
[2025-03-17 12:08:39,041] 59 root - INFO - Command 'MOVE_MULTI' received response: Resuming MULTI_SINGLE....
[2025-03-17 12:08:48,140] 113 root - INFO - Camera shot 'http://192.168.1.104/cam-hi.jpg' captured with bounding box.
[2025-03-17 12:09:00,232] 173 root - INFO - Ignored large bounding box: (6, 1, 341, 598).
[2025-03-17 12:09:00,235] 173 root - INFO - Ignored large bounding box: (0, 0, 675, 597).
[2025-03-17 12:09:02,239] 59 root - INFO - Command 'MOVE_MULTI' received response: Rotating plate at 50% speed....
