[2025-03-03 12:29:47,064] 18 root - INFO - models been read..
[2025-03-03 12:29:49,067] 24 root - INFO - arduino got connected..
[2025-03-03 12:29:51,895] 68 root - INFO - camera shot '{cam_url}' done successfully.
[2025-03-03 12:29:54,421] 42 root - INFO - Command 'O' been sent to arduino.
[2025-03-03 12:29:57,429] 42 root - INFO - Command 'MOVE' been sent to arduino.
[2025-03-03 12:30:00,516] 68 root - INFO - camera shot '{cam_url}' done successfully.
[2025-03-03 12:30:01,727] 42 root - INFO - Command 'HAND_MOTOR:[]' been sent to arduino.
[2025-03-03 12:30:04,732] 42 root - INFO - Command 'HAND_MOTOR:RESET' been sent to arduino.
[2025-03-03 12:30:06,738] 42 root - INFO - Command 'MOVE' been sent to arduino.
[2025-03-03 12:30:09,932] 68 root - INFO - camera shot '{cam_url}' done successfully.
[2025-03-03 12:30:11,034] 42 root - INFO - Command 'HAND_MOTOR:[]' been sent to arduino.
[2025-03-03 12:30:14,039] 42 root - INFO - Command 'HAND_MOTOR:RESET' been sent to arduino.
[2025-03-03 12:30:17,056] 42 root - INFO - Command 'MOVE' been sent to arduino.
[2025-03-03 12:30:20,186] 68 root - INFO - camera shot '{cam_url}' done successfully.
[2025-03-03 12:30:22,294] 42 root - INFO - Command 'HAND_MOTOR:[]' been sent to arduino.
[2025-03-03 12:30:26,301] 42 root - INFO - Command 'HAND_MOTOR:RESET' been sent to arduino.
[2025-03-03 12:30:29,318] 42 root - INFO - Command 'MOVE' been sent to arduino.
[2025-03-03 12:30:32,470] 68 root - INFO - camera shot '{cam_url}' done successfully.
[2025-03-03 12:30:34,574] 42 root - INFO - Command 'HAND_MOTOR:[]' been sent to arduino.
[2025-03-03 12:30:38,593] 42 root - INFO - Command 'HAND_MOTOR:RESET' been sent to arduino.
