[2025-02-27 18:31:43,234] 20 root - INFO - models been read..
[2025-02-27 18:31:45,238] 26 root - INFO - arduino got connected..
[2025-02-27 18:31:47,359] 70 root - INFO - camera shot '{cam_url}' done successfully.
[2025-02-27 18:31:49,456] 82 root - INFO - Class detected: {detected_class}.
[2025-02-27 18:31:50,461] 44 root - INFO - Command 'H' been sent to arduino.
[2025-02-27 18:31:52,466] 44 root - INFO - Command 'C' been sent to arduino.
[2025-02-27 18:31:54,472] 44 root - INFO - Command 'O' been sent to arduino.
[2025-02-27 18:31:57,478] 44 root - INFO - Command 'MOVE' been sent to arduino.
[2025-02-27 18:32:00,778] 70 root - INFO - camera shot '{cam_url}' done successfully.
[2025-02-27 18:32:01,264] 52 root - INFO - response '{response.text}' been sent..
[2025-02-27 18:32:01,274] 140 root - INFO - 4 been sent.
[2025-02-27 18:32:02,277] 44 root - INFO - Command 'HAND_MOTOR:[5, 4, 5, 5, 5, 5]' been sent to arduino.
[2025-02-27 18:32:05,282] 44 root - INFO - Command 'HAND_MOTOR:RESET' been sent to arduino.
[2025-02-27 18:32:07,290] 44 root - INFO - Command 'MOVE' been sent to arduino.
[2025-02-27 18:32:11,077] 70 root - INFO - camera shot '{cam_url}' done successfully.
[2025-02-27 18:32:11,299] 52 root - INFO - response '{response.text}' been sent..
[2025-02-27 18:32:11,300] 140 root - INFO - 4 been sent.
[2025-02-27 18:32:12,304] 44 root - INFO - Command 'HAND_MOTOR:[4, 4, 5]' been sent to arduino.
[2025-02-27 18:32:15,308] 44 root - INFO - Command 'HAND_MOTOR:RESET' been sent to arduino.
[2025-02-27 18:32:17,314] 44 root - INFO - Command 'MOVE' been sent to arduino.
[2025-02-27 18:32:20,425] 70 root - INFO - camera shot '{cam_url}' done successfully.
[2025-02-27 18:32:20,655] 52 root - INFO - response '{response.text}' been sent..
[2025-02-27 18:32:20,656] 140 root - INFO - 4 been sent.
[2025-02-27 18:32:21,660] 44 root - INFO - Command 'HAND_MOTOR:[4, 5, 5, 5]' been sent to arduino.
[2025-02-27 18:32:24,666] 44 root - INFO - Command 'HAND_MOTOR:RESET' been sent to arduino.
[2025-02-27 18:32:27,686] 44 root - INFO - Command 'MOVE' been sent to arduino.
[2025-02-27 18:32:30,839] 70 root - INFO - camera shot '{cam_url}' done successfully.
[2025-02-27 18:32:31,080] 52 root - INFO - response '{response.text}' been sent..
[2025-02-27 18:32:31,081] 140 root - INFO - 4 been sent.
[2025-02-27 18:32:32,085] 44 root - INFO - Command 'HAND_MOTOR:[4, 5, 5]' been sent to arduino.
[2025-02-27 18:32:36,097] 44 root - INFO - Command 'HAND_MOTOR:RESET' been sent to arduino.
