[2025-02-20 17:13:56,532] 18 root - INFO - models been read..
[2025-02-20 17:13:58,537] 24 root - INFO - arduino got connected..
[2025-02-20 17:14:00,773] 68 root - INFO - camera shot '{cam_url}' done successfully.
[2025-02-20 17:14:02,186] 80 root - INFO - Class detected: {detected_class}.
[2025-02-20 17:14:02,186] 97 root - INFO - first camera did its work.
[2025-02-20 17:14:03,193] 42 root - INFO - Command '{cmd}' been sent to arduino.
[2025-02-20 17:14:04,196] 42 root - INFO - Command '{cmd}' been sent to arduino.
[2025-02-20 17:14:06,210] 42 root - INFO - Command '{cmd}' been sent to arduino.
[2025-02-20 17:14:09,248] 42 root - INFO - Command '{cmd}' been sent to arduino.
[2025-02-20 17:14:12,478] 68 root - INFO - camera shot '{cam_url}' done successfully.
[2025-02-20 17:14:12,901] 50 root - INFO - response '{response.text}' been sent..
[2025-02-20 17:14:12,901] 136 root - INFO - {selected_flag} been sent.
[2025-02-20 17:14:13,907] 42 root - INFO - Command '{cmd}' been sent to arduino.
[2025-02-20 17:14:17,920] 42 root - INFO - Command '{cmd}' been sent to arduino.
[2025-02-20 17:14:19,988] 42 root - INFO - Command '{cmd}' been sent to arduino.
[2025-02-20 17:14:23,191] 68 root - INFO - camera shot '{cam_url}' done successfully.
[2025-02-20 17:14:23,373] 50 root - INFO - response '{response.text}' been sent..
[2025-02-20 17:14:23,373] 136 root - INFO - {selected_flag} been sent.
[2025-02-20 17:14:25,384] 42 root - INFO - Command '{cmd}' been sent to arduino.
[2025-02-20 17:14:29,393] 42 root - INFO - Command '{cmd}' been sent to arduino.
[2025-02-20 17:14:32,402] 42 root - INFO - Command '{cmd}' been sent to arduino.
[2025-02-20 17:14:35,566] 68 root - INFO - camera shot '{cam_url}' done successfully.
[2025-02-20 17:14:36,696] 42 root - INFO - Command '{cmd}' been sent to arduino.
[2025-02-20 17:14:40,713] 42 root - INFO - Command '{cmd}' been sent to arduino.
[2025-02-20 17:14:43,732] 42 root - INFO - Command '{cmd}' been sent to arduino.
[2025-02-20 17:14:46,808] 68 root - INFO - camera shot '{cam_url}' done successfully.
[2025-02-20 17:14:47,935] 42 root - INFO - Command '{cmd}' been sent to arduino.
[2025-02-20 17:14:51,939] 42 root - INFO - Command '{cmd}' been sent to arduino.
