[2025-03-17 11:04:38,016] 18 root - INFO - Models have been loaded..
[2025-03-17 11:04:40,022] 24 root - INFO - Arduino connected..
[2025-03-17 11:04:42,221] 95 root - INFO - Camera shot 'http://192.168.1.103/cam-hi.jpg' captured..
[2025-03-17 11:04:47,335] 59 root - INFO - Command 'O' received response: \U0001f680 System Ready. Waiting for commands....
[2025-03-17 11:04:47,371] 59 root - INFO - Command 'O' received response: Rotating Opening Plate Clockwise.
[2025-03-17 11:04:47,511] 59 root - INFO - Command 'O' received response: Opening Plate Stopped.
[2025-03-17 11:04:48,534] 59 root - INFO - Command 'O' received response: Rotating Opening Plate Counterclockwise.
[2025-03-17 11:04:48,669] 59 root - INFO - Command 'O' received response: Opening Plate Stopped.
[2025-03-17 11:04:49,677] 59 root - INFO - Command 'O' received response: Plate Rotation Completed.
[2025-03-17 11:04:51,721] 59 root - INFO - Command 'MOVE_SINGLE' received response: MOVE_SINGLE WITH SPEED ....
[2025-03-17 11:05:01,916] 113 root - INFO - Camera shot 'http://192.168.1.104/cam-hi.jpg' captured with bounding box.
[2025-03-17 11:05:14,241] 173 root - INFO - Ignored large bounding box: (9, 1, 342, 600).
[2025-03-17 11:05:14,246] 173 root - INFO - Ignored large bounding box: (1, 0, 667, 600).
[2025-03-17 11:05:14,246] 173 root - INFO - Ignored large bounding box: (311, 0, 667, 581).
[2025-03-17 11:05:14,401] 76 root - INFO - Response 'â\x9c\x85 Flag received: 4' sent..
[2025-03-17 11:05:21,563] 113 root - INFO - Camera shot 'http://192.168.1.104/cam-hi.jpg' captured with bounding box.
[2025-03-17 11:05:33,821] 173 root - INFO - Ignored large bounding box: (7, 2, 344, 540).
[2025-03-17 11:05:33,821] 173 root - INFO - Ignored large bounding box: (2, 0, 654, 600).
[2025-03-17 11:05:33,830] 59 root - INFO - Command 'MOVE_MULTI' received response: Rotating plate at full speed....
[2025-03-17 11:05:43,015] 113 root - INFO - Camera shot 'http://192.168.1.104/cam-hi.jpg' captured with bounding box.
[2025-03-17 11:05:55,225] 173 root - INFO - Ignored large bounding box: (2, 0, 341, 599).
[2025-03-17 11:05:55,225] 173 root - INFO - Ignored large bounding box: (0, 0, 663, 600).
[2025-03-17 11:05:55,225] 59 root - INFO - Command 'MOVE_MULTI' received response: MOVE_MULTI WITHOUT SPEED.
[2025-03-17 11:06:04,489] 113 root - INFO - Camera shot 'http://192.168.1.104/cam-hi.jpg' captured with bounding box.
[2025-03-17 11:06:16,664] 173 root - INFO - Ignored large bounding box: (3, 0, 341, 585).
[2025-03-17 11:06:16,664] 173 root - INFO - Ignored large bounding box: (0, 0, 714, 600).
[2025-03-17 11:06:16,668] 173 root - INFO - Ignored large bounding box: (286, 0, 674, 597).
[2025-03-17 11:06:16,673] 59 root - INFO - Command 'MOVE_MULTI' received response: Resuming MULTI_SINGLE....
