[2025-02-27 18:26:09,085] 20 root - INFO - models been read..
[2025-02-27 18:26:11,089] 26 root - INFO - arduino got connected..
[2025-02-27 18:26:17,425] 70 root - INFO - camera shot '{cam_url}' done successfully.
[2025-02-27 18:26:19,517] 82 root - INFO - Class detected: {detected_class}.
[2025-02-27 18:26:20,523] 44 root - INFO - Command 'H' been sent to arduino.
[2025-02-27 18:26:22,528] 44 root - INFO - Command 'C' been sent to arduino.
[2025-02-27 18:26:24,533] 44 root - INFO - Command 'O' been sent to arduino.
[2025-02-27 18:26:27,540] 44 root - INFO - Command 'MOVE' been sent to arduino.
[2025-02-27 18:26:30,673] 70 root - INFO - camera shot '{cam_url}' done successfully.
[2025-02-27 18:26:31,989] 44 root - INFO - Command 'HAND_MOTOR:[]' been sent to arduino.
[2025-02-27 18:26:35,004] 44 root - INFO - Command 'HAND_MOTOR:RESET' been sent to arduino.
[2025-02-27 18:26:37,011] 44 root - INFO - Command 'MOVE' been sent to arduino.
[2025-02-27 18:26:40,149] 70 root - INFO - camera shot '{cam_url}' done successfully.
[2025-02-27 18:26:41,310] 44 root - INFO - Command 'HAND_MOTOR:[]' been sent to arduino.
[2025-02-27 18:26:44,316] 44 root - INFO - Command 'HAND_MOTOR:RESET' been sent to arduino.
[2025-02-27 18:26:46,322] 44 root - INFO - Command 'MOVE' been sent to arduino.
[2025-02-27 18:26:49,447] 70 root - INFO - camera shot '{cam_url}' done successfully.
[2025-02-27 18:26:51,632] 44 root - INFO - Command 'HAND_MOTOR:[]' been sent to arduino.
[2025-02-27 18:26:55,652] 44 root - INFO - Command 'HAND_MOTOR:RESET' been sent to arduino.
[2025-02-27 18:26:58,672] 44 root - INFO - Command 'MOVE' been sent to arduino.
[2025-02-27 18:27:01,794] 70 root - INFO - camera shot '{cam_url}' done successfully.
[2025-02-27 18:27:02,206] 52 root - INFO - response '{response.text}' been sent..
[2025-02-27 18:27:02,207] 140 root - INFO - 5 been sent.
[2025-02-27 18:27:04,214] 44 root - INFO - Command 'HAND_MOTOR:[5]' been sent to arduino.
[2025-02-27 18:27:08,224] 44 root - INFO - Command 'HAND_MOTOR:RESET' been sent to arduino.
