[2025-03-17 11:16:53,839] 18 root - INFO - Models have been loaded..
[2025-03-17 11:16:55,847] 24 root - INFO - Arduino connected..
[2025-03-17 11:16:58,099] 95 root - INFO - Camera shot 'http://192.168.1.103/cam-hi.jpg' captured..
[2025-03-17 11:17:00,708] 59 root - INFO - Command 'O' received response: \U0001f680 System Ready. Waiting for commands....
[2025-03-17 11:17:00,755] 59 root - INFO - Command 'O' received response: Rotating Opening Plate Clockwise.
[2025-03-17 11:17:00,893] 59 root - INFO - Command 'O' received response: Opening Plate Stopped.
[2025-03-17 11:17:01,927] 59 root - INFO - Command 'O' received response: Rotating Opening Plate Counterclockwise.
[2025-03-17 11:17:02,060] 59 root - INFO - Command 'O' received response: Opening Plate Stopped.
[2025-03-17 11:17:03,061] 59 root - INFO - Command 'O' received response: Plate Rotation Completed.
[2025-03-17 11:17:05,114] 59 root - INFO - Command 'MOVE_SINGLE' received response: MOVE_SINGLE WITH SPEED ....
[2025-03-17 11:17:15,351] 113 root - INFO - Camera shot 'http://192.168.1.104/cam-hi.jpg' captured with bounding box.
[2025-03-17 11:17:27,743] 173 root - INFO - Ignored large bounding box: (10, 1, 342, 548).
[2025-03-17 11:17:27,951] 76 root - INFO - Response 'â\x9c\x85 Flag received: 5' sent..
[2025-03-17 11:17:27,956] 59 root - INFO - Command 'MOVE_MULTI' received response: Rotating plate at full speed....
[2025-03-17 11:17:37,019] 113 root - INFO - Camera shot 'http://192.168.1.104/cam-hi.jpg' captured with bounding box.
[2025-03-17 11:17:49,186] 173 root - INFO - Ignored large bounding box: (0, 0, 669, 600).
[2025-03-17 11:17:49,186] 173 root - INFO - Ignored large bounding box: (3, 0, 345, 590).
[2025-03-17 11:17:51,191] 59 root - INFO - Command 'MOVE_MULTI' received response: MOVE_MULTI WITHOUT SPEED.
[2025-03-17 11:17:58,346] 113 root - INFO - Camera shot 'http://192.168.1.104/cam-hi.jpg' captured with bounding box.
[2025-03-17 11:18:10,639] 173 root - INFO - Ignored large bounding box: (14, 0, 338, 506).
[2025-03-17 11:18:10,641] 173 root - INFO - Ignored large bounding box: (0, 0, 670, 600).
[2025-03-17 11:18:10,642] 173 root - INFO - Ignored large bounding box: (302, 1, 663, 596).
[2025-03-17 11:18:12,643] 59 root - INFO - Command 'MOVE_MULTI' received response: Resuming MULTI_SINGLE....
[2025-03-17 11:18:19,726] 113 root - INFO - Camera shot 'http://192.168.1.104/cam-hi.jpg' captured with bounding box.
[2025-03-17 11:18:31,884] 173 root - INFO - Ignored large bounding box: (1, 1, 339, 593).
[2025-03-17 11:18:31,886] 173 root - INFO - Ignored large bounding box: (2, 0, 675, 599).
[2025-03-17 11:18:33,888] 59 root - INFO - Command 'MOVE_MULTI' received response: Rotating plate at 50% speed....
