[2025-03-17 15:58:57,273] 18 root - INFO - Models have been loaded..
[2025-03-17 15:58:59,287] 24 root - INFO - Arduino connected..
[2025-03-17 15:59:01,474] 95 root - INFO - Camera shot 'http://192.168.1.103/cam-hi.jpg' captured..
[2025-03-17 15:59:02,894] 59 root - INFO - Command 'O' received response: \U0001f680 System Ready. Waiting for commands....
[2025-03-17 15:59:02,927] 59 root - INFO - Command 'O' received response: Rotating Opening Plate Clockwise.
[2025-03-17 15:59:03,062] 59 root - INFO - Command 'O' received response: Opening Plate Stopped.
[2025-03-17 15:59:04,094] 59 root - INFO - Command 'O' received response: Rotating Opening Plate Counterclockwise.
[2025-03-17 15:59:04,227] 59 root - INFO - Command 'O' received response: Opening Plate Stopped.
[2025-03-17 15:59:05,236] 59 root - INFO - Command 'O' received response: Plate Rotation Completed.
[2025-03-17 15:59:07,293] 59 root - INFO - Command 'MOVE_SINGLE' received response: MOVE_SINGLE WITH SPEED ....
[2025-03-17 15:59:17,517] 113 root - INFO - Camera shot 'http://192.168.1.104/cam-hi.jpg' captured with bounding box.
[2025-03-17 15:59:29,717] 173 root - INFO - Ignored large bounding box: (6, 0, 339, 507) and class nonbiogasready.
[2025-03-17 15:59:29,724] 59 root - INFO - Command 'FLAG_5' received response: Rotating plate at full speed....
[2025-03-17 15:59:36,302] 59 root - INFO - Command 'MOVE_MULTI' received response: MOVE_MULTI WITHOUT SPEED.
[2025-03-17 15:59:43,443] 113 root - INFO - Camera shot 'http://192.168.1.104/cam-hi.jpg' captured with bounding box.
[2025-03-17 15:59:55,594] 173 root - INFO - Ignored large bounding box: (1, 0, 341, 600) and class nonbiogasready.
[2025-03-17 15:59:55,594] 173 root - INFO - Ignored large bounding box: (0, 0, 678, 600) and class nonbiogasready.
[2025-03-17 15:59:57,600] 59 root - INFO - Command 'MOVE_MULTI' received response: Rotating plate at 50% speed....
[2025-03-17 16:00:04,717] 113 root - INFO - Camera shot 'http://192.168.1.104/cam-hi.jpg' captured with bounding box.
[2025-03-17 16:00:16,844] 173 root - INFO - Ignored large bounding box: (2, 0, 342, 572) and class nonbiogasready.
[2025-03-17 16:00:16,844] 173 root - INFO - Ignored large bounding box: (0, 0, 696, 600) and class nonbiogasready.
[2025-03-17 16:00:18,848] 59 root - INFO - Command 'MOVE_MULTI' received response: MOVE_MULTI WITHOUT SPEED.
[2025-03-17 16:00:26,011] 113 root - INFO - Camera shot 'http://192.168.1.104/cam-hi.jpg' captured with bounding box.
[2025-03-17 16:00:38,116] 173 root - INFO - Ignored large bounding box: (0, 1, 672, 600) and class nonbiogasready.
[2025-03-17 16:00:38,118] 173 root - INFO - Ignored large bounding box: (3, 1, 342, 552) and class nonbiogasready.
[2025-03-17 16:00:40,124] 59 root - INFO - Command 'MOVE_MULTI' received response: Rotating plate at 50% speed....
