[2025-03-17 11:41:31,600] 18 root - INFO - Models have been loaded..
[2025-03-17 11:41:33,604] 24 root - INFO - Arduino connected..
[2025-03-17 11:41:36,128] 95 root - INFO - Camera shot 'http://192.168.1.103/cam-hi.jpg' captured..
[2025-03-17 11:41:40,886] 59 root - INFO - Command 'H' received response: \U0001f680 System Ready. Waiting for commands....
[2025-03-17 11:41:40,915] 59 root - INFO - Command 'H' received response: Hand Pressure Activated.
[2025-03-17 11:41:45,425] 59 root - INFO - Command 'C' received response: Cutter Complete.
[2025-03-17 11:41:46,445] 59 root - INFO - Command 'O' received response: Rotating Opening Plate Clockwise.
[2025-03-17 11:41:46,593] 59 root - INFO - Command 'O' received response: Opening Plate Stopped.
[2025-03-17 11:41:47,621] 59 root - INFO - Command 'O' received response: Rotating Opening Plate Counterclockwise.
[2025-03-17 11:41:47,742] 59 root - INFO - Command 'O' received response: Opening Plate Stopped.
[2025-03-17 11:41:48,761] 59 root - INFO - Command 'O' received response: Plate Rotation Completed.
[2025-03-17 11:41:50,803] 59 root - INFO - Command 'MOVE_SINGLE' received response: MOVE_SINGLE WITH SPEED ....
[2025-03-17 11:42:00,975] 113 root - INFO - Camera shot 'http://192.168.1.104/cam-hi.jpg' captured with bounding box.
[2025-03-17 11:42:13,375] 173 root - INFO - Ignored large bounding box: (14, 0, 760, 599).
[2025-03-17 11:42:13,505] 76 root - INFO - Response 'â\x9c\x85 Flag received: 5' sent..
[2025-03-17 11:42:13,508] 59 root - INFO - Command 'MOVE_MULTI' received response: Rotating plate at full speed....
[2025-03-17 11:42:22,735] 113 root - INFO - Camera shot 'http://192.168.1.104/cam-hi.jpg' captured with bounding box.
[2025-03-17 11:42:35,035] 173 root - INFO - Ignored large bounding box: (1, 1, 339, 591).
[2025-03-17 11:42:35,035] 173 root - INFO - Ignored large bounding box: (0, 0, 693, 595).
[2025-03-17 11:42:37,041] 59 root - INFO - Command 'MOVE_MULTI' received response: MOVE_MULTI WITHOUT SPEED.
[2025-03-17 11:42:44,203] 113 root - INFO - Camera shot 'http://192.168.1.104/cam-hi.jpg' captured with bounding box.
[2025-03-17 11:42:56,366] 173 root - INFO - Ignored large bounding box: (52, 0, 666, 595).
[2025-03-17 11:42:56,366] 173 root - INFO - Ignored large bounding box: (261, 0, 667, 595).
[2025-03-17 11:42:56,366] 173 root - INFO - Ignored large bounding box: (6, 0, 344, 518).
[2025-03-17 11:42:58,373] 59 root - INFO - Command 'MOVE_MULTI' received response: Resuming MULTI_SINGLE....
[2025-03-17 11:43:05,479] 113 root - INFO - Camera shot 'http://192.168.1.104/cam-hi.jpg' captured with bounding box.
