[2025-02-27 18:19:16,693] 20 root - INFO - models been read..
[2025-02-27 18:19:18,696] 26 root - INFO - arduino got connected..
[2025-02-27 18:19:20,922] 70 root - INFO - camera shot '{cam_url}' done successfully.
[2025-02-27 18:19:23,023] 82 root - INFO - Class detected: {detected_class}.
[2025-02-27 18:19:24,028] 44 root - INFO - Command 'H' been sent to arduino.
[2025-02-27 18:19:26,032] 44 root - INFO - Command 'C' been sent to arduino.
[2025-02-27 18:19:28,037] 44 root - INFO - Command 'O' been sent to arduino.
[2025-02-27 18:19:31,044] 44 root - INFO - Command 'MOVE' been sent to arduino.
[2025-02-27 18:19:34,209] 70 root - INFO - camera shot '{cam_url}' done successfully.
[2025-02-27 18:19:35,528] 44 root - INFO - Command 'HAND_MOTOR:[]' been sent to arduino.
[2025-02-27 18:19:38,533] 44 root - INFO - Command 'HAND_MOTOR:RESET' been sent to arduino.
[2025-02-27 18:19:40,539] 44 root - INFO - Command 'MOVE' been sent to arduino.
[2025-02-27 18:19:43,670] 70 root - INFO - camera shot '{cam_url}' done successfully.
[2025-02-27 18:19:44,834] 44 root - INFO - Command 'HAND_MOTOR:[]' been sent to arduino.
[2025-02-27 18:19:47,840] 44 root - INFO - Command 'HAND_MOTOR:RESET' been sent to arduino.
[2025-02-27 18:19:49,846] 44 root - INFO - Command 'MOVE' been sent to arduino.
[2025-02-27 18:19:52,997] 70 root - INFO - camera shot '{cam_url}' done successfully.
[2025-02-27 18:19:55,166] 44 root - INFO - Command 'HAND_MOTOR:[]' been sent to arduino.
[2025-02-27 18:19:59,180] 44 root - INFO - Command 'HAND_MOTOR:RESET' been sent to arduino.
[2025-02-27 18:20:02,191] 44 root - INFO - Command 'MOVE' been sent to arduino.
[2025-02-27 18:20:05,323] 70 root - INFO - camera shot '{cam_url}' done successfully.
[2025-02-27 18:20:07,485] 44 root - INFO - Command 'HAND_MOTOR:[]' been sent to arduino.
[2025-02-27 18:20:11,504] 44 root - INFO - Command 'HAND_MOTOR:RESET' been sent to arduino.
