[2025-02-27 14:44:11,341] 18 root - INFO - models been read..
[2025-02-27 14:44:13,344] 24 root - INFO - arduino got connected..
[2025-02-27 14:44:15,533] 68 root - INFO - camera shot '{cam_url}' done successfully.
[2025-02-27 14:44:16,914] 80 root - INFO - Class detected: {detected_class}.
[2025-02-27 14:44:16,914] 97 root - INFO - first camera did its work.
[2025-02-27 14:44:17,919] 42 root - INFO - Command '{cmd}' been sent to arduino.
[2025-02-27 14:44:18,923] 42 root - INFO - Command '{cmd}' been sent to arduino.
[2025-02-27 14:44:20,929] 42 root - INFO - Command '{cmd}' been sent to arduino.
[2025-02-27 14:44:23,979] 42 root - INFO - Command '{cmd}' been sent to arduino.
[2025-02-27 14:44:27,329] 68 root - INFO - camera shot '{cam_url}' done successfully.
[2025-02-27 14:44:27,658] 50 root - INFO - response '{response.text}' been sent..
[2025-02-27 14:44:27,659] 136 root - INFO - {selected_flag} been sent.
[2025-02-27 14:44:28,662] 42 root - INFO - Command '{cmd}' been sent to arduino.
[2025-02-27 14:44:32,668] 42 root - INFO - Command '{cmd}' been sent to arduino.
[2025-02-27 14:44:34,675] 42 root - INFO - Command '{cmd}' been sent to arduino.
[2025-02-27 14:44:37,772] 68 root - INFO - camera shot '{cam_url}' done successfully.
[2025-02-27 14:44:37,934] 50 root - INFO - response '{response.text}' been sent..
[2025-02-27 14:44:37,934] 136 root - INFO - {selected_flag} been sent.
[2025-02-27 14:44:39,944] 42 root - INFO - Command '{cmd}' been sent to arduino.
[2025-02-27 14:44:43,959] 42 root - INFO - Command '{cmd}' been sent to arduino.
[2025-02-27 14:44:46,974] 42 root - INFO - Command '{cmd}' been sent to arduino.
[2025-02-27 14:44:50,063] 68 root - INFO - camera shot '{cam_url}' done successfully.
[2025-02-27 14:44:51,246] 42 root - INFO - Command '{cmd}' been sent to arduino.
[2025-02-27 14:44:55,252] 42 root - INFO - Command '{cmd}' been sent to arduino.
[2025-02-27 14:44:58,255] 42 root - INFO - Command '{cmd}' been sent to arduino.
[2025-02-27 14:45:01,339] 68 root - INFO - camera shot '{cam_url}' done successfully.
[2025-02-27 14:45:02,521] 42 root - INFO - Command '{cmd}' been sent to arduino.
[2025-02-27 14:45:06,533] 42 root - INFO - Command '{cmd}' been sent to arduino.
