[2025-02-26 16:37:16,557] 18 root - INFO - models been read..
[2025-02-26 16:37:18,560] 24 root - INFO - arduino got connected..
[2025-02-26 16:37:21,761] 68 root - INFO - camera shot '{cam_url}' done successfully.
[2025-02-26 16:37:23,127] 80 root - INFO - Class detected: {detected_class}.
[2025-02-26 16:37:23,127] 97 root - INFO - first camera did its work.
[2025-02-26 16:37:24,131] 42 root - INFO - Command '{cmd}' been sent to arduino.
[2025-02-26 16:37:26,150] 42 root - INFO - Command '{cmd}' been sent to arduino.
[2025-02-26 16:37:27,196] 42 root - INFO - Command '{cmd}' been sent to arduino.
[2025-02-26 16:37:30,201] 42 root - INFO - Command '{cmd}' been sent to arduino.
[2025-02-26 16:37:33,328] 68 root - INFO - camera shot '{cam_url}' done successfully.
[2025-02-26 16:37:33,690] 50 root - INFO - response '{response.text}' been sent..
[2025-02-26 16:37:33,691] 136 root - INFO - {selected_flag} been sent.
[2025-02-26 16:37:34,695] 42 root - INFO - Command '{cmd}' been sent to arduino.
[2025-02-26 16:37:37,700] 42 root - INFO - Command '{cmd}' been sent to arduino.
[2025-02-26 16:37:39,704] 42 root - INFO - Command '{cmd}' been sent to arduino.
[2025-02-26 16:37:42,778] 68 root - INFO - camera shot '{cam_url}' done successfully.
[2025-02-26 16:37:43,880] 42 root - INFO - Command '{cmd}' been sent to arduino.
[2025-02-26 16:37:46,886] 42 root - INFO - Command '{cmd}' been sent to arduino.
[2025-02-26 16:37:49,898] 42 root - INFO - Command '{cmd}' been sent to arduino.
[2025-02-26 16:37:53,024] 68 root - INFO - camera shot '{cam_url}' done successfully.
[2025-02-26 16:37:53,244] 50 root - INFO - response '{response.text}' been sent..
[2025-02-26 16:37:53,244] 136 root - INFO - {selected_flag} been sent.
[2025-02-26 16:37:54,248] 42 root - INFO - Command '{cmd}' been sent to arduino.
[2025-02-26 16:37:58,267] 42 root - INFO - Command '{cmd}' been sent to arduino.
[2025-02-26 16:38:01,279] 42 root - INFO - Command '{cmd}' been sent to arduino.
[2025-02-26 16:38:05,398] 68 root - INFO - camera shot '{cam_url}' done successfully.
[2025-02-26 16:38:05,627] 50 root - INFO - response '{response.text}' been sent..
[2025-02-26 16:38:05,628] 136 root - INFO - {selected_flag} been sent.
[2025-02-26 16:38:06,793] 42 root - INFO - Command '{cmd}' been sent to arduino.
[2025-02-26 16:38:10,808] 42 root - INFO - Command '{cmd}' been sent to arduino.
