[2025-03-04 15:17:27,397] 18 root - INFO - Models have been loaded..
[2025-03-04 15:17:29,400] 24 root - INFO - Arduino connected..
[2025-03-04 15:17:31,707] 67 root - INFO - Camera shot 'http://192.168.1.103/cam-hi.jpg' captured with bounding box.
[2025-03-04 15:17:34,106] 42 root - INFO - Command 'H' sent to Arduino.
[2025-03-04 15:17:35,611] 42 root - INFO - Command 'C' sent to Arduino.
[2025-03-04 15:17:37,115] 42 root - INFO - Command 'O' sent to Arduino.
[2025-03-04 15:17:40,121] 42 root - INFO - Command 'MOVE' sent to Arduino.
[2025-03-04 15:17:43,313] 88 root - INFO - Camera shot 'http://192.168.1.104/cam-hi.jpg' captured with bounding box.
[2025-03-04 15:17:43,677] 50 root - INFO - Response 'â\x9c\x85 Flag received: 4' sent..
[2025-03-04 15:17:43,678] 155 root - INFO - 4 been sent.
[2025-03-04 15:17:44,681] 42 root - INFO - Command 'MOVE' sent to Arduino.
[2025-03-04 15:17:45,410] 50 root - INFO - Response 'â\x9c\x85 Flag received: 4' sent..
[2025-03-04 15:17:45,410] 155 root - INFO - 4 been sent.
[2025-03-04 15:17:46,414] 42 root - INFO - Command 'MOVE' sent to Arduino.
[2025-03-04 15:17:47,085] 50 root - INFO - Response 'â\x9c\x85 Flag received: 4' sent..
[2025-03-04 15:17:47,085] 155 root - INFO - 4 been sent.
[2025-03-04 15:17:48,089] 42 root - INFO - Command 'MOVE' sent to Arduino.
[2025-03-04 15:17:48,785] 50 root - INFO - Response 'â\x9c\x85 Flag received: 4' sent..
[2025-03-04 15:17:48,786] 155 root - INFO - 4 been sent.
[2025-03-04 15:17:49,788] 42 root - INFO - Command 'MOVE' sent to Arduino.
[2025-03-04 15:17:50,456] 50 root - INFO - Response 'â\x9c\x85 Flag received: 4' sent..
[2025-03-04 15:17:50,457] 155 root - INFO - 4 been sent.
[2025-03-04 15:17:51,460] 42 root - INFO - Command 'MOVE' sent to Arduino.
